Log file open, 12/12/18 07:54:51
LogWindows: Failed to load 'aqProf.dll' (GetLastError=126)
LogWindows: File 'aqProf.dll' does not exist
LogWindows: Failed to load 'VSPerf140.dll' (GetLastError=126)
LogWindows: File 'VSPerf140.dll' does not exist
LogWindows: Failed to load 'VtuneApi.dll' (GetLastError=126)
LogWindows: File 'VtuneApi.dll' does not exist
LogWindows: Failed to load 'VtuneApi32e.dll' (GetLastError=126)
LogWindows: File 'VtuneApi32e.dll' does not exist
LogInit: Display: Running engine for game: project4
LogPlatformFile: Not using cached read wrapper
LogTaskGraph: Started task graph with 5 named threads and 23 total threads with 3 sets of task threads.
LogStats: Stats thread started at 0.294970
LogD3D11RHI: Loaded GFSDK_Aftermath_Lib.x64.dll
LogICUInternationalization: Display: ICU TimeZone Detection - Raw Offset: -5:00, Platform Override: ''
LogPluginManager: Mounting plugin Paper2D
LogPluginManager: Mounting plugin AISupport
LogPluginManager: Mounting plugin LightPropagationVolume
LogPluginManager: Mounting plugin CLionSourceCodeAccess
LogPluginManager: Mounting plugin CodeLiteSourceCodeAccess
LogPluginManager: Mounting plugin GitSourceControl
LogPluginManager: Mounting plugin KDevelopSourceCodeAccess
LogPluginManager: Mounting plugin NullSourceCodeAccess
LogPluginManager: Mounting plugin PerforceSourceControl
LogPluginManager: Mounting plugin SubversionSourceControl
LogPluginManager: Mounting plugin UObjectPlugin
LogPluginManager: Mounting plugin VisualStudioCodeSourceCodeAccess
LogPluginManager: Mounting plugin VisualStudioSourceCodeAccess
LogPluginManager: Mounting plugin XCodeSourceCodeAccess
LogPluginManager: Mounting plugin AssetManagerEditor
LogPluginManager: Mounting plugin CryptoKeys
LogPluginManager: Mounting plugin DataValidation
LogPluginManager: Mounting plugin FacialAnimation
LogPluginManager: Mounting plugin GameplayTagsEditor
LogPluginManager: Mounting plugin MacGraphicsSwitching
LogPluginManager: Mounting plugin MeshEditor
LogPluginManager: Mounting plugin MobileLauncherProfileWizard
LogPluginManager: Mounting plugin PluginBrowser
LogPluginManager: Mounting plugin SpeedTreeImporter
LogPluginManager: Mounting plugin DatasmithContent
LogPluginManager: Mounting plugin AlembicImporter
LogPluginManager: Mounting plugin AppleImageUtils
LogPluginManager: Mounting plugin AppleVision
LogPluginManager: Mounting plugin BackChannel
LogPluginManager: Mounting plugin CharacterAI
LogPluginManager: Mounting plugin GeometryCache
LogPluginManager: Mounting plugin HTML5Networking
LogPluginManager: Mounting plugin ProxyLODPlugin
LogPluginManager: Mounting plugin MagicLeap
LogPluginManager: Mounting plugin MagicLeapEmulator
LogPluginManager: Mounting plugin MagicLeapMedia
LogPluginManager: Mounting plugin AndroidMedia
LogPluginManager: Mounting plugin AvfMedia
LogPluginManager: Mounting plugin ImgMedia
LogPluginManager: Mounting plugin LinearTimecode
LogPluginManager: Mounting plugin MediaCompositing
LogPluginManager: Mounting plugin MediaPlayerEditor
LogPluginManager: Mounting plugin WmfMedia
LogPluginManager: Mounting plugin TcpMessaging
LogPluginManager: Mounting plugin UdpMessaging
LogPluginManager: Mounting plugin ActorSequence
LogPluginManager: Mounting plugin LevelSequenceEditor
LogPluginManager: Mounting plugin MatineeToLevelSequence
LogPluginManager: Mounting plugin NetcodeUnitTest
LogPluginManager: Mounting plugin NUTUnrealEngine4
LogPluginManager: Mounting plugin OnlineSubsystemGooglePlay
LogPluginManager: Mounting plugin OnlineSubsystemIOS
LogPluginManager: Mounting plugin OnlineSubsystem
LogPluginManager: Mounting plugin OnlineSubsystemNull
LogPluginManager: Mounting plugin OnlineSubsystemUtils
LogPluginManager: Mounting plugin LauncherChunkInstaller
LogPluginManager: Mounting plugin AndroidDeviceProfileSelector
LogPluginManager: Mounting plugin AndroidMoviePlayer
LogPluginManager: Mounting plugin AndroidPermission
LogPluginManager: Mounting plugin AppleMoviePlayer
LogPluginManager: Mounting plugin ArchVisCharacter
LogPluginManager: Mounting plugin AudioCapture
LogPluginManager: Mounting plugin CableComponent
LogPluginManager: Mounting plugin CustomMeshComponent
LogPluginManager: Mounting plugin EditableMesh
LogPluginManager: Mounting plugin ExampleDeviceProfileSelector
LogPluginManager: Mounting plugin GoogleCloudMessaging
LogPluginManager: Mounting plugin ImmediatePhysics
LogPluginManager: Mounting plugin IOSDeviceProfileSelector
LogPluginManager: Mounting plugin LinuxDeviceProfileSelector
LogPluginManager: Mounting plugin LocationServicesBPLibrary
LogPluginManager: Mounting plugin MobilePatchingUtils
LogPluginManager: Mounting plugin OculusVR
LogPluginManager: Plugin shader directory ../../../Engine/Plugins/Runtime/Oculus/OculusVR/Shaders found
LogPluginManager: Mapping shader source directory ../../../Engine/Plugins/Runtime/Oculus/OculusVR/Shaders to virtual directory /Plugin/OculusVR
LogPluginManager: Mounting plugin PhysXVehicles
LogPluginManager: Mounting plugin ProceduralMeshComponent
LogPluginManager: Mounting plugin RuntimePhysXCooking
LogPluginManager: Mounting plugin SteamVR
LogPluginManager: Mounting plugin WindowsMoviePlayer
LogStreaming: Display: Took  0.155s to configure plugins.
LogInit: Using libcurl 7.55.1-DEV
LogInit:  - built for x86_64-pc-win32
LogInit:  - supports SSL with OpenSSL/1.0.2h
LogInit:  - supports HTTP deflate (compression) using libz 1.2.8
LogInit:  - other features:
LogInit:      CURL_VERSION_SSL
LogInit:      CURL_VERSION_LIBZ
LogInit:      CURL_VERSION_IPV6
LogInit:      CURL_VERSION_ASYNCHDNS
LogInit:      CURL_VERSION_LARGEFILE
LogInit:      CURL_VERSION_IDN
LogInit:  CurlRequestOptions (configurable via config and command line):
LogInit:  - bVerifyPeer = false  - Libcurl will NOT verify peer certificate
LogInit:  - bUseHttpProxy = false  - Libcurl will NOT use HTTP proxy
LogInit:  - bDontReuseConnections = false  - Libcurl will reuse connections
LogInit:  - CertBundlePath = nullptr  - Libcurl will use whatever was configured at build time.
LogInit:  - MaxHostConnections = 16  - Libcurl will limit the number of connections to a host
LogInit:  - LocalHostAddr = Default
LogInit:  - BufferSize = 65536
LogInit: WinSock: version 1.1 (2.2), MaxSocks=32767, MaxUdp=65467
LogInit: Build: ++UE4+Release-4.20-CL-4369336
LogInit: Engine Version: 4.20.3-4369336+++UE4+Release-4.20
LogInit: Compatible Engine Version: 4.20.0-4212847+++UE4+Release-4.20
LogInit: Net CL: 4212847
LogInit: OS: Windows 10 (), CPU: Intel(R) Core(TM) i7-6700HQ CPU @ 2.60GHz, GPU: Intel(R) HD Graphics 530
LogInit: Compiled (64-bit): Sep 17 2018 12:26:19
LogInit: Compiled with Visual C++: 19.13.26129.00
LogInit: Build Configuration: Development
LogInit: Branch Name: ++UE4+Release-4.20
LogInit: Command Line:  
LogInit: Base Directory: C:/Program Files/Epic Games/UE_4.20/Engine/Binaries/Win64/
LogInit: Installed Engine Build: 1
LogDevObjectVersion: Number of dev versions registered: 20
LogDevObjectVersion:   Dev-Blueprints (B0D832E4-1F89-4F0D-ACCF-7EB736FD4AA2): 10
LogDevObjectVersion:   Dev-Build (E1C64328-A22C-4D53-A36C-8E866417BD8C): 0
LogDevObjectVersion:   Dev-Core (375EC13C-06E4-48FB-B500-84F0262A717E): 2
LogDevObjectVersion:   Dev-Editor (E4B068ED-F494-42E9-A231-DA0B2E46BB41): 24
LogDevObjectVersion:   Dev-Framework (CFFC743F-43B0-4480-9391-14DF171D2073): 34
LogDevObjectVersion:   Dev-Mobile (B02B49B5-BB20-44E9-A304-32B752E40360): 2
LogDevObjectVersion:   Dev-Networking (A4E4105C-59A1-49B5-A7C5-40C4547EDFEE): 0
LogDevObjectVersion:   Dev-Online (39C831C9-5AE6-47DC-9A44-9C173E1C8E7C): 0
LogDevObjectVersion:   Dev-Physics (78F01B33-EBEA-4F98-B9B4-84EACCB95AA2): 0
LogDevObjectVersion:   Dev-Platform (6631380F-2D4D-43E0-8009-CF276956A95A): 0
LogDevObjectVersion:   Dev-Rendering (12F88B9F-8875-4AFC-A67C-D90C383ABD29): 26
LogDevObjectVersion:   Dev-Sequencer (7B5AE74C-D270-4C10-A958-57980B212A5A): 9
LogDevObjectVersion:   Dev-VR (D7296918-1DD6-4BDD-9DE2-64A83CC13884): 2
LogDevObjectVersion:   Dev-LoadTimes (C2A15278-BFE7-4AFE-6C17-90FF531DF755): 1
LogDevObjectVersion:   Private-Geometry (6EACA3D4-40EC-4CC1-B786-8BED09428FC5): 3
LogDevObjectVersion:   Dev-AnimPhys (29E575DD-E0A3-4627-9D10-D276232CDCEA): 17
LogDevObjectVersion:   Dev-ReflectionCapture (6B266CEC-1EC7-4B8F-A30B-E4D90942FC07): 1
LogDevObjectVersion:   Dev-Automation (0DF73D61-A23F-47EA-B727-89E90C41499A): 1
LogDevObjectVersion:   FortniteMain (601D1886-AC64-4F84-AA16-D3DE0DEAC7D6): 12
LogDevObjectVersion:   Dev-Enterprise (9DFFBCD6-494F-0158-E221-12823C92A888): 1
LogStreaming: Display: Took  0.004s to delete old logs.
LogInit: Presizing for max 8388607 objects, including 0 objects not considered by GC, pre-allocating 0 bytes for permanent pool.
LogInit: Object subsystem initialized
[2018.12.12-12.54.51:904][  0]LogInit: Selected Device Profile: [Windows]
[2018.12.12-12.54.51:904][  0]LogInit: Applying CVar settings loaded from the selected device profile: [Windows]
[2018.12.12-12.54.51:925][  0]LogHAL: Display: Platform has ~ 16 GB [16964722688 / 17179869184 / 16], which maps to Larger [LargestMinGB=32, LargerMinGB=12, DefaultMinGB=8, SmallerMinGB=6, SmallestMinGB=0)
[2018.12.12-12.54.51:926][  0]LogInit: Setting Device Profile CVar: [[r.Vulkan.UseRealUBs:1]]
[2018.12.12-12.54.51:926][  0]LogInit: Going up to parent DeviceProfile []
[2018.12.12-12.54.51:926][  0]LogInit: Computer: DESKTOP-29V9P4N
[2018.12.12-12.54.51:926][  0]LogInit: User: Leonardo
[2018.12.12-12.54.51:926][  0]LogInit: CPU Page size=4096, Cores=4
[2018.12.12-12.54.51:926][  0]LogInit: High frequency timer resolution =2.531249 MHz
[2018.12.12-12.54.51:927][  0]LogMemory: Memory total: Physical=15.8GB (16GB approx)
[2018.12.12-12.54.51:927][  0]LogMemory: Platform Memory Stats for Windows
[2018.12.12-12.54.51:927][  0]LogMemory: Process Physical Memory: 101.84 MB used, 101.84 MB peak
[2018.12.12-12.54.51:927][  0]LogMemory: Process Virtual Memory: 93.23 MB used, 93.23 MB peak
[2018.12.12-12.54.51:927][  0]LogMemory: Physical Memory: 8953.20 MB used,  7225.62 MB free, 16178.82 MB total
[2018.12.12-12.54.51:927][  0]LogMemory: Virtual Memory: 4642.93 MB used,  7225.62 MB free, 134217728.00 MB total
[2018.12.12-12.54.52:204][  0]LogInit: Using OS detected language (en-US).
[2018.12.12-12.54.52:204][  0]LogInit: Using OS detected locale (en-US).
[2018.12.12-12.54.52:205][  0]LogTextLocalizationManager: No specific localization for 'en-US' exists, so the 'en' localization will be used.
[2018.12.12-12.54.52:657][  0]LogStreaming: Display: Took  0.455s to InitEngineTextLocalization.
[2018.12.12-12.54.52:658][  0]LogInit: Setting process to per monitor DPI aware
[2018.12.12-12.54.52:708][  0]LogSlate: New Slate User Created.  User Index 0, Is Virtual User: 0
[2018.12.12-12.54.52:708][  0]LogSlate: Slate User Registered.  User Index 0, Is Virtual User: 0
[2018.12.12-12.54.52:961][  0]LogHMD: Failed to initialize OpenVR with code 110
[2018.12.12-12.54.52:961][  0]LogD3D11RHI: D3D11 adapters:
[2018.12.12-12.54.53:028][  0]LogD3D11RHI:    0. 'NVIDIA GeForce GTX 960M' (Feature Level 11_0)
[2018.12.12-12.54.53:028][  0]LogD3D11RHI:       2010/0/8089 MB DedicatedVideo/DedicatedSystem/SharedSystem, Outputs:1, VendorId:0x10de
[2018.12.12-12.54.53:039][  0]LogD3D11RHI:    1. 'Intel(R) HD Graphics 530' (Feature Level 11_0)
[2018.12.12-12.54.53:039][  0]LogD3D11RHI:       128/0/8089 MB DedicatedVideo/DedicatedSystem/SharedSystem, Outputs:0, VendorId:0x8086
[2018.12.12-12.54.53:041][  0]LogD3D11RHI:    2. 'Microsoft Basic Render Driver' (Feature Level 11_0)
[2018.12.12-12.54.53:041][  0]LogD3D11RHI:       0/0/8089 MB DedicatedVideo/DedicatedSystem/SharedSystem, Outputs:0, VendorId:0x1414
[2018.12.12-12.54.53:041][  0]LogD3D11RHI: Chosen D3D11 Adapter: 0
[2018.12.12-12.54.53:084][  0]LogD3D11RHI: Creating new Direct3DDevice
[2018.12.12-12.54.53:084][  0]LogD3D11RHI:     GPU DeviceId: 0x139b (for the marketing name, search the web for "GPU Device Id")
[2018.12.12-12.54.53:084][  0]LogWindows: EnumDisplayDevices:
[2018.12.12-12.54.53:084][  0]LogWindows:    0. 'Intel(R) HD Graphics 530' (P:1 D:1)
[2018.12.12-12.54.53:085][  0]LogWindows:    1. 'Intel(R) HD Graphics 530' (P:0 D:0)
[2018.12.12-12.54.53:086][  0]LogWindows:    2. 'Intel(R) HD Graphics 530' (P:0 D:0)
[2018.12.12-12.54.53:087][  0]LogWindows: DebugString: PrimaryIsNotTheChoosenAdapter PrimaryIsNotTheChoosenAdapter PrimaryIsNotTheChoosenAdapter FoundDriverCount:0 
[2018.12.12-12.54.53:087][  0]LogD3D11RHI:     Adapter Name: NVIDIA GeForce GTX 960M
[2018.12.12-12.54.53:087][  0]LogD3D11RHI:   Driver Version: Unknown (internal:Unknown, unified:Unknown)
[2018.12.12-12.54.53:087][  0]LogD3D11RHI:      Driver Date: Unknown
[2018.12.12-12.54.53:087][  0]LogRHI: Texture pool is 1407 MB (70% of 2010 MB)
[2018.12.12-12.54.53:131][  0]LogD3D11RHI: Async texture creation enabled
[2018.12.12-12.54.53:149][  0]LogD3D11RHI: GPU Timing Frequency: 1000.000000 (Debug: 2 2)
[2018.12.12-12.54.53:150][  0]LogShaderCompilers: Guid format shader working directory is -35 characters bigger than the processId version (../../../../../../Users/Leonardo/Documents/git hub/GD1Project4/GD_project4/project4/Intermediate/Shaders/WorkingDirectory/23116/).
[2018.12.12-12.54.53:150][  0]LogShaderCompilers: Cleaned the shader compiler working directory 'C:/Users/Leonardo/AppData/Local/Temp/UnrealShaderWorkingDir/E98DD9D24451EB1A2BA204BBB14C4238/'.
[2018.12.12-12.54.53:546][  0]LogTemp: Display: Loaded TP AllDesktopTargetPlatform
[2018.12.12-12.54.53:564][  0]LogTemp: Display: Loaded TP MacClientTargetPlatform
[2018.12.12-12.54.53:584][  0]LogTemp: Display: Loaded TP MacNoEditorTargetPlatform
[2018.12.12-12.54.53:607][  0]LogTemp: Display: Loaded TP MacServerTargetPlatform
[2018.12.12-12.54.53:625][  0]LogTemp: Display: Loaded TP MacTargetPlatform
[2018.12.12-12.54.53:647][  0]LogTemp: Display: Loaded TP WindowsClientTargetPlatform
[2018.12.12-12.54.53:666][  0]LogTemp: Display: Loaded TP WindowsNoEditorTargetPlatform
[2018.12.12-12.54.53:685][  0]LogTemp: Display: Loaded TP WindowsServerTargetPlatform
[2018.12.12-12.54.53:693][  0]LogTemp: Display: Loaded TP WindowsTargetPlatform
[2018.12.12-12.54.53:803][  0]LogTemp: Display: Loaded TP AndroidTargetPlatform
[2018.12.12-12.54.53:803][  0]LogTemp: Display: Loaded TP AndroidTargetPlatform
[2018.12.12-12.54.53:803][  0]LogTemp: Display: Loaded TP AndroidTargetPlatform
[2018.12.12-12.54.53:803][  0]LogTemp: Display: Loaded TP AndroidTargetPlatform
[2018.12.12-12.54.53:803][  0]LogTemp: Display: Loaded TP AndroidTargetPlatform
[2018.12.12-12.54.53:803][  0]LogTemp: Display: Loaded TP AndroidTargetPlatform
[2018.12.12-12.54.53:804][  0]LogTemp: Display: Loaded TP AndroidTargetPlatform
[2018.12.12-12.54.53:804][  0]LogTemp: Display: Loaded TP AndroidTargetPlatform
[2018.12.12-12.54.53:804][  0]LogTemp: Display: Loaded TP AndroidTargetPlatform
[2018.12.12-12.54.53:804][  0]LogTemp: Display: Loaded TP AndroidTargetPlatform
[2018.12.12-12.54.53:804][  0]LogTemp: Display: Loaded TP AndroidTargetPlatform
[2018.12.12-12.54.53:804][  0]LogTemp: Display: Loaded TP AndroidTargetPlatform
[2018.12.12-12.54.53:804][  0]LogTemp: Display: Loaded TP AndroidTargetPlatform
[2018.12.12-12.54.53:804][  0]LogTemp: Display: Loaded TP AndroidTargetPlatform
[2018.12.12-12.54.53:804][  0]LogTemp: Display: Loaded TP AndroidTargetPlatform
[2018.12.12-12.54.53:804][  0]LogTemp: Display: Loaded TP AndroidTargetPlatform
[2018.12.12-12.54.53:804][  0]LogTemp: Display: Loaded TP AndroidTargetPlatform
[2018.12.12-12.54.53:804][  0]LogTemp: Display: Loaded TP AndroidTargetPlatform
[2018.12.12-12.54.53:805][  0]LogTemp: Display: Loaded TP HTML5TargetPlatform
[2018.12.12-12.54.53:881][  0]LogTemp: Display: Loaded TP IOSTargetPlatform
[2018.12.12-12.54.53:881][  0]LogTemp: Display: Loaded TP IOSTargetPlatform
[2018.12.12-12.54.53:910][  0]LogTemp: Display: Loaded TP TVOSTargetPlatform
[2018.12.12-12.54.53:910][  0]LogTemp: Display: Loaded TP TVOSTargetPlatform
[2018.12.12-12.54.53:925][  0]LogTemp: Display: Loaded TP LinuxClientTargetPlatform
[2018.12.12-12.54.53:941][  0]LogTemp: Display: Loaded TP LinuxNoEditorTargetPlatform
[2018.12.12-12.54.53:955][  0]LogTemp: Display: Loaded TP LinuxServerTargetPlatform
[2018.12.12-12.54.53:970][  0]LogTemp: Display: Loaded TP LinuxTargetPlatform
[2018.12.12-12.54.53:983][  0]LogTemp: Display: Loaded TP LuminTargetPlatform
[2018.12.12-12.54.53:983][  0]LogTargetPlatformManager: Display: Building Assets For Windows
[2018.12.12-12.54.54:059][  0]LogXGEController: Cleaning working directory: C:/Users/Leonardo/AppData/Local/Temp/UnrealXGEWorkingDir/
[2018.12.12-12.54.54:059][  0]LogXGEController: Cannot use XGE Controller as Incredibuild is not installed on this machine.
[2018.12.12-12.54.54:059][  0]LogShaderCompilers: Cannot use XGE Shader Compiler as Incredibuild is not installed on this machine.
[2018.12.12-12.54.54:059][  0]LogShaderCompilers: Display: Using Local Shader Compiler.
[2018.12.12-12.54.54:967][  0]LogDerivedDataCache: Display: Max Cache Size: 512 MB
[2018.12.12-12.54.55:028][  0]LogDerivedDataCache: Loaded boot cache 0.06s 71MB C:/Users/Leonardo/AppData/Local/UnrealEngine/4.20/DerivedDataCache/Boot.ddc.
[2018.12.12-12.54.55:028][  0]LogDerivedDataCache: Display: Loaded Boot cache: C:/Users/Leonardo/AppData/Local/UnrealEngine/4.20/DerivedDataCache/Boot.ddc
[2018.12.12-12.54.55:028][  0]LogDerivedDataCache: FDerivedDataBackendGraph:  Pak pak cache file ../../../../../../Users/Leonardo/Documents/git hub/GD1Project4/GD_project4/project4/DerivedDataCache/DDC.ddp not found, will not use a pak cache.
[2018.12.12-12.54.55:028][  0]LogDerivedDataCache: Unable to find inner node Pak for hierarchical cache Hierarchy.
[2018.12.12-12.54.55:028][  0]LogDerivedDataCache: FDerivedDataBackendGraph:  CompressedPak pak cache file ../../../../../../Users/Leonardo/Documents/git hub/GD1Project4/GD_project4/project4/DerivedDataCache/Compressed.ddp not found, will not use a pak cache.
[2018.12.12-12.54.55:028][  0]LogDerivedDataCache: Unable to find inner node CompressedPak for hierarchical cache Hierarchy.
[2018.12.12-12.54.55:043][  0]LogDerivedDataCache: Display: Pak cache opened for reading ../../../Engine/DerivedDataCache/Compressed.ddp.
[2018.12.12-12.54.55:056][  0]LogDerivedDataCache: Using Local data cache path C:/Users/Leonardo/AppData/Local/UnrealEngine/Common/DerivedDataCache: Writable
[2018.12.12-12.54.55:056][  0]LogDerivedDataCache: Shared data cache path not found in *engine.ini, will not use an Shared cache.
[2018.12.12-12.54.55:056][  0]LogDerivedDataCache: Unable to find inner node Shared for hierarchical cache Hierarchy.
[2018.12.12-12.54.55:077][  0]LogMaterial: Verifying Global Shaders for PCD3D_SM5
[2018.12.12-12.54.55:078][  0]LogSlate: Using FreeType 2.6.0
[2018.12.12-12.54.55:079][  0]LogSlate: SlateFontServices - WITH_FREETYPE: 1, WITH_HARFBUZZ: 1
[2018.12.12-12.54.55:166][  0]LogAssetRegistry: FAssetRegistry took 0.0288 seconds to start up
[2018.12.12-12.54.55:562][  0]LogInit: Selected Device Profile: [Windows]
[2018.12.12-12.54.55:738][  0]LogSimplygon: Simplygon DLL not present - disabling.
[2018.12.12-12.54.55:742][  0]LogMeshReduction: Using SimplygonSwarm for distributed automatic mesh merging
[2018.12.12-12.54.55:742][  0]LogMeshReduction: Using ProxyLODMeshReduction for automatic mesh merging
[2018.12.12-12.54.55:742][  0]LogMeshReduction: Using QuadricMeshReduction for automatic static mesh reduction
[2018.12.12-12.54.55:742][  0]LogMeshReduction: No automatic skeletal mesh reduction module available
[2018.12.12-12.54.55:761][  0]LogNetVersion: project4 1.0.0, NetCL: 4212847, EngineNetVer: 5, GameNetVer: 0 (Checksum: 1992437466)
[2018.12.12-12.54.56:485][  0]LogPackageLocalizationCache: Processed 11 localized package path(s) for 2 prioritized culture(s) in 0.185608 seconds
[2018.12.12-12.54.56:493][  0]LogUObjectArray: 38425 objects as part of root set at end of initial load.
[2018.12.12-12.54.56:493][  0]LogUObjectAllocator: 6690864 out of 0 bytes used by permanent object pool.
[2018.12.12-12.54.56:493][  0]LogUObjectArray: CloseDisregardForGC: 0/0 objects in disregard for GC pool
[2018.12.12-12.54.57:511][  0]LogTcpMessaging: Initializing TcpMessaging bridge
[2018.12.12-12.54.57:526][  0]LogUdpMessaging: Initializing bridge on interface 0.0.0.0:0 to multicast group 230.0.0.1:6666.
[2018.12.12-12.54.57:686][  0]SourceControl: Source control is disabled
[2018.12.12-12.54.57:686][  0]SourceControl: Source control is disabled
[2018.12.12-12.54.57:687][  0]SourceControl: Source control is disabled
[2018.12.12-12.54.57:688][  0]SourceControl: Source control is disabled
[2018.12.12-12.54.57:867][  0]LogAndroidPermission: UAndroidPermissionCallbackProxy::GetInstance
[2018.12.12-12.54.57:928][  0]LogOcInput: OculusInput pre-init called
[2018.12.12-12.54.58:018][  0]LogEngine: Initializing Engine...
[2018.12.12-12.54.58:019][  0]LogHMD: Failed to initialize OpenVR with code 110
[2018.12.12-12.54.58:021][  0]LogStats: UGameplayTagsManager::ConstructGameplayTagTree: ImportINI prefixes -  0.000 s
[2018.12.12-12.54.58:021][  0]LogStats: UGameplayTagsManager::ConstructGameplayTagTree: Construct from data asset -  0.000 s
[2018.12.12-12.54.58:021][  0]LogStats: UGameplayTagsManager::ConstructGameplayTagTree: ImportINI -  0.000 s
[2018.12.12-12.54.58:021][  0]LogStats: UGameplayTagsManager::ConstructGameplayTagTree: GameplayTagTreeChangedEvent.Broadcast -  0.000 s
[2018.12.12-12.54.58:284][  0]LogInit: Initializing FReadOnlyCVARCache
[2018.12.12-12.54.58:298][  0]LogAIModule: Creating AISystem for world Untitled
[2018.12.12-12.54.58:318][  0]LogInit: XAudio2 using 'Speakers / Headphones (Realtek Audio)' : 2 channels at 48 kHz using 32 bits per sample (channel mask 0x3)
[2018.12.12-12.54.58:505][  0]LogInit: FAudioDevice initialized.
[2018.12.12-12.54.58:505][  0]LogNetVersion: Set ProjectVersion to 1.0.0.0. Version Checksum will be recalculated on next use.
[2018.12.12-12.54.58:571][  0]LogDerivedDataCache: Saved boot cache 0.07s 71MB C:/Users/Leonardo/AppData/Local/UnrealEngine/4.20/DerivedDataCache/Boot.ddc.
[2018.12.12-12.54.58:583][  0]LogInit: Texture streaming: Enabled
[2018.12.12-12.54.58:603][  0]LogEngineSessionManager: EngineSessionManager initialized
[2018.12.12-12.54.58:621][  0]LogInit: Transaction tracking system initialized
[2018.12.12-12.54.58:649][  0]BlueprintLog: New page: Editor Load
[2018.12.12-12.54.58:756][  0]LocalizationService: Localization service is disabled
[2018.12.12-12.54.59:066][  0]LogCook: Display: Max memory allowance for cook 16384mb min free memory 0mb
[2018.12.12-12.54.59:066][  0]LogCook: Display: Mobile HDR setting 1
[2018.12.12-12.54.59:066][  0]LogGameplayTags: Display: UGameplayTagsManager::DoneAddingNativeTags. DelegateIsBound: 0
[2018.12.12-12.54.59:066][  0]LogStats: UGameplayTagsManager::ConstructGameplayTagTree: ImportINI prefixes -  0.000 s
[2018.12.12-12.54.59:066][  0]LogStats: UGameplayTagsManager::ConstructGameplayTagTree: Construct from data asset -  0.000 s
[2018.12.12-12.54.59:066][  0]LogStats: UGameplayTagsManager::ConstructGameplayTagTree: ImportINI -  0.000 s
[2018.12.12-12.54.59:066][  0]LogStats: UGameplayTagsManager::ConstructGameplayTagTree: GameplayTagTreeChangedEvent.Broadcast -  0.000 s
[2018.12.12-12.54.59:207][  0]LogFileCache: Scanning file cache for directory 'C:/Users/Leonardo/Documents/git hub/GD1Project4/GD_project4/project4/Content/' took 0.03s
[2018.12.12-12.54.59:207][  0]SourceControl: Source control is disabled
[2018.12.12-12.54.59:207][  0]Cmd: MAP LOAD FILE="../../../../../../Users/Leonardo/Documents/git hub/GD1Project4/GD_project4/project4/Content/FirstPersonBP/Maps/FirstPersonExampleMap.umap" TEMPLATE=0 SHOWPROGRESS=1 FEATURELEVEL=3
[2018.12.12-12.54.59:209][  0]LightingResults: New page: Lighting Build
[2018.12.12-12.54.59:212][  0]MapCheck: New page: Map Check
[2018.12.12-12.54.59:212][  0]LightingResults: New page: Lighting Build
[2018.12.12-12.54.59:913][  0]LogAIModule: Creating AISystem for world FirstPersonExampleMap
[2018.12.12-12.54.59:926][  0]LogEditorServer: Finished looking for orphan Actors (0.000 secs)
[2018.12.12-12.54.59:955][  0]Cmd: MAP CHECKDEP NOCLEARLOG
[2018.12.12-12.55.00:055][  0]MapCheck: Map check complete: 0 Error(s), 0 Warning(s), took 99.443ms to complete.
[2018.12.12-12.55.00:055][  0]LogFileHelpers: Loading map 'FirstPersonExampleMap' took 0.848
[2018.12.12-12.55.00:185][  0]LogSlate: Updating window title bar state: overlay mode, drag disabled, window buttons hidden, title bar hidden
[2018.12.12-12.55.00:195][  0]LogSlate: Updating window title bar state: overlay mode, drag disabled, window buttons hidden, title bar hidden
[2018.12.12-12.55.00:207][  0]LogSlate: Updating window title bar state: overlay mode, drag disabled, window buttons hidden, title bar hidden
[2018.12.12-12.55.00:218][  0]LogSlate: Updating window title bar state: overlay mode, drag disabled, window buttons hidden, title bar hidden
[2018.12.12-12.55.00:228][  0]LogCollectionManager: Loaded 0 collections in 0.002069 seconds
[2018.12.12-12.55.00:270][  0]LogFileCache: Scanning file cache for directory 'C:/Users/Leonardo/Documents/git hub/GD1Project4/GD_project4/project4/Saved/Collections/' took 0.01s
[2018.12.12-12.55.00:270][  0]LogFileCache: Scanning file cache for directory 'C:/Users/Leonardo/Documents/git hub/GD1Project4/GD_project4/project4/Content/Developers/Leonardo/Collections/' took 0.01s
[2018.12.12-12.55.00:270][  0]LogFileCache: Scanning file cache for directory 'C:/Users/Leonardo/Documents/git hub/GD1Project4/GD_project4/project4/Content/Collections/' took 0.01s
[2018.12.12-12.55.00:270][  0]LogCollectionManager: Rebuilt the GUID cache for 0 collections in 0.000000 seconds
[2018.12.12-12.55.00:280][  0]LogContentBrowser: Native class hierarchy populated in 0.0097 seconds. Added 2572 classes and 603 folders.
[2018.12.12-12.55.00:287][  0]LogContentBrowser: Native class hierarchy updated for 'WidgetCarousel' in 0.0003 seconds. Added 0 classes and 0 folders.
[2018.12.12-12.55.00:339][  0]LogContentBrowser: Native class hierarchy updated for 'AddContentDialog' in 0.0002 seconds. Added 0 classes and 0 folders.
[2018.12.12-12.55.00:344][  0]LogContentBrowser: Native class hierarchy updated for 'SceneOutliner' in 0.0004 seconds. Added 1 classes and 2 folders.
[2018.12.12-12.55.00:391][  0]LogContentBrowser: Native class hierarchy updated for 'HierarchicalLODOutliner' in 0.0003 seconds. Added 0 classes and 0 folders.
[2018.12.12-12.55.00:391][  0]LogLoad: (Engine Initialization) Total time: 10.44 seconds
[2018.12.12-12.55.00:391][  0]LogLoad: (Engine Initialization) Total Blueprint compile time: 0.00 seconds
[2018.12.12-12.55.00:409][  0]LogWindowsTextInputMethodSystem: Display: IME system now deactivated.
[2018.12.12-12.55.00:455][  0]LogContentStreaming: Texture pool size now 1000 MB
[2018.12.12-12.55.00:457][  0]LogSlate: Took 0.000211 seconds to synchronously load lazily loaded font '../../../Engine/Content/Slate/Fonts/Roboto-Regular.ttf' (155K)
[2018.12.12-12.55.00:458][  0]LogSlate: Took 0.000160 seconds to synchronously load lazily loaded font '../../../Engine/Content/Slate/Fonts/Roboto-Bold.ttf' (160K)
[2018.12.12-12.55.00:465][  0]LogSlate: Took 0.000222 seconds to synchronously load lazily loaded font '../../../Engine/Content/Editor/Slate/Fonts/FontAwesome.ttf' (139K)
[2018.12.12-12.55.00:614][  1]LogRenderer: Reallocating scene render targets to support 792x360 Format 10 NumSamples 1 (Frame:1).
[2018.12.12-12.55.00:885][  2]LogAssetRegistry: Asset discovery search completed in 5.7422 seconds
[2018.12.12-12.55.00:887][  2]LogCollectionManager: Rebuilt the object cache for 0 collections in 0.000001 seconds (found 0 objects)
[2018.12.12-12.55.00:887][  2]LogCollectionManager: Fixed up redirectors for 0 collections in 0.000086 seconds (updated 0 objects)
[2018.12.12-12.55.04:592][220]LogSlate: Took 0.000139 seconds to synchronously load lazily loaded font '../../../Engine/Content/Slate/Fonts/Roboto-Light.ttf' (167K)
[2018.12.12-12.55.05:640][283]LogFileCache: Retrieving MD5 hashes for directory 'C:/Users/Leonardo/Documents/git hub/GD1Project4/GD_project4/project4/Content/' took 5.21s
[2018.12.12-12.55.09:427][510]LogSlate: FSceneViewport::OnFocusLost() reason 0
[2018.12.12-12.55.09:651][523]LogSlate: Took 0.000215 seconds to synchronously load lazily loaded font '../../../Engine/Content/Slate/Fonts/Roboto-Light.ttf' (167K)
[2018.12.12-12.55.11:694][523]LogAIModule: Creating AISystem for world House
[2018.12.12-12.55.11:695][523]LogMaterial: Warning: Material /Game/StarterContent/Materials/M_Rock_Basalt.M_Rock_Basalt needed to have new flag set bUsedWithSplineMeshes !
[2018.12.12-12.55.11:698][523]LogMaterial: Display: Missing cached shader map for material M_Rock_Basalt, compiling. 
[2018.12.12-12.55.11:787][523]MapCheck: Warning: M_Rock_Basalt Material /Game/StarterContent/Materials/M_Rock_Basalt.M_Rock_Basalt was missing the usage flag bUsedWithSplineMeshes. If the material asset is not re-saved, it may not render correctly when run outside the editor. Fix
[2018.12.12-12.55.11:797][523]LogShaderCompilers: Display: Shaders left to compile 59
[2018.12.12-12.55.11:797][523]LogShaderCompilers: Display: Shaders left to compile 49
[2018.12.12-12.55.11:797][523]LogShaderCompilers: Display: Shaders left to compile 39
[2018.12.12-12.55.11:797][523]LogShaderCompilers: Display: Shaders left to compile 29
[2018.12.12-12.55.11:923][523]LogAssetEditorManager: Opening Asset editor for World /Game/Maps/House.House
[2018.12.12-12.55.11:955][523]Cmd: MAP LOAD FILE="../../../../../../Users/Leonardo/Documents/git hub/GD1Project4/GD_project4/project4/Content/Maps/House.umap" TEMPLATE=0 SHOWPROGRESS=1 FEATURELEVEL=3
[2018.12.12-12.55.11:955][523]LightingResults: New page: Lighting Build
[2018.12.12-12.55.11:956][523]LoadErrors: New page: Loading map: House.umap
[2018.12.12-12.55.11:957][523]MapCheck: New page: Map Check
[2018.12.12-12.55.11:957][523]LightingResults: New page: Lighting Build
[2018.12.12-12.55.12:106][523]LogEditorServer: Finished looking for orphan Actors (0.000 secs)
[2018.12.12-12.55.12:205][523]Cmd: MAP CHECKDEP NOCLEARLOG
[2018.12.12-12.55.12:413][523]MapCheck: Map check complete: 0 Error(s), 0 Warning(s), took 208.382ms to complete.
[2018.12.12-12.55.12:415][523]LogFileHelpers: Loading map 'House' took 0.462
[2018.12.12-12.55.14:852][627]LogSlate: Window 'Message Log' being destroyed
[2018.12.12-12.55.14:859][627]LogSlate: Window 'Message Log' being destroyed
[2018.12.12-12.55.16:247][697]LogShaderCompilers: Display: Shaders left to compile 19
[2018.12.12-12.55.17:383][754]LogShaderCompilers: Display: Shaders left to compile 9
[2018.12.12-13.14.52:217][844]LogEditorViewport: Clicking on Actor (LMB): StaticMeshActor (House_Final2_StaticMesh)
[2018.12.12-13.15.31:741][735]LogSlate: FSceneViewport::OnFocusLost() reason 0
[2018.12.12-13.15.31:866][742]LogTemp: Repeating last play command: Selected Viewport
[2018.12.12-13.15.31:899][742]LogBlueprintUserMessages: Early PlayInEditor Detection: Level '/Game/Maps/House.House:PersistentLevel' has LevelScriptBlueprint '/Game/Maps/House.House:PersistentLevel.House' with GeneratedClass '/Game/Maps/House.House_C' with ClassGeneratedBy '/Game/Maps/House.House:PersistentLevel.House'
[2018.12.12-13.15.31:900][742]LogPlayLevel: PlayLevel: No blueprints needed recompiling
[2018.12.12-13.15.31:912][742]PIE: New page: PIE session: House (Dec 12, 2018, 3:15:31 AM)
[2018.12.12-13.15.31:912][742]LogPlayLevel: Creating play world package: /Game/Maps/UEDPIE_0_House
[2018.12.12-13.15.32:013][742]LogPlayLevel: PIE: StaticDuplicateObject took: (0.100314s)
[2018.12.12-13.15.32:013][742]LogAIModule: Creating AISystem for world House
[2018.12.12-13.15.32:014][742]LogPlayLevel: PIE: World Init took: (0.000766s)
[2018.12.12-13.15.32:014][742]LogPlayLevel: PIE: Created PIE world by copying editor world from /Game/Maps/House.House to /Game/Maps/UEDPIE_0_House.House (0.101259s)
[2018.12.12-13.15.32:057][742]LogInit: XAudio2 using 'Speakers / Headphones (Realtek Audio)' : 2 channels at 48 kHz using 32 bits per sample (channel mask 0x3)
[2018.12.12-13.15.32:084][742]LogInit: FAudioDevice initialized.
[2018.12.12-13.15.32:134][742]LogLoad: Game class is 'FirstPersonGameMode_C'
[2018.12.12-13.15.32:151][742]LogWorld: Bringing World /Game/Maps/UEDPIE_0_House.House up for play (max tick rate 60) at 2018.12.12-08.15.32
[2018.12.12-13.15.32:152][742]LogWorld: Bringing up level for play took: 0.015573
[2018.12.12-13.15.32:172][742]LogContentBrowser: Native class hierarchy updated for 'MovieSceneCapture' in 0.0003 seconds. Added 10 classes and 0 folders.
[2018.12.12-13.15.32:177][742]PIE: Play in editor start time for /Game/Maps/UEDPIE_0_House -0.366
[2018.12.12-13.15.32:177][742]LogBlueprintUserMessages: Late PlayInEditor Detection: Level '/Game/Maps/House.House:PersistentLevel' has LevelScriptBlueprint '/Game/Maps/House.House:PersistentLevel.House' with GeneratedClass '/Game/Maps/House.House_C' with ClassGeneratedBy '/Game/Maps/House.House:PersistentLevel.House'
[2018.12.12-13.16.12:975][831]LogScript: Warning: Script Msg: Attempted to access index 0 from array 'Obj tags' of length 0 in '/Game/FirstPersonBP/Blueprints/FirstPersonCharacter.FirstPersonCharacter_C'!
[2018.12.12-13.16.12:985][832]LogScript: Warning: Script Msg: Attempted to access index 0 from array 'Obj tags' of length 0 in '/Game/FirstPersonBP/Blueprints/FirstPersonCharacter.FirstPersonCharacter_C'!
[2018.12.12-13.16.13:001][833]LogScript: Warning: Script Msg: Attempted to access index 0 from array 'Obj tags' of length 0 in '/Game/FirstPersonBP/Blueprints/FirstPersonCharacter.FirstPersonCharacter_C'!
[2018.12.12-13.16.13:017][834]LogScript: Warning: Script Msg: Attempted to access index 0 from array 'Obj tags' of length 0 in '/Game/FirstPersonBP/Blueprints/FirstPersonCharacter.FirstPersonCharacter_C'!
[2018.12.12-13.16.13:034][835]LogScript: Warning: Script Msg: Attempted to access index 0 from array 'Obj tags' of length 0 in '/Game/FirstPersonBP/Blueprints/FirstPersonCharacter.FirstPersonCharacter_C'!
[2018.12.12-13.16.13:053][836]LogScript: Warning: Script Msg: Attempted to access index 0 from array 'Obj tags' of length 0 in '/Game/FirstPersonBP/Blueprints/FirstPersonCharacter.FirstPersonCharacter_C'!
[2018.12.12-13.16.13:072][837]LogScript: Warning: Script Msg: Attempted to access index 0 from array 'Obj tags' of length 0 in '/Game/FirstPersonBP/Blueprints/FirstPersonCharacter.FirstPersonCharacter_C'!
[2018.12.12-13.16.13:091][838]LogScript: Warning: Script Msg: Attempted to access index 0 from array 'Obj tags' of length 0 in '/Game/FirstPersonBP/Blueprints/FirstPersonCharacter.FirstPersonCharacter_C'!
[2018.12.12-13.16.13:111][839]LogScript: Warning: Script Msg: Attempted to access index 0 from array 'Obj tags' of length 0 in '/Game/FirstPersonBP/Blueprints/FirstPersonCharacter.FirstPersonCharacter_C'!
[2018.12.12-13.16.13:131][840]LogScript: Warning: Script Msg: Attempted to access index 0 from array 'Obj tags' of length 0 in '/Game/FirstPersonBP/Blueprints/FirstPersonCharacter.FirstPersonCharacter_C'!
[2018.12.12-13.16.13:152][841]LogScript: Warning: Script Msg: Attempted to access index 0 from array 'Obj tags' of length 0 in '/Game/FirstPersonBP/Blueprints/FirstPersonCharacter.FirstPersonCharacter_C'!
[2018.12.12-13.16.13:170][842]LogScript: Warning: Script Msg: Attempted to access index 0 from array 'Obj tags' of length 0 in '/Game/FirstPersonBP/Blueprints/FirstPersonCharacter.FirstPersonCharacter_C'!
[2018.12.12-13.16.13:189][843]LogScript: Warning: Script Msg: Attempted to access index 0 from array 'Obj tags' of length 0 in '/Game/FirstPersonBP/Blueprints/FirstPersonCharacter.FirstPersonCharacter_C'!
[2018.12.12-13.16.13:211][844]LogScript: Warning: Script Msg: Attempted to access index 0 from array 'Obj tags' of length 0 in '/Game/FirstPersonBP/Blueprints/FirstPersonCharacter.FirstPersonCharacter_C'!
[2018.12.12-13.16.13:228][845]LogScript: Warning: Script Msg: Attempted to access index 0 from array 'Obj tags' of length 0 in '/Game/FirstPersonBP/Blueprints/FirstPersonCharacter.FirstPersonCharacter_C'!
[2018.12.12-13.16.13:247][846]LogScript: Warning: Script Msg: Attempted to access index 0 from array 'Obj tags' of length 0 in '/Game/FirstPersonBP/Blueprints/FirstPersonCharacter.FirstPersonCharacter_C'!
[2018.12.12-13.16.13:267][847]LogScript: Warning: Script Msg: Attempted to access index 0 from array 'Obj tags' of length 0 in '/Game/FirstPersonBP/Blueprints/FirstPersonCharacter.FirstPersonCharacter_C'!
[2018.12.12-13.16.13:286][848]LogScript: Warning: Script Msg: Attempted to access index 0 from array 'Obj tags' of length 0 in '/Game/FirstPersonBP/Blueprints/FirstPersonCharacter.FirstPersonCharacter_C'!
[2018.12.12-13.16.13:305][849]LogScript: Warning: Script Msg: Attempted to access index 0 from array 'Obj tags' of length 0 in '/Game/FirstPersonBP/Blueprints/FirstPersonCharacter.FirstPersonCharacter_C'!
[2018.12.12-13.16.13:324][850]LogScript: Warning: Script Msg: Attempted to access index 0 from array 'Obj tags' of length 0 in '/Game/FirstPersonBP/Blueprints/FirstPersonCharacter.FirstPersonCharacter_C'!
[2018.12.12-13.16.13:345][851]LogScript: Warning: Script Msg: Attempted to access index 0 from array 'Obj tags' of length 0 in '/Game/FirstPersonBP/Blueprints/FirstPersonCharacter.FirstPersonCharacter_C'!
[2018.12.12-13.16.13:364][852]LogScript: Warning: Script Msg: Attempted to access index 0 from array 'Obj tags' of length 0 in '/Game/FirstPersonBP/Blueprints/FirstPersonCharacter.FirstPersonCharacter_C'!
[2018.12.12-13.16.47:304][589]LogScript: Warning: Script Msg: Attempted to access index 0 from array 'Obj tags' of length 0 in '/Game/FirstPersonBP/Blueprints/FirstPersonCharacter.FirstPersonCharacter_C'!
[2018.12.12-13.16.47:323][590]LogScript: Warning: Script Msg: Attempted to access index 0 from array 'Obj tags' of length 0 in '/Game/FirstPersonBP/Blueprints/FirstPersonCharacter.FirstPersonCharacter_C'!
[2018.12.12-13.16.47:344][591]LogScript: Warning: Script Msg: Attempted to access index 0 from array 'Obj tags' of length 0 in '/Game/FirstPersonBP/Blueprints/FirstPersonCharacter.FirstPersonCharacter_C'!
[2018.12.12-13.16.47:363][592]LogScript: Warning: Script Msg: Attempted to access index 0 from array 'Obj tags' of length 0 in '/Game/FirstPersonBP/Blueprints/FirstPersonCharacter.FirstPersonCharacter_C'!
[2018.12.12-13.16.47:381][593]LogScript: Warning: Script Msg: Attempted to access index 0 from array 'Obj tags' of length 0 in '/Game/FirstPersonBP/Blueprints/FirstPersonCharacter.FirstPersonCharacter_C'!
[2018.12.12-13.16.47:401][594]LogScript: Warning: Script Msg: Attempted to access index 0 from array 'Obj tags' of length 0 in '/Game/FirstPersonBP/Blueprints/FirstPersonCharacter.FirstPersonCharacter_C'!
[2018.12.12-13.16.47:421][595]LogScript: Warning: Script Msg: Attempted to access index 0 from array 'Obj tags' of length 0 in '/Game/FirstPersonBP/Blueprints/FirstPersonCharacter.FirstPersonCharacter_C'!
[2018.12.12-13.16.47:441][596]LogScript: Warning: Script Msg: Attempted to access index 0 from array 'Obj tags' of length 0 in '/Game/FirstPersonBP/Blueprints/FirstPersonCharacter.FirstPersonCharacter_C'!
[2018.12.12-13.16.47:459][597]LogScript: Warning: Script Msg: Attempted to access index 0 from array 'Obj tags' of length 0 in '/Game/FirstPersonBP/Blueprints/FirstPersonCharacter.FirstPersonCharacter_C'!
[2018.12.12-13.16.47:478][598]LogScript: Warning: Script Msg: Attempted to access index 0 from array 'Obj tags' of length 0 in '/Game/FirstPersonBP/Blueprints/FirstPersonCharacter.FirstPersonCharacter_C'!
[2018.12.12-13.16.47:498][599]LogScript: Warning: Script Msg: Attempted to access index 0 from array 'Obj tags' of length 0 in '/Game/FirstPersonBP/Blueprints/FirstPersonCharacter.FirstPersonCharacter_C'!
[2018.12.12-13.16.47:517][600]LogScript: Warning: Script Msg: Attempted to access index 0 from array 'Obj tags' of length 0 in '/Game/FirstPersonBP/Blueprints/FirstPersonCharacter.FirstPersonCharacter_C'!
[2018.12.12-13.16.47:537][601]LogScript: Warning: Script Msg: Attempted to access index 0 from array 'Obj tags' of length 0 in '/Game/FirstPersonBP/Blueprints/FirstPersonCharacter.FirstPersonCharacter_C'!
[2018.12.12-13.16.47:556][602]LogScript: Warning: Script Msg: Attempted to access index 0 from array 'Obj tags' of length 0 in '/Game/FirstPersonBP/Blueprints/FirstPersonCharacter.FirstPersonCharacter_C'!
[2018.12.12-13.16.47:575][603]LogScript: Warning: Script Msg: Attempted to access index 0 from array 'Obj tags' of length 0 in '/Game/FirstPersonBP/Blueprints/FirstPersonCharacter.FirstPersonCharacter_C'!
[2018.12.12-13.16.47:607][604]LogScript: Warning: Script Msg: Attempted to access index 0 from array 'Obj tags' of length 0 in '/Game/FirstPersonBP/Blueprints/FirstPersonCharacter.FirstPersonCharacter_C'!
[2018.12.12-13.16.47:616][605]LogScript: Warning: Script Msg: Attempted to access index 0 from array 'Obj tags' of length 0 in '/Game/FirstPersonBP/Blueprints/FirstPersonCharacter.FirstPersonCharacter_C'!
[2018.12.12-13.16.47:633][606]LogScript: Warning: Script Msg: Attempted to access index 0 from array 'Obj tags' of length 0 in '/Game/FirstPersonBP/Blueprints/FirstPersonCharacter.FirstPersonCharacter_C'!
[2018.12.12-13.16.47:651][607]LogScript: Warning: Script Msg: Attempted to access index 0 from array 'Obj tags' of length 0 in '/Game/FirstPersonBP/Blueprints/FirstPersonCharacter.FirstPersonCharacter_C'!
[2018.12.12-13.16.47:671][608]LogScript: Warning: Script Msg: Attempted to access index 0 from array 'Obj tags' of length 0 in '/Game/FirstPersonBP/Blueprints/FirstPersonCharacter.FirstPersonCharacter_C'!
[2018.12.12-13.16.47:690][609]LogScript: Warning: Script Msg: Attempted to access index 0 from array 'Obj tags' of length 0 in '/Game/FirstPersonBP/Blueprints/FirstPersonCharacter.FirstPersonCharacter_C'!
[2018.12.12-13.16.47:707][610]LogScript: Warning: Script Msg: Attempted to access index 0 from array 'Obj tags' of length 0 in '/Game/FirstPersonBP/Blueprints/FirstPersonCharacter.FirstPersonCharacter_C'!
[2018.12.12-13.16.47:727][611]LogScript: Warning: Script Msg: Attempted to access index 0 from array 'Obj tags' of length 0 in '/Game/FirstPersonBP/Blueprints/FirstPersonCharacter.FirstPersonCharacter_C'!
[2018.12.12-13.16.47:746][612]LogScript: Warning: Script Msg: Attempted to access index 0 from array 'Obj tags' of length 0 in '/Game/FirstPersonBP/Blueprints/FirstPersonCharacter.FirstPersonCharacter_C'!
[2018.12.12-13.16.47:765][613]LogScript: Warning: Script Msg: Attempted to access index 0 from array 'Obj tags' of length 0 in '/Game/FirstPersonBP/Blueprints/FirstPersonCharacter.FirstPersonCharacter_C'!
[2018.12.12-13.16.47:783][614]LogScript: Warning: Script Msg: Attempted to access index 0 from array 'Obj tags' of length 0 in '/Game/FirstPersonBP/Blueprints/FirstPersonCharacter.FirstPersonCharacter_C'!
[2018.12.12-13.16.47:802][615]LogScript: Warning: Script Msg: Attempted to access index 0 from array 'Obj tags' of length 0 in '/Game/FirstPersonBP/Blueprints/FirstPersonCharacter.FirstPersonCharacter_C'!
[2018.12.12-13.16.47:822][616]LogScript: Warning: Script Msg: Attempted to access index 0 from array 'Obj tags' of length 0 in '/Game/FirstPersonBP/Blueprints/FirstPersonCharacter.FirstPersonCharacter_C'!
[2018.12.12-13.16.47:841][617]LogScript: Warning: Script Msg: Attempted to access index 0 from array 'Obj tags' of length 0 in '/Game/FirstPersonBP/Blueprints/FirstPersonCharacter.FirstPersonCharacter_C'!
[2018.12.12-13.16.47:860][618]LogScript: Warning: Script Msg: Attempted to access index 0 from array 'Obj tags' of length 0 in '/Game/FirstPersonBP/Blueprints/FirstPersonCharacter.FirstPersonCharacter_C'!
[2018.12.12-13.16.47:879][619]LogScript: Warning: Script Msg: Attempted to access index 0 from array 'Obj tags' of length 0 in '/Game/FirstPersonBP/Blueprints/FirstPersonCharacter.FirstPersonCharacter_C'!
[2018.12.12-13.16.47:898][620]LogScript: Warning: Script Msg: Attempted to access index 0 from array 'Obj tags' of length 0 in '/Game/FirstPersonBP/Blueprints/FirstPersonCharacter.FirstPersonCharacter_C'!
[2018.12.12-13.16.47:917][621]LogScript: Warning: Script Msg: Attempted to access index 0 from array 'Obj tags' of length 0 in '/Game/FirstPersonBP/Blueprints/FirstPersonCharacter.FirstPersonCharacter_C'!
[2018.12.12-13.16.47:937][622]LogScript: Warning: Script Msg: Attempted to access index 0 from array 'Obj tags' of length 0 in '/Game/FirstPersonBP/Blueprints/FirstPersonCharacter.FirstPersonCharacter_C'!
[2018.12.12-13.16.47:957][623]LogScript: Warning: Script Msg: Attempted to access index 0 from array 'Obj tags' of length 0 in '/Game/FirstPersonBP/Blueprints/FirstPersonCharacter.FirstPersonCharacter_C'!
[2018.12.12-13.16.47:974][624]LogScript: Warning: Script Msg: Attempted to access index 0 from array 'Obj tags' of length 0 in '/Game/FirstPersonBP/Blueprints/FirstPersonCharacter.FirstPersonCharacter_C'!
[2018.12.12-13.16.47:993][625]LogScript: Warning: Script Msg: Attempted to access index 0 from array 'Obj tags' of length 0 in '/Game/FirstPersonBP/Blueprints/FirstPersonCharacter.FirstPersonCharacter_C'!
[2018.12.12-13.16.48:013][626]LogScript: Warning: Script Msg: Attempted to access index 0 from array 'Obj tags' of length 0 in '/Game/FirstPersonBP/Blueprints/FirstPersonCharacter.FirstPersonCharacter_C'!
[2018.12.12-13.16.48:032][627]LogScript: Warning: Script Msg: Attempted to access index 0 from array 'Obj tags' of length 0 in '/Game/FirstPersonBP/Blueprints/FirstPersonCharacter.FirstPersonCharacter_C'!
[2018.12.12-13.16.48:051][628]LogScript: Warning: Script Msg: Attempted to access index 0 from array 'Obj tags' of length 0 in '/Game/FirstPersonBP/Blueprints/FirstPersonCharacter.FirstPersonCharacter_C'!
[2018.12.12-13.16.48:069][629]LogScript: Warning: Script Msg: Attempted to access index 0 from array 'Obj tags' of length 0 in '/Game/FirstPersonBP/Blueprints/FirstPersonCharacter.FirstPersonCharacter_C'!
[2018.12.12-13.16.48:090][630]LogScript: Warning: Script Msg: Attempted to access index 0 from array 'Obj tags' of length 0 in '/Game/FirstPersonBP/Blueprints/FirstPersonCharacter.FirstPersonCharacter_C'!
[2018.12.12-13.16.48:109][631]LogScript: Warning: Script Msg: Attempted to access index 0 from array 'Obj tags' of length 0 in '/Game/FirstPersonBP/Blueprints/FirstPersonCharacter.FirstPersonCharacter_C'!
[2018.12.12-13.16.48:127][632]LogScript: Warning: Script Msg: Attempted to access index 0 from array 'Obj tags' of length 0 in '/Game/FirstPersonBP/Blueprints/FirstPersonCharacter.FirstPersonCharacter_C'!
[2018.12.12-13.16.48:146][633]LogScript: Warning: Script Msg: Attempted to access index 0 from array 'Obj tags' of length 0 in '/Game/FirstPersonBP/Blueprints/FirstPersonCharacter.FirstPersonCharacter_C'!
[2018.12.12-13.16.48:165][634]LogScript: Warning: Script Msg: Attempted to access index 0 from array 'Obj tags' of length 0 in '/Game/FirstPersonBP/Blueprints/FirstPersonCharacter.FirstPersonCharacter_C'!
[2018.12.12-13.16.48:184][635]LogScript: Warning: Script Msg: Attempted to access index 0 from array 'Obj tags' of length 0 in '/Game/FirstPersonBP/Blueprints/FirstPersonCharacter.FirstPersonCharacter_C'!
[2018.12.12-13.16.48:203][636]LogScript: Warning: Script Msg: Attempted to access index 0 from array 'Obj tags' of length 0 in '/Game/FirstPersonBP/Blueprints/FirstPersonCharacter.FirstPersonCharacter_C'!
[2018.12.12-13.16.48:222][637]LogScript: Warning: Script Msg: Attempted to access index 0 from array 'Obj tags' of length 0 in '/Game/FirstPersonBP/Blueprints/FirstPersonCharacter.FirstPersonCharacter_C'!
[2018.12.12-13.16.48:242][638]LogScript: Warning: Script Msg: Attempted to access index 0 from array 'Obj tags' of length 0 in '/Game/FirstPersonBP/Blueprints/FirstPersonCharacter.FirstPersonCharacter_C'!
[2018.12.12-13.16.48:260][639]LogScript: Warning: Script Msg: Attempted to access index 0 from array 'Obj tags' of length 0 in '/Game/FirstPersonBP/Blueprints/FirstPersonCharacter.FirstPersonCharacter_C'!
[2018.12.12-13.16.48:281][640]LogScript: Warning: Script Msg: Attempted to access index 0 from array 'Obj tags' of length 0 in '/Game/FirstPersonBP/Blueprints/FirstPersonCharacter.FirstPersonCharacter_C'!
[2018.12.12-13.16.48:299][641]LogScript: Warning: Script Msg: Attempted to access index 0 from array 'Obj tags' of length 0 in '/Game/FirstPersonBP/Blueprints/FirstPersonCharacter.FirstPersonCharacter_C'!
[2018.12.12-13.17.22:296][353]LogScript: Warning: Script Msg: Attempted to access index 0 from array 'Obj tags' of length 0 in '/Game/FirstPersonBP/Blueprints/FirstPersonCharacter.FirstPersonCharacter_C'!
[2018.12.12-13.17.22:315][354]LogScript: Warning: Script Msg: Attempted to access index 0 from array 'Obj tags' of length 0 in '/Game/FirstPersonBP/Blueprints/FirstPersonCharacter.FirstPersonCharacter_C'!
[2018.12.12-13.17.22:335][355]LogScript: Warning: Script Msg: Attempted to access index 0 from array 'Obj tags' of length 0 in '/Game/FirstPersonBP/Blueprints/FirstPersonCharacter.FirstPersonCharacter_C'!
[2018.12.12-13.17.22:357][356]LogScript: Warning: Script Msg: Attempted to access index 0 from array 'Obj tags' of length 0 in '/Game/FirstPersonBP/Blueprints/FirstPersonCharacter.FirstPersonCharacter_C'!
[2018.12.12-13.17.22:375][357]LogScript: Warning: Script Msg: Attempted to access index 0 from array 'Obj tags' of length 0 in '/Game/FirstPersonBP/Blueprints/FirstPersonCharacter.FirstPersonCharacter_C'!
[2018.12.12-13.17.22:396][358]LogScript: Warning: Script Msg: Attempted to access index 0 from array 'Obj tags' of length 0 in '/Game/FirstPersonBP/Blueprints/FirstPersonCharacter.FirstPersonCharacter_C'!
[2018.12.12-13.17.22:415][359]LogScript: Warning: Script Msg: Attempted to access index 0 from array 'Obj tags' of length 0 in '/Game/FirstPersonBP/Blueprints/FirstPersonCharacter.FirstPersonCharacter_C'!
[2018.12.12-13.17.22:434][360]LogScript: Warning: Script Msg: Attempted to access index 0 from array 'Obj tags' of length 0 in '/Game/FirstPersonBP/Blueprints/FirstPersonCharacter.FirstPersonCharacter_C'!
[2018.12.12-13.17.22:453][361]LogScript: Warning: Script Msg: Attempted to access index 0 from array 'Obj tags' of length 0 in '/Game/FirstPersonBP/Blueprints/FirstPersonCharacter.FirstPersonCharacter_C'!
[2018.12.12-13.17.22:473][362]LogScript: Warning: Script Msg: Attempted to access index 0 from array 'Obj tags' of length 0 in '/Game/FirstPersonBP/Blueprints/FirstPersonCharacter.FirstPersonCharacter_C'!
[2018.12.12-13.17.22:494][363]LogScript: Warning: Script Msg: Attempted to access index 0 from array 'Obj tags' of length 0 in '/Game/FirstPersonBP/Blueprints/FirstPersonCharacter.FirstPersonCharacter_C'!
[2018.12.12-13.17.22:514][364]LogScript: Warning: Script Msg: Attempted to access index 0 from array 'Obj tags' of length 0 in '/Game/FirstPersonBP/Blueprints/FirstPersonCharacter.FirstPersonCharacter_C'!
[2018.12.12-13.17.22:531][365]LogScript: Warning: Script Msg: Attempted to access index 0 from array 'Obj tags' of length 0 in '/Game/FirstPersonBP/Blueprints/FirstPersonCharacter.FirstPersonCharacter_C'!
[2018.12.12-13.17.22:551][366]LogScript: Warning: Script Msg: Attempted to access index 0 from array 'Obj tags' of length 0 in '/Game/FirstPersonBP/Blueprints/FirstPersonCharacter.FirstPersonCharacter_C'!
[2018.12.12-13.17.22:571][367]LogScript: Warning: Script Msg: Attempted to access index 0 from array 'Obj tags' of length 0 in '/Game/FirstPersonBP/Blueprints/FirstPersonCharacter.FirstPersonCharacter_C'!
[2018.12.12-13.17.22:589][368]LogScript: Warning: Script Msg: Attempted to access index 0 from array 'Obj tags' of length 0 in '/Game/FirstPersonBP/Blueprints/FirstPersonCharacter.FirstPersonCharacter_C'!
[2018.12.12-13.17.22:609][369]LogScript: Warning: Script Msg: Attempted to access index 0 from array 'Obj tags' of length 0 in '/Game/FirstPersonBP/Blueprints/FirstPersonCharacter.FirstPersonCharacter_C'!
[2018.12.12-13.17.22:629][370]LogScript: Warning: Script Msg: Attempted to access index 0 from array 'Obj tags' of length 0 in '/Game/FirstPersonBP/Blueprints/FirstPersonCharacter.FirstPersonCharacter_C'!
[2018.12.12-13.17.22:647][371]LogScript: Warning: Script Msg: Attempted to access index 0 from array 'Obj tags' of length 0 in '/Game/FirstPersonBP/Blueprints/FirstPersonCharacter.FirstPersonCharacter_C'!
[2018.12.12-13.17.22:666][372]LogScript: Warning: Script Msg: Attempted to access index 0 from array 'Obj tags' of length 0 in '/Game/FirstPersonBP/Blueprints/FirstPersonCharacter.FirstPersonCharacter_C'!
[2018.12.12-13.17.22:684][373]LogScript: Warning: Script Msg: Attempted to access index 0 from array 'Obj tags' of length 0 in '/Game/FirstPersonBP/Blueprints/FirstPersonCharacter.FirstPersonCharacter_C'!
[2018.12.12-13.17.22:704][374]LogScript: Warning: Script Msg: Attempted to access index 0 from array 'Obj tags' of length 0 in '/Game/FirstPersonBP/Blueprints/FirstPersonCharacter.FirstPersonCharacter_C'!
[2018.12.12-13.17.22:723][375]LogScript: Warning: Script Msg: Attempted to access index 0 from array 'Obj tags' of length 0 in '/Game/FirstPersonBP/Blueprints/FirstPersonCharacter.FirstPersonCharacter_C'!
[2018.12.12-13.17.22:742][376]LogScript: Warning: Script Msg: Attempted to access index 0 from array 'Obj tags' of length 0 in '/Game/FirstPersonBP/Blueprints/FirstPersonCharacter.FirstPersonCharacter_C'!
[2018.12.12-13.17.22:762][377]LogScript: Warning: Script Msg: Attempted to access index 0 from array 'Obj tags' of length 0 in '/Game/FirstPersonBP/Blueprints/FirstPersonCharacter.FirstPersonCharacter_C'!
[2018.12.12-13.17.22:780][378]LogScript: Warning: Script Msg: Attempted to access index 0 from array 'Obj tags' of length 0 in '/Game/FirstPersonBP/Blueprints/FirstPersonCharacter.FirstPersonCharacter_C'!
[2018.12.12-13.17.22:801][379]LogScript: Warning: Script Msg: Attempted to access index 0 from array 'Obj tags' of length 0 in '/Game/FirstPersonBP/Blueprints/FirstPersonCharacter.FirstPersonCharacter_C'!
[2018.12.12-13.17.22:820][380]LogScript: Warning: Script Msg: Attempted to access index 0 from array 'Obj tags' of length 0 in '/Game/FirstPersonBP/Blueprints/FirstPersonCharacter.FirstPersonCharacter_C'!
[2018.12.12-13.17.22:839][381]LogScript: Warning: Script Msg: Attempted to access index 0 from array 'Obj tags' of length 0 in '/Game/FirstPersonBP/Blueprints/FirstPersonCharacter.FirstPersonCharacter_C'!
[2018.12.12-13.17.48:028][640]LogScript: Warning: Attempted to access StaticMeshComponent0 via property Physics Object, but StaticMeshComponent0 is pending kill
	FirstPersonCharacter_C /Game/Maps/UEDPIE_0_House.House:PersistentLevel.FirstPersonCharacter_C_0
	Function /Game/FirstPersonBP/Blueprints/FirstPersonCharacter.FirstPersonCharacter_C:ExecuteUbergraph_FirstPersonCharacter:0B53
[2018.12.12-13.17.48:028][640]PIE: Error: Blueprint Runtime Error: "Attempted to access StaticMeshComponent0 via property Physics Object, but StaticMeshComponent0 is pending kill". Blueprint:  FirstPersonCharacter Function:  Execute Ubergraph First Person Character Graph:  EventGraph Node:  Set Collision Response to Channel
[2018.12.12-13.17.48:028][640]LogScript: Warning: Attempted to access StaticMeshComponent0 via property Physics Object, but StaticMeshComponent0 is pending kill
	FirstPersonCharacter_C /Game/Maps/UEDPIE_0_House.House:PersistentLevel.FirstPersonCharacter_C_0
	Function /Game/FirstPersonBP/Blueprints/FirstPersonCharacter.FirstPersonCharacter_C:ExecuteUbergraph_FirstPersonCharacter:0B7D
[2018.12.12-13.17.48:029][640]PIE: Error: Blueprint Runtime Error: "Attempted to access StaticMeshComponent0 via property Physics Object, but StaticMeshComponent0 is pending kill". Blueprint:  FirstPersonCharacter Function:  Execute Ubergraph First Person Character Graph:  EventGraph Node:  Set All Physics Linear Velocity
[2018.12.12-13.17.48:212][650]LogScript: Warning: Attempted to access StaticMeshComponent0 via property Physics Object, but StaticMeshComponent0 is pending kill
	FirstPersonCharacter_C /Game/Maps/UEDPIE_0_House.House:PersistentLevel.FirstPersonCharacter_C_0
	Function /Game/FirstPersonBP/Blueprints/FirstPersonCharacter.FirstPersonCharacter_C:ExecuteUbergraph_FirstPersonCharacter:0033
[2018.12.12-13.17.48:213][650]PIE: Error: Blueprint Runtime Error: "Attempted to access StaticMeshComponent0 via property Physics Object, but StaticMeshComponent0 is pending kill". Blueprint:  FirstPersonCharacter Function:  Execute Ubergraph First Person Character Graph:  EventGraph Node:  Set Angular Damping
[2018.12.12-13.18.21:390][359]LogBlueprintUserMessages: Early EndPlayMap Detection: Level '/Game/Maps/House.House:PersistentLevel' has LevelScriptBlueprint '/Game/Maps/House.House:PersistentLevel.House' with GeneratedClass '/Game/Maps/House.House_C' with ClassGeneratedBy '/Game/Maps/House.House:PersistentLevel.House'
[2018.12.12-13.18.21:391][359]LogSlate: Updating window title bar state: overlay mode, drag disabled, window buttons hidden, title bar hidden
[2018.12.12-13.18.21:446][359]LogPlayLevel: Display: Shutting down PIE online subsystems
[2018.12.12-13.18.21:447][359]LogBlueprintUserMessages: Late EndPlayMap Detection: Level '/Game/Maps/House.House:PersistentLevel' has LevelScriptBlueprint '/Game/Maps/House.House:PersistentLevel.House' with GeneratedClass '/Game/Maps/House.House_C' with ClassGeneratedBy '/Game/Maps/House.House:PersistentLevel.House'
[2018.12.12-13.18.21:506][359]LogSlate: Updating window title bar state: overlay mode, drag disabled, window buttons hidden, title bar hidden
[2018.12.12-13.18.21:700][360]LogPlayLevel: Display: Destroying online subsystem :Context_3
[2018.12.12-13.18.24:778][515]LogSlate: FSceneViewport::OnFocusLost() reason 0
[2018.12.12-13.18.25:168][524]LogSlate: Window 'project4 - Unreal Editor' being destroyed
[2018.12.12-13.18.25:439][525]Cmd: QUIT_EDITOR
[2018.12.12-13.18.26:302][525]LogWindowsTextInputMethodSystem: Display: IME system now deactivated.
[2018.12.12-13.18.26:318][525]LogExit: Preparing to exit.
[2018.12.12-13.18.27:300][525]LogExit: Editor shut down
[2018.12.12-13.18.27:300][525]LogExit: Transaction tracking system shut down
[2018.12.12-13.18.27:913][525]LogExit: Object subsystem successfully closed.
[2018.12.12-13.18.27:929][525]LogShaderCompilers: Display: Shaders left to compile 0
[2018.12.12-13.18.27:933][525]LogD3D11RHI: Shutdown
[2018.12.12-13.18.27:933][525]LogD3D11RHI: CleanupD3DDevice
[2018.12.12-13.18.27:935][525]LogD3D11RHI: ~FD3D11DynamicRHI
[2018.12.12-13.18.27:962][525]LogModuleManager: Shutting down and abandoning module MovieSceneCapture (614)
[2018.12.12-13.18.27:962][525]LogModuleManager: Shutting down and abandoning module Voice (612)
[2018.12.12-13.18.27:962][525]LogModuleManager: Shutting down and abandoning module HierarchicalLODOutliner (610)
[2018.12.12-13.18.27:962][525]LogModuleManager: Shutting down and abandoning module SceneOutliner (608)
[2018.12.12-13.18.27:962][525]LogModuleManager: Shutting down and abandoning module AddContentDialog (606)
[2018.12.12-13.18.27:965][525]LogModuleManager: Shutting down and abandoning module WidgetCarousel (605)
[2018.12.12-13.18.27:965][525]LogModuleManager: Shutting down and abandoning module EditorWidgets (602)
[2018.12.12-13.18.27:965][525]LogModuleManager: Shutting down and abandoning module CollectionManager (600)
[2018.12.12-13.18.27:965][525]LogModuleManager: Shutting down and abandoning module StatsViewer (598)
[2018.12.12-13.18.27:965][525]LogModuleManager: Shutting down and abandoning module FoliageEdit (596)
[2018.12.12-13.18.27:965][525]LogModuleManager: Shutting down and abandoning module LandscapeEditor (594)
[2018.12.12-13.18.27:965][525]LogModuleManager: Shutting down and abandoning module MeshPaintMode (592)
[2018.12.12-13.18.27:965][525]LogModuleManager: Shutting down and abandoning module SceneDepthPickerMode (590)
[2018.12.12-13.18.27:965][525]LogModuleManager: Shutting down and abandoning module ActorPickerMode (588)
[2018.12.12-13.18.27:965][525]LogModuleManager: Shutting down and abandoning module GeometryMode (586)
[2018.12.12-13.18.27:965][525]LogModuleManager: Shutting down and abandoning module TextureAlignMode (584)
[2018.12.12-13.18.27:965][525]LogModuleManager: Shutting down and abandoning module BspMode (582)
[2018.12.12-13.18.27:965][525]LogModuleManager: Shutting down and abandoning module PIEPreviewDeviceProfileSelector (580)
[2018.12.12-13.18.27:965][525]LogModuleManager: Shutting down and abandoning module SequenceRecorderSections (578)
[2018.12.12-13.18.27:965][525]LogModuleManager: Shutting down and abandoning module AutomationWorker (576)
[2018.12.12-13.18.27:965][525]LogModuleManager: Shutting down and abandoning module AudioCaptureEditor (574)
[2018.12.12-13.18.27:965][525]LogModuleManager: Shutting down and abandoning module SequenceRecorder (573)
[2018.12.12-13.18.27:966][525]LogModuleManager: Shutting down and abandoning module MatineeToLevelSequence (570)
[2018.12.12-13.18.27:966][525]LogModuleManager: Shutting down and abandoning module LevelSequenceEditor (568)
[2018.12.12-13.18.27:966][525]LogModuleManager: Shutting down and abandoning module PlacementMode (567)
[2018.12.12-13.18.27:966][525]LogModuleManager: Shutting down and abandoning module MaterialEditor (566)
[2018.12.12-13.18.27:966][525]LogModuleManager: Shutting down and abandoning module WmfMediaFactory (562)
[2018.12.12-13.18.27:966][525]LogModuleManager: Shutting down and abandoning module WmfMediaEditor (560)
[2018.12.12-13.18.27:966][525]LogModuleManager: Shutting down and abandoning module MediaPlayerEditor (558)
[2018.12.12-13.18.27:966][525]LogModuleManager: Shutting down and abandoning module OpenExrWrapper (556)
[2018.12.12-13.18.27:966][525]LogModuleManager: Shutting down and abandoning module ImgMediaFactory (554)
[2018.12.12-13.18.27:966][525]LogModuleManager: Shutting down and abandoning module ImgMediaEditor (552)
[2018.12.12-13.18.27:966][525]LogModuleManager: Shutting down and abandoning module AvfMediaFactory (550)
[2018.12.12-13.18.27:966][525]LogModuleManager: Shutting down and abandoning module AvfMediaEditor (548)
[2018.12.12-13.18.27:966][525]LogModuleManager: Shutting down and abandoning module AndroidMediaFactory (546)
[2018.12.12-13.18.27:966][525]LogModuleManager: Shutting down and abandoning module AndroidMediaEditor (544)
[2018.12.12-13.18.27:966][525]LogModuleManager: Shutting down and abandoning module MagicLeapCameraPreviewFactory (542)
[2018.12.12-13.18.27:966][525]LogModuleManager: Shutting down and abandoning module MagicLeapMediaFactory (540)
[2018.12.12-13.18.27:966][525]LogModuleManager: Shutting down and abandoning module MagicLeapMediaEditor (538)
[2018.12.12-13.18.27:966][525]LogModuleManager: Shutting down and abandoning module CharacterAI (536)
[2018.12.12-13.18.27:966][525]LogModuleManager: Shutting down and abandoning module SmartSnapping (534)
[2018.12.12-13.18.27:966][525]LogModuleManager: Shutting down and abandoning module SessionServices (532)
[2018.12.12-13.18.27:966][525]LogModuleManager: Shutting down and abandoning module ViewportSnapping (530)
[2018.12.12-13.18.27:966][525]LogModuleManager: Shutting down and abandoning module ViewportInteraction (528)
[2018.12.12-13.18.27:966][525]LogModuleManager: Shutting down and abandoning module ClothPainter (526)
[2018.12.12-13.18.27:966][525]LogModuleManager: Shutting down and abandoning module SkeletalMeshEditor (525)
[2018.12.12-13.18.27:966][525]LogModuleManager: Shutting down and abandoning module LogVisualizer (522)
[2018.12.12-13.18.27:966][525]LogModuleManager: Shutting down and abandoning module IntroTutorials (520)
[2018.12.12-13.18.27:966][525]LogModuleManager: Shutting down and abandoning module GameProjectGeneration (519)
[2018.12.12-13.18.27:966][525]LogModuleManager: Shutting down and abandoning module LuminPlatformEditor (516)
[2018.12.12-13.18.27:966][525]LogModuleManager: Shutting down and abandoning module IOSPlatformEditor (514)
[2018.12.12-13.18.27:966][525]LogModuleManager: Shutting down and abandoning module HTML5PlatformEditor (512)
[2018.12.12-13.18.27:966][525]LogModuleManager: Shutting down and abandoning module AndroidPlatformEditor (510)
[2018.12.12-13.18.27:966][525]LogModuleManager: Shutting down and abandoning module AndroidDeviceDetection (509)
[2018.12.12-13.18.28:642][525]LogModuleManager: Shutting down and abandoning module WindowsPlatformEditor (506)
[2018.12.12-13.18.28:642][525]LogModuleManager: Shutting down and abandoning module LuminRuntimeSettings (504)
[2018.12.12-13.18.28:642][525]LogModuleManager: Shutting down and abandoning module IOSRuntimeSettings (502)
[2018.12.12-13.18.28:642][525]LogModuleManager: Shutting down and abandoning module AndroidRuntimeSettings (500)
[2018.12.12-13.18.28:642][525]LogModuleManager: Shutting down and abandoning module InputBindingEditor (498)
[2018.12.12-13.18.28:642][525]LogModuleManager: Shutting down and abandoning module MergeActors (496)
[2018.12.12-13.18.28:642][525]LogModuleManager: Shutting down and abandoning module LocalizationDashboard (494)
[2018.12.12-13.18.28:642][525]LogModuleManager: Shutting down and abandoning module LocalizationService (493)
[2018.12.12-13.18.28:642][525]LogModuleManager: Shutting down and abandoning module HardwareTargeting (490)
[2018.12.12-13.18.28:643][525]LogModuleManager: Shutting down and abandoning module DeviceProfileEditor (488)
[2018.12.12-13.18.28:643][525]LogModuleManager: Shutting down and abandoning module UndoHistory (486)
[2018.12.12-13.18.28:643][525]LogModuleManager: Shutting down and abandoning module XmlParser (484)
[2018.12.12-13.18.28:643][525]LogModuleManager: Shutting down and abandoning module Blutility (482)
[2018.12.12-13.18.28:643][525]LogModuleManager: Shutting down and abandoning module ProjectSettingsViewer (480)
[2018.12.12-13.18.28:643][525]LogModuleManager: Shutting down and abandoning module ProjectTargetPlatformEditor (479)
[2018.12.12-13.18.28:643][525]LogModuleManager: Shutting down and abandoning module EditorSettingsViewer (476)
[2018.12.12-13.18.28:643][525]LogModuleManager: Shutting down and abandoning module SettingsEditor (474)
[2018.12.12-13.18.28:643][525]LogModuleManager: Shutting down and abandoning module ProjectLauncher (472)
[2018.12.12-13.18.28:643][525]LogModuleManager: Shutting down and abandoning module SessionFrontend (470)
[2018.12.12-13.18.28:643][525]LogModuleManager: Shutting down and abandoning module ProfilerClient (468)
[2018.12.12-13.18.28:643][525]LogModuleManager: Shutting down and abandoning module DeviceManager (466)
[2018.12.12-13.18.28:643][525]LogModuleManager: Shutting down and abandoning module TargetDeviceServices (465)
[2018.12.12-13.18.28:709][525]LogModuleManager: Shutting down and abandoning module AutomationController (462)
[2018.12.12-13.18.28:709][525]LogModuleManager: Shutting down and abandoning module AutomationWindow (460)
[2018.12.12-13.18.28:709][525]LogModuleManager: Shutting down and abandoning module Layers (458)
[2018.12.12-13.18.28:709][525]LogModuleManager: Shutting down and abandoning module ComponentVisualizers (456)
[2018.12.12-13.18.28:709][525]LogModuleManager: Shutting down and abandoning module DetailCustomizations (454)
[2018.12.12-13.18.28:709][525]LogModuleManager: Shutting down and abandoning module PackagesDialog (452)
[2018.12.12-13.18.28:709][525]LogModuleManager: Shutting down and abandoning module Persona (450)
[2018.12.12-13.18.28:709][525]LogModuleManager: Shutting down and abandoning module AdvancedPreviewScene (449)
[2018.12.12-13.18.28:709][525]LogModuleManager: Shutting down and abandoning module AnimGraph (447)
[2018.12.12-13.18.28:709][525]LogModuleManager: Shutting down and abandoning module Kismet (444)
[2018.12.12-13.18.28:710][525]LogModuleManager: Shutting down and abandoning module GraphEditor (442)
[2018.12.12-13.18.28:710][525]LogModuleManager: Shutting down and abandoning module ClassViewer (440)
[2018.12.12-13.18.28:710][525]LogModuleManager: Shutting down and abandoning module Toolbox (438)
[2018.12.12-13.18.28:710][525]LogModuleManager: Shutting down and abandoning module ModuleUI (436)
[2018.12.12-13.18.28:710][525]LogModuleManager: Shutting down and abandoning module MovieSceneTools (434)
[2018.12.12-13.18.28:710][525]LogModuleManager: Shutting down and abandoning module OutputLog (432)
[2018.12.12-13.18.28:710][525]LogModuleManager: Shutting down and abandoning module GammaUI (430)
[2018.12.12-13.18.28:711][525]LogModuleManager: Shutting down and abandoning module Documentation (428)
[2018.12.12-13.18.28:711][525]LogModuleManager: Shutting down and abandoning module MovieSceneTracks (426)
[2018.12.12-13.18.28:711][525]LogModuleManager: Shutting down and abandoning module MovieScene (424)
[2018.12.12-13.18.28:711][525]LogModuleManager: Shutting down and abandoning module StreamingPauseRendering (422)
[2018.12.12-13.18.28:711][525]LogModuleManager: Shutting down and abandoning module LauncherPlatform (420)
[2018.12.12-13.18.28:711][525]LogModuleManager: Shutting down and abandoning module AnalyticsET (418)
[2018.12.12-13.18.28:711][525]LogModuleManager: Shutting down and abandoning module PortalServices (416)
[2018.12.12-13.18.28:711][525]LogModuleManager: Shutting down and abandoning module PortalRpc (414)
[2018.12.12-13.18.28:711][525]LogModuleManager: Shutting down and abandoning module MessagingRpc (412)
[2018.12.12-13.18.28:711][525]LogModuleManager: Shutting down and abandoning module AIModule (410)
[2018.12.12-13.18.28:711][525]LogModuleManager: Shutting down and abandoning module GameplayDebugger (409)
[2018.12.12-13.18.28:711][525]LogModuleManager: Shutting down and abandoning module AITestSuite (407)
[2018.12.12-13.18.28:711][525]LogModuleManager: Shutting down and abandoning module NavigationSystem (405)
[2018.12.12-13.18.28:711][525]LogModuleManager: Shutting down and abandoning module DesktopPlatform (402)
[2018.12.12-13.18.28:711][525]LogModuleManager: Shutting down and abandoning module ProfilerService (400)
[2018.12.12-13.18.28:755][525]LogModuleManager: Shutting down and abandoning module TaskGraph (398)
[2018.12.12-13.18.28:755][525]LogModuleManager: Shutting down and abandoning module SteamVRController (396)
[2018.12.12-13.18.28:755][525]LogModuleManager: Shutting down and abandoning module ProceduralMeshComponentEditor (394)
[2018.12.12-13.18.28:755][525]LogModuleManager: Shutting down and abandoning module ProceduralMeshComponent (392)
[2018.12.12-13.18.28:755][525]LogModuleManager: Shutting down and abandoning module OculusInput (390)
[2018.12.12-13.18.28:755][525]LogModuleManager: Shutting down and abandoning module MobilePatchingUtils (388)
[2018.12.12-13.18.28:755][525]LogModuleManager: Shutting down and abandoning module EditableMesh (386)
[2018.12.12-13.18.28:755][525]LogModuleManager: Shutting down and abandoning module CustomMeshComponent (384)
[2018.12.12-13.18.28:755][525]LogModuleManager: Shutting down and abandoning module CableComponent (382)
[2018.12.12-13.18.28:755][525]LogModuleManager: Shutting down and abandoning module AudioCapture (380)
[2018.12.12-13.18.28:755][525]LogModuleManager: Shutting down and abandoning module ArchVisCharacter (378)
[2018.12.12-13.18.28:755][525]LogModuleManager: Shutting down and abandoning module AndroidPermission (376)
[2018.12.12-13.18.28:755][525]LogModuleManager: Shutting down and abandoning module NUTUnrealEngine4 (374)
[2018.12.12-13.18.28:755][525]LogModuleManager: Shutting down and abandoning module NetcodeUnitTest (372)
[2018.12.12-13.18.28:755][525]LogModuleManager: Shutting down and abandoning module MediaCompositingEditor (370)
[2018.12.12-13.18.28:755][525]LogModuleManager: Shutting down and abandoning module MediaCompositing (368)
[2018.12.12-13.18.28:755][525]LogModuleManager: Shutting down and abandoning module LinearTimecode (366)
[2018.12.12-13.18.28:755][525]LogModuleManager: Shutting down and abandoning module ImgMedia (364)
[2018.12.12-13.18.28:759][525]LogModuleManager: Shutting down and abandoning module HTML5Networking (362)
[2018.12.12-13.18.28:759][525]LogModuleManager: Shutting down and abandoning module GeometryCacheTracks (360)
[2018.12.12-13.18.28:759][525]LogModuleManager: Shutting down and abandoning module GeometryCacheSequencer (358)
[2018.12.12-13.18.28:759][525]LogModuleManager: Shutting down and abandoning module BackChannel (356)
[2018.12.12-13.18.28:759][525]LogModuleManager: Shutting down and abandoning module AppleVision (354)
[2018.12.12-13.18.28:759][525]LogModuleManager: Shutting down and abandoning module AppleImageUtils (352)
[2018.12.12-13.18.28:759][525]LogModuleManager: Shutting down and abandoning module AlembicImporter (350)
[2018.12.12-13.18.28:759][525]LogModuleManager: Shutting down and abandoning module AlembicLibrary (349)
[2018.12.12-13.18.28:759][525]LogModuleManager: Shutting down and abandoning module GeometryCache (348)
[2018.12.12-13.18.28:759][525]LogModuleManager: Shutting down and abandoning module GeometryCacheEd (347)
[2018.12.12-13.18.28:759][525]LogModuleManager: Shutting down and abandoning module DatasmithContentEditor (342)
[2018.12.12-13.18.28:759][525]LogModuleManager: Shutting down and abandoning module DatasmithContent (340)
[2018.12.12-13.18.28:760][525]LogModuleManager: Shutting down and abandoning module SpeedTreeImporter (338)
[2018.12.12-13.18.28:760][525]LogModuleManager: Shutting down and abandoning module PluginBrowser (336)
[2018.12.12-13.18.28:760][525]LogModuleManager: Shutting down and abandoning module MobileLauncherProfileWizard (334)
[2018.12.12-13.18.28:760][525]LogModuleManager: Shutting down and abandoning module PolygonModeling (332)
[2018.12.12-13.18.28:760][525]LogModuleManager: Shutting down and abandoning module MeshEditor (330)
[2018.12.12-13.18.28:760][525]LogModuleManager: Shutting down and abandoning module CryptoKeysOpenSSL (328)
[2018.12.12-13.18.28:760][525]LogModuleManager: Shutting down and abandoning module CryptoKeys (326)
[2018.12.12-13.18.28:760][525]LogModuleManager: Shutting down and abandoning module VisualStudioSourceCodeAccess (324)
[2018.12.12-13.18.28:760][525]LogModuleManager: Shutting down and abandoning module VisualStudioCodeSourceCodeAccess (322)
[2018.12.12-13.18.28:760][525]LogModuleManager: Shutting down and abandoning module UObjectPlugin (320)
[2018.12.12-13.18.28:760][525]LogModuleManager: Shutting down and abandoning module SubversionSourceControl (318)
[2018.12.12-13.18.28:760][525]LogModuleManager: Shutting down and abandoning module PerforceSourceControl (316)
[2018.12.12-13.18.28:760][525]LogModuleManager: Shutting down and abandoning module GitSourceControl (314)
[2018.12.12-13.18.28:760][525]LogModuleManager: Shutting down and abandoning module SourceControl (313)
[2018.12.12-13.18.28:760][525]LogModuleManager: Shutting down and abandoning module CLionSourceCodeAccess (310)
[2018.12.12-13.18.28:760][525]LogModuleManager: Shutting down and abandoning module LightPropagationVolumeEditor (308)
[2018.12.12-13.18.28:760][525]LogModuleManager: Shutting down and abandoning module PaperTiledImporter (306)
[2018.12.12-13.18.28:760][525]LogModuleManager: Shutting down and abandoning module PaperSpriteSheetImporter (304)
[2018.12.12-13.18.28:760][525]LogModuleManager: Shutting down and abandoning module Paper2DEditor (302)
[2018.12.12-13.18.28:760][525]LogModuleManager: Shutting down and abandoning module MeshPaint (301)
[2018.12.12-13.18.28:760][525]LogModuleManager: Shutting down and abandoning module RuntimePhysXCooking (298)
[2018.12.12-13.18.28:760][525]LogModuleManager: Shutting down and abandoning module PhysXVehiclesEditor (296)
[2018.12.12-13.18.28:760][525]LogModuleManager: Shutting down and abandoning module PhysXVehicles (294)
[2018.12.12-13.18.28:760][525]LogModuleManager: Shutting down and abandoning module OculusEditor (292)
[2018.12.12-13.18.28:760][525]LogModuleManager: Shutting down and abandoning module LocationServicesBPLibrary (290)
[2018.12.12-13.18.28:760][525]LogModuleManager: Shutting down and abandoning module ImmediatePhysicsEditor (288)
[2018.12.12-13.18.28:760][525]LogModuleManager: Shutting down and abandoning module ImmediatePhysics (286)
[2018.12.12-13.18.28:760][525]LogModuleManager: Shutting down and abandoning module ActorSequence (284)
[2018.12.12-13.18.28:760][525]LogModuleManager: Shutting down and abandoning module UdpMessaging (282)
[2018.12.12-13.18.28:861][525]LogModuleManager: Shutting down and abandoning module TcpMessaging (280)
[2018.12.12-13.18.28:962][525]LogModuleManager: Shutting down and abandoning module MagicLeapAudio (278)
[2018.12.12-13.18.28:962][525]LogModuleManager: Shutting down and abandoning module GameplayTagsEditor (276)
[2018.12.12-13.18.28:962][525]LogModuleManager: Shutting down and abandoning module FacialAnimationEditor (274)
[2018.12.12-13.18.28:962][525]LogModuleManager: Shutting down and abandoning module FacialAnimation (272)
[2018.12.12-13.18.28:962][525]LogModuleManager: Shutting down and abandoning module DataValidation (270)
[2018.12.12-13.18.28:962][525]LogModuleManager: Shutting down and abandoning module AssetManagerEditor (268)
[2018.12.12-13.18.28:962][525]LogModuleManager: Shutting down and abandoning module LevelEditor (267)
[2018.12.12-13.18.28:963][525]LogModuleManager: Shutting down and abandoning module PixelInspectorModule (266)
[2018.12.12-13.18.28:963][525]LogModuleManager: Shutting down and abandoning module CommonMenuExtensions (264)
[2018.12.12-13.18.28:963][525]LogModuleManager: Shutting down and abandoning module MainFrame (262)
[2018.12.12-13.18.28:963][525]LogModuleManager: Shutting down and abandoning module HotReload (261)
[2018.12.12-13.18.28:963][525]LogModuleManager: Shutting down and abandoning module ContentBrowser (257)
[2018.12.12-13.18.28:964][525]LogModuleManager: Shutting down and abandoning module TreeMap (255)
[2018.12.12-13.18.28:964][525]LogModuleManager: Shutting down and abandoning module LightPropagationVolumeRuntime (252)
[2018.12.12-13.18.28:964][525]LogModuleManager: Shutting down and abandoning module AISupportModule (250)
[2018.12.12-13.18.28:964][525]LogModuleManager: Shutting down and abandoning module Paper2D (248)
[2018.12.12-13.18.28:964][525]LogModuleManager: Shutting down and abandoning module WindowsMoviePlayer (246)
[2018.12.12-13.18.28:964][525]LogModuleManager: Shutting down and abandoning module WmfMedia (244)
[2018.12.12-13.18.28:966][525]LogModuleManager: Shutting down and abandoning module Media (243)
[2018.12.12-13.18.28:972][525]LogModuleManager: Shutting down and abandoning module PacketHandler (240)
[2018.12.12-13.18.28:972][525]LogModuleManager: Shutting down and abandoning module ClothingSystemEditor (238)
[2018.12.12-13.18.28:972][525]LogModuleManager: Shutting down and abandoning module ClothingSystemRuntime (236)
[2018.12.12-13.18.28:972][525]LogModuleManager: Shutting down and abandoning module MediaAssets (234)
[2018.12.12-13.18.28:972][525]LogModuleManager: Shutting down and abandoning module Overlay (232)
[2018.12.12-13.18.28:972][525]LogModuleManager: Shutting down and abandoning module OverlayEditor (231)
[2018.12.12-13.18.28:972][525]LogModuleManager: Shutting down and abandoning module VREditor (228)
[2018.12.12-13.18.28:972][525]LogModuleManager: Shutting down and abandoning module StringTableEditor (226)
[2018.12.12-13.18.28:972][525]LogModuleManager: Shutting down and abandoning module GameplayTasksEditor (224)
[2018.12.12-13.18.28:972][525]LogModuleManager: Shutting down and abandoning module BehaviorTreeEditor (222)
[2018.12.12-13.18.28:972][525]LogModuleManager: Shutting down and abandoning module FunctionalTesting (220)
[2018.12.12-13.18.28:972][525]LogModuleManager: Shutting down and abandoning module CollisionAnalyzer (218)
[2018.12.12-13.18.28:972][525]LogModuleManager: Shutting down and abandoning module WorkspaceMenuStructure (217)
[2018.12.12-13.18.28:972][525]LogModuleManager: Shutting down and abandoning module UMG (214)
[2018.12.12-13.18.28:972][525]LogModuleManager: Shutting down and abandoning module UMGEditor (213)
[2018.12.12-13.18.28:972][525]LogModuleManager: Shutting down and abandoning module Sequencer (212)
[2018.12.12-13.18.28:972][525]LogModuleManager: Shutting down and abandoning module MessageLog (209)
[2018.12.12-13.18.28:972][525]LogModuleManager: Shutting down and abandoning module SlateReflector (204)
[2018.12.12-13.18.28:972][525]LogModuleManager: Shutting down and abandoning module Slate (202)
[2018.12.12-13.18.28:972][525]LogModuleManager: Shutting down and abandoning module EditorStyle (200)
[2018.12.12-13.18.28:974][525]LogModuleManager: Shutting down and abandoning module MRMesh (198)
[2018.12.12-13.18.28:974][525]LogModuleManager: Shutting down and abandoning module SourceCodeAccess (196)
[2018.12.12-13.18.28:974][525]LogModuleManager: Shutting down and abandoning module HeadMountedDisplay (194)
[2018.12.12-13.18.28:974][525]LogModuleManager: Shutting down and abandoning module XAudio2 (192)
[2018.12.12-13.18.28:974][525]LogModuleManager: Shutting down and abandoning module Networking (190)
[2018.12.12-13.18.28:974][525]LogModuleManager: Shutting down and abandoning module Core (188)
[2018.12.12-13.18.28:974][525]LogModuleManager: Shutting down and abandoning module LevelSequence (186)
[2018.12.12-13.18.28:974][525]LogModuleManager: Shutting down and abandoning module KismetCompiler (184)
[2018.12.12-13.18.28:974][525]LogModuleManager: Shutting down and abandoning module MeshUtilities (182)
[2018.12.12-13.18.28:974][525]LogModuleManager: Shutting down and abandoning module MeshMergeUtilities (181)
[2018.12.12-13.18.28:974][525]LogModuleManager: Shutting down and abandoning module MeshReductionInterface (180)
[2018.12.12-13.18.28:974][525]LogModuleManager: Shutting down and abandoning module SimplygonSwarm (179)
[2018.12.12-13.18.28:974][525]LogModuleManager: Shutting down and abandoning module ProxyLODMeshReduction (177)
[2018.12.12-13.18.28:974][525]LogModuleManager: Shutting down and abandoning module SimplygonMeshReduction (175)
[2018.12.12-13.18.28:974][525]LogModuleManager: Shutting down and abandoning module QuadricMeshReduction (173)
[2018.12.12-13.18.28:974][525]LogModuleManager: Shutting down and abandoning module MaterialBaking (169)
[2018.12.12-13.18.28:974][525]LogModuleManager: Shutting down and abandoning module DirectoryWatcher (165)
[2018.12.12-13.18.28:974][525]LogModuleManager: Shutting down and abandoning module DerivedDataCache (162)
[2018.12.12-13.18.28:987][525]LogDerivedDataCache: Shutdown
[2018.12.12-13.18.28:987][525]LogModuleManager: Shutting down and abandoning module XGEController (160)
[2018.12.12-13.18.28:987][525]LogXGEController: Cleaning working directory: C:/Users/Leonardo/AppData/Local/Temp/UnrealXGEWorkingDir/
[2018.12.12-13.18.28:987][525]LogModuleManager: Shutting down and abandoning module TargetPlatform (158)
[2018.12.12-13.18.28:987][525]LogModuleManager: Shutting down and abandoning module VulkanShaderFormat (157)
[2018.12.12-13.18.28:987][525]LogModuleManager: Shutting down and abandoning module ShaderFormatVectorVM (155)
[2018.12.12-13.18.28:987][525]LogModuleManager: Shutting down and abandoning module ShaderFormatOpenGL (153)
[2018.12.12-13.18.28:987][525]LogModuleManager: Shutting down and abandoning module ShaderFormatD3D (151)
[2018.12.12-13.18.28:987][525]LogModuleManager: Shutting down and abandoning module MetalShaderFormat (149)
[2018.12.12-13.18.28:987][525]LogModuleManager: Shutting down and abandoning module TextureFormatUncompressed (147)
[2018.12.12-13.18.28:987][525]LogModuleManager: Shutting down and abandoning module TextureFormatPVR (145)
[2018.12.12-13.18.28:987][525]LogModuleManager: Shutting down and abandoning module TextureFormatDXT (143)
[2018.12.12-13.18.28:987][525]LogModuleManager: Shutting down and abandoning module TextureFormatIntelISPCTexComp (141)
[2018.12.12-13.18.28:987][525]LogModuleManager: Shutting down and abandoning module TextureFormatASTC (139)
[2018.12.12-13.18.28:987][525]LogModuleManager: Shutting down and abandoning module ImageWrapper (138)
[2018.12.12-13.18.28:987][525]LogModuleManager: Shutting down and abandoning module TextureFormatAndroid (135)
[2018.12.12-13.18.28:987][525]LogModuleManager: Shutting down and abandoning module AudioFormatOpus (133)
[2018.12.12-13.18.28:987][525]LogModuleManager: Shutting down and abandoning module AudioFormatOgg (131)
[2018.12.12-13.18.28:987][525]LogModuleManager: Shutting down and abandoning module AudioFormatADPCM (129)
[2018.12.12-13.18.28:987][525]LogModuleManager: Shutting down and abandoning module LuminTargetPlatform (127)
[2018.12.12-13.18.28:987][525]LogModuleManager: Shutting down and abandoning module LinuxTargetPlatform (125)
[2018.12.12-13.18.28:987][525]LogModuleManager: Shutting down and abandoning module LinuxServerTargetPlatform (123)
[2018.12.12-13.18.28:987][525]LogModuleManager: Shutting down and abandoning module LinuxNoEditorTargetPlatform (121)
[2018.12.12-13.18.28:987][525]LogModuleManager: Shutting down and abandoning module LinuxClientTargetPlatform (119)
[2018.12.12-13.18.28:987][525]LogModuleManager: Shutting down and abandoning module TVOSTargetPlatform (117)
[2018.12.12-13.18.28:988][525]LogModuleManager: Shutting down and abandoning module Messaging (115)
[2018.12.12-13.18.28:988][525]LogModuleManager: Shutting down and abandoning module IOSTargetPlatform (113)
[2018.12.12-13.18.28:989][525]LogModuleManager: Shutting down and abandoning module HTML5TargetPlatform (111)
[2018.12.12-13.18.28:989][525]LogModuleManager: Shutting down and abandoning module AndroidTargetPlatform (109)
[2018.12.12-13.18.28:994][525]LogModuleManager: Shutting down and abandoning module WindowsTargetPlatform (107)
[2018.12.12-13.18.28:994][525]LogModuleManager: Shutting down and abandoning module WindowsServerTargetPlatform (105)
[2018.12.12-13.18.28:994][525]LogModuleManager: Shutting down and abandoning module WindowsNoEditorTargetPlatform (103)
[2018.12.12-13.18.28:994][525]LogModuleManager: Shutting down and abandoning module WindowsClientTargetPlatform (101)
[2018.12.12-13.18.28:994][525]LogModuleManager: Shutting down and abandoning module MacTargetPlatform (99)
[2018.12.12-13.18.28:994][525]LogModuleManager: Shutting down and abandoning module MacServerTargetPlatform (97)
[2018.12.12-13.18.28:994][525]LogModuleManager: Shutting down and abandoning module MacNoEditorTargetPlatform (95)
[2018.12.12-13.18.28:994][525]LogModuleManager: Shutting down and abandoning module MacClientTargetPlatform (93)
[2018.12.12-13.18.28:994][525]LogModuleManager: Shutting down and abandoning module AllDesktopTargetPlatform (91)
[2018.12.12-13.18.28:994][525]LogModuleManager: Shutting down and abandoning module InputCore (88)
[2018.12.12-13.18.28:994][525]LogModuleManager: Shutting down and abandoning module Settings (86)
[2018.12.12-13.18.28:994][525]LogModuleManager: Shutting down and abandoning module PhysXCooking (84)
[2018.12.12-13.18.28:994][525]LogModuleManager: Shutting down and abandoning module SteamVR (82)
[2018.12.12-13.18.28:994][525]LogModuleManager: Shutting down and abandoning module OculusHMD (80)
[2018.12.12-13.18.28:994][525]LogModuleManager: Shutting down and abandoning module ExampleDeviceProfileSelector (78)
[2018.12.12-13.18.28:994][525]LogModuleManager: Shutting down and abandoning module LauncherChunkInstaller (76)
[2018.12.12-13.18.28:994][525]LogModuleManager: Shutting down and abandoning module OnlineBlueprintSupport (74)
[2018.12.12-13.18.28:994][525]LogModuleManager: Shutting down and abandoning module OnlineSubsystem (70)
[2018.12.12-13.18.28:995][525]LogModuleManager: Shutting down and abandoning module XMPP (65)
[2018.12.12-13.18.28:995][525]LogModuleManager: Shutting down and abandoning module WebSockets (64)
[2018.12.12-13.18.29:012][525]LogModuleManager: Shutting down and abandoning module HTTP (61)
[2018.12.12-13.18.29:012][525]LogHttp: Display: Http module shutting down, but needs to wait on 1 outstanding Http requests:
[2018.12.12-13.18.29:012][525]LogHttp: Display: 	verb=[POST] url=[https://datarouter.ol.epicgames.com/datarouter/api/v1/public/data?SessionID=%7B09F88632-4E89-469C-C456-739762E7F35C%7D&AppID=UEEditor.Rocket.Release&AppVersion=4.20.3-4369336%2B%2B%2BUE4%2BRelease-4.20&UserID=06ddd2cd4cd4d2ad9a4d9f90f9879bcb%7Cbcb4224273044665b67c0bf5e83c5629%7C898a35c8-dfe2-4c80-bff5-747a2359ab68&AppEnvironment=datacollector-binary&UploadType=eteventstream] status=Processing
[2018.12.12-13.18.29:020][525]LogModuleManager: Shutting down and abandoning module SSL (60)
[2018.12.12-13.18.29:021][525]LogModuleManager: Shutting down and abandoning module MagicLeapEmulator (56)
[2018.12.12-13.18.29:021][525]LogModuleManager: Shutting down and abandoning module MagicLeapPrivileges (54)
[2018.12.12-13.18.29:021][525]LogModuleManager: Shutting down and abandoning module MagicLeapIdentity (52)
[2018.12.12-13.18.29:021][525]LogModuleManager: Shutting down and abandoning module MagicLeapHelperVulkan (50)
[2018.12.12-13.18.29:021][525]LogModuleManager: Shutting down and abandoning module MagicLeapHelperOpenGL (48)
[2018.12.12-13.18.29:021][525]LogModuleManager: Shutting down and abandoning module MagicLeapSecureStorage (46)
[2018.12.12-13.18.29:021][525]LogModuleManager: Shutting down and abandoning module MagicLeapGestures (44)
[2018.12.12-13.18.29:021][525]LogModuleManager: Shutting down and abandoning module MagicLeapEyeTracker (42)
[2018.12.12-13.18.29:021][525]LogModuleManager: Shutting down and abandoning module MagicLeapController (40)
[2018.12.12-13.18.29:021][525]LogSlate: Slate User Destroyed.  User Index 0, Is Virtual User: 0
[2018.12.12-13.18.29:021][525]LogModuleManager: Shutting down and abandoning module MagicLeap (38)
[2018.12.12-13.18.29:021][525]LogModuleManager: Shutting down and abandoning module AnimationModifiers (36)
[2018.12.12-13.18.29:021][525]LogModuleManager: Shutting down and abandoning module PropertyEditor (35)
[2018.12.12-13.18.29:021][525]LogModuleManager: Shutting down and abandoning module AudioEditor (32)
[2018.12.12-13.18.29:021][525]LogModuleManager: Shutting down and abandoning module TextureCompressor (30)
[2018.12.12-13.18.29:022][525]LogModuleManager: Shutting down and abandoning module ShaderCore (28)
[2018.12.12-13.18.29:022][525]LogModuleManager: Shutting down and abandoning module Landscape (26)
[2018.12.12-13.18.29:022][525]LogModuleManager: Shutting down and abandoning module SlateRHIRenderer (24)
[2018.12.12-13.18.29:022][525]LogModuleManager: Shutting down and abandoning module OpenGLDrv (22)
[2018.12.12-13.18.29:022][525]LogModuleManager: Shutting down and abandoning module D3D11RHI (20)
[2018.12.12-13.18.29:022][525]LogModuleManager: Shutting down and abandoning module AnimGraphRuntime (18)
[2018.12.12-13.18.29:022][525]LogModuleManager: Shutting down and abandoning module Renderer (16)
[2018.12.12-13.18.29:022][525]LogModuleManager: Shutting down and abandoning module Engine (14)
[2018.12.12-13.18.29:022][525]LogModuleManager: Shutting down and abandoning module CoreUObject (12)
[2018.12.12-13.18.29:022][525]LogModuleManager: Shutting down and abandoning module NetworkFile (10)
[2018.12.12-13.18.29:022][525]LogModuleManager: Shutting down and abandoning module CookedIterativeFile (8)
[2018.12.12-13.18.29:022][525]LogModuleManager: Shutting down and abandoning module StreamingFile (6)
[2018.12.12-13.18.29:022][525]LogModuleManager: Shutting down and abandoning module SandboxFile (4)
[2018.12.12-13.18.29:022][525]LogModuleManager: Shutting down and abandoning module PakFile (2)
[2018.12.12-13.18.29:029][525]LogExit: Exiting.
[2018.12.12-13.18.29:032][525]Log file closed, 12/12/18 08:18:29
