Log file open, 12/10/18 13:53:58
LogWindows: Failed to load 'aqProf.dll' (GetLastError=126)
LogWindows: File 'aqProf.dll' does not exist
LogWindows: Failed to load 'VSPerf140.dll' (GetLastError=126)
LogWindows: File 'VSPerf140.dll' does not exist
LogWindows: Failed to load 'VtuneApi.dll' (GetLastError=126)
LogWindows: File 'VtuneApi.dll' does not exist
LogWindows: Failed to load 'VtuneApi32e.dll' (GetLastError=126)
LogWindows: File 'VtuneApi32e.dll' does not exist
LogInit: Display: Running engine for game: project4
LogPlatformFile: Not using cached read wrapper
LogTaskGraph: Started task graph with 5 named threads and 35 total threads with 3 sets of task threads.
LogStats: Stats thread started at 0.392661
LogD3D11RHI: Loaded GFSDK_Aftermath_Lib.x64.dll
LogICUInternationalization: Display: ICU TimeZone Detection - Raw Offset: -5:00, Platform Override: ''
LogPluginManager: Mounting plugin Paper2D
LogPluginManager: Mounting plugin AISupport
LogPluginManager: Mounting plugin LightPropagationVolume
LogPluginManager: Mounting plugin CLionSourceCodeAccess
LogPluginManager: Mounting plugin CodeLiteSourceCodeAccess
LogPluginManager: Mounting plugin GitSourceControl
LogPluginManager: Mounting plugin KDevelopSourceCodeAccess
LogPluginManager: Mounting plugin NullSourceCodeAccess
LogPluginManager: Mounting plugin PerforceSourceControl
LogPluginManager: Mounting plugin SubversionSourceControl
LogPluginManager: Mounting plugin UObjectPlugin
LogPluginManager: Mounting plugin VisualStudioCodeSourceCodeAccess
LogPluginManager: Mounting plugin VisualStudioSourceCodeAccess
LogPluginManager: Mounting plugin XCodeSourceCodeAccess
LogPluginManager: Mounting plugin AssetManagerEditor
LogPluginManager: Mounting plugin CryptoKeys
LogPluginManager: Mounting plugin DataValidation
LogPluginManager: Mounting plugin FacialAnimation
LogPluginManager: Mounting plugin GameplayTagsEditor
LogPluginManager: Mounting plugin MacGraphicsSwitching
LogPluginManager: Mounting plugin MeshEditor
LogPluginManager: Mounting plugin MobileLauncherProfileWizard
LogPluginManager: Mounting plugin PluginBrowser
LogPluginManager: Mounting plugin SpeedTreeImporter
LogPluginManager: Mounting plugin DatasmithContent
LogPluginManager: Mounting plugin AlembicImporter
LogPluginManager: Mounting plugin AppleImageUtils
LogPluginManager: Mounting plugin AppleVision
LogPluginManager: Mounting plugin BackChannel
LogPluginManager: Mounting plugin CharacterAI
LogPluginManager: Mounting plugin GeometryCache
LogPluginManager: Mounting plugin HTML5Networking
LogPluginManager: Mounting plugin ProxyLODPlugin
LogPluginManager: Mounting plugin MagicLeap
LogPluginManager: Mounting plugin MagicLeapEmulator
LogPluginManager: Mounting plugin MagicLeapMedia
LogPluginManager: Mounting plugin AndroidMedia
LogPluginManager: Mounting plugin AvfMedia
LogPluginManager: Mounting plugin ImgMedia
LogPluginManager: Mounting plugin LinearTimecode
LogPluginManager: Mounting plugin MediaCompositing
LogPluginManager: Mounting plugin MediaPlayerEditor
LogPluginManager: Mounting plugin WmfMedia
LogPluginManager: Mounting plugin TcpMessaging
LogPluginManager: Mounting plugin UdpMessaging
LogPluginManager: Mounting plugin ActorSequence
LogPluginManager: Mounting plugin LevelSequenceEditor
LogPluginManager: Mounting plugin MatineeToLevelSequence
LogPluginManager: Mounting plugin NetcodeUnitTest
LogPluginManager: Mounting plugin NUTUnrealEngine4
LogPluginManager: Mounting plugin OnlineSubsystemGooglePlay
LogPluginManager: Mounting plugin OnlineSubsystemIOS
LogPluginManager: Mounting plugin OnlineSubsystem
LogPluginManager: Mounting plugin OnlineSubsystemNull
LogPluginManager: Mounting plugin OnlineSubsystemUtils
LogPluginManager: Mounting plugin LauncherChunkInstaller
LogPluginManager: Mounting plugin AndroidDeviceProfileSelector
LogPluginManager: Mounting plugin AndroidMoviePlayer
LogPluginManager: Mounting plugin AndroidPermission
LogPluginManager: Mounting plugin AppleMoviePlayer
LogPluginManager: Mounting plugin ArchVisCharacter
LogPluginManager: Mounting plugin AudioCapture
LogPluginManager: Mounting plugin CableComponent
LogPluginManager: Mounting plugin CustomMeshComponent
LogPluginManager: Mounting plugin EditableMesh
LogPluginManager: Mounting plugin ExampleDeviceProfileSelector
LogPluginManager: Mounting plugin GoogleCloudMessaging
LogPluginManager: Mounting plugin ImmediatePhysics
LogPluginManager: Mounting plugin IOSDeviceProfileSelector
LogPluginManager: Mounting plugin LinuxDeviceProfileSelector
LogPluginManager: Mounting plugin LocationServicesBPLibrary
LogPluginManager: Mounting plugin MobilePatchingUtils
LogPluginManager: Mounting plugin OculusVR
LogPluginManager: Plugin shader directory ../../../Engine/Plugins/Runtime/Oculus/OculusVR/Shaders found
LogPluginManager: Mapping shader source directory ../../../Engine/Plugins/Runtime/Oculus/OculusVR/Shaders to virtual directory /Plugin/OculusVR
LogPluginManager: Mounting plugin PhysXVehicles
LogPluginManager: Mounting plugin ProceduralMeshComponent
LogPluginManager: Mounting plugin RuntimePhysXCooking
LogPluginManager: Mounting plugin SteamVR
LogPluginManager: Mounting plugin WindowsMoviePlayer
LogStreaming: Display: Took  0.141s to configure plugins.
LogInit: Using libcurl 7.55.1-DEV
LogInit:  - built for x86_64-pc-win32
LogInit:  - supports SSL with OpenSSL/1.0.2h
LogInit:  - supports HTTP deflate (compression) using libz 1.2.8
LogInit:  - other features:
LogInit:      CURL_VERSION_SSL
LogInit:      CURL_VERSION_LIBZ
LogInit:      CURL_VERSION_IPV6
LogInit:      CURL_VERSION_ASYNCHDNS
LogInit:      CURL_VERSION_LARGEFILE
LogInit:      CURL_VERSION_IDN
LogInit:  CurlRequestOptions (configurable via config and command line):
LogInit:  - bVerifyPeer = false  - Libcurl will NOT verify peer certificate
LogInit:  - bUseHttpProxy = false  - Libcurl will NOT use HTTP proxy
LogInit:  - bDontReuseConnections = false  - Libcurl will reuse connections
LogInit:  - CertBundlePath = nullptr  - Libcurl will use whatever was configured at build time.
LogInit:  - MaxHostConnections = 16  - Libcurl will limit the number of connections to a host
LogInit:  - LocalHostAddr = Default
LogInit:  - BufferSize = 65536
LogInit: WinSock: version 1.1 (2.2), MaxSocks=32767, MaxUdp=65467
LogInit: Build: ++UE4+Release-4.20-CL-4369336
LogInit: Engine Version: 4.20.3-4369336+++UE4+Release-4.20
LogInit: Compatible Engine Version: 4.20.0-4212847+++UE4+Release-4.20
LogInit: Net CL: 4212847
LogInit: OS: Windows 10 (), CPU: Intel(R) Core(TM) i7-8700K CPU @ 3.70GHz, GPU: NVIDIA GeForce GTX 1080 Ti
LogInit: Compiled (64-bit): Sep 17 2018 12:26:19
LogInit: Compiled with Visual C++: 19.13.26129.00
LogInit: Build Configuration: Development
LogInit: Branch Name: ++UE4+Release-4.20
LogInit: Command Line: 
LogInit: Base Directory: D:/Epic Games/UE_4.20/Engine/Binaries/Win64/
LogInit: Installed Engine Build: 1
LogDevObjectVersion: Number of dev versions registered: 20
LogDevObjectVersion:   Dev-Blueprints (B0D832E4-1F89-4F0D-ACCF-7EB736FD4AA2): 10
LogDevObjectVersion:   Dev-Build (E1C64328-A22C-4D53-A36C-8E866417BD8C): 0
LogDevObjectVersion:   Dev-Core (375EC13C-06E4-48FB-B500-84F0262A717E): 2
LogDevObjectVersion:   Dev-Editor (E4B068ED-F494-42E9-A231-DA0B2E46BB41): 24
LogDevObjectVersion:   Dev-Framework (CFFC743F-43B0-4480-9391-14DF171D2073): 34
LogDevObjectVersion:   Dev-Mobile (B02B49B5-BB20-44E9-A304-32B752E40360): 2
LogDevObjectVersion:   Dev-Networking (A4E4105C-59A1-49B5-A7C5-40C4547EDFEE): 0
LogDevObjectVersion:   Dev-Online (39C831C9-5AE6-47DC-9A44-9C173E1C8E7C): 0
LogDevObjectVersion:   Dev-Physics (78F01B33-EBEA-4F98-B9B4-84EACCB95AA2): 0
LogDevObjectVersion:   Dev-Platform (6631380F-2D4D-43E0-8009-CF276956A95A): 0
LogDevObjectVersion:   Dev-Rendering (12F88B9F-8875-4AFC-A67C-D90C383ABD29): 26
LogDevObjectVersion:   Dev-Sequencer (7B5AE74C-D270-4C10-A958-57980B212A5A): 9
LogDevObjectVersion:   Dev-VR (D7296918-1DD6-4BDD-9DE2-64A83CC13884): 2
LogDevObjectVersion:   Dev-LoadTimes (C2A15278-BFE7-4AFE-6C17-90FF531DF755): 1
LogDevObjectVersion:   Private-Geometry (6EACA3D4-40EC-4CC1-B786-8BED09428FC5): 3
LogDevObjectVersion:   Dev-AnimPhys (29E575DD-E0A3-4627-9D10-D276232CDCEA): 17
LogDevObjectVersion:   Dev-ReflectionCapture (6B266CEC-1EC7-4B8F-A30B-E4D90942FC07): 1
LogDevObjectVersion:   Dev-Automation (0DF73D61-A23F-47EA-B727-89E90C41499A): 1
LogDevObjectVersion:   FortniteMain (601D1886-AC64-4F84-AA16-D3DE0DEAC7D6): 12
LogDevObjectVersion:   Dev-Enterprise (9DFFBCD6-494F-0158-E221-12823C92A888): 1
LogStreaming: Display: Took  0.003s to delete old logs.
LogInit: Presizing for max 8388607 objects, including 0 objects not considered by GC, pre-allocating 0 bytes for permanent pool.
LogInit: Object subsystem initialized
[2018.12.10-18.53.59:067][  0]LogInit: Selected Device Profile: [Windows]
[2018.12.10-18.53.59:068][  0]LogInit: Applying CVar settings loaded from the selected device profile: [Windows]
[2018.12.10-18.53.59:075][  0]LogHAL: Display: Platform has ~ 32 GB [34157617152 / 34359738368 / 32], which maps to Largest [LargestMinGB=32, LargerMinGB=12, DefaultMinGB=8, SmallerMinGB=6, SmallestMinGB=0)
[2018.12.10-18.53.59:075][  0]LogInit: Setting Device Profile CVar: [[r.Vulkan.UseRealUBs:1]]
[2018.12.10-18.53.59:075][  0]LogInit: Going up to parent DeviceProfile []
[2018.12.10-18.53.59:076][  0]LogInit: Computer: DESKTOP-1MGU58P
[2018.12.10-18.53.59:076][  0]LogInit: User: super
[2018.12.10-18.53.59:076][  0]LogInit: CPU Page size=4096, Cores=6
[2018.12.10-18.53.59:076][  0]LogInit: High frequency timer resolution =3.609371 MHz
[2018.12.10-18.53.59:076][  0]LogMemory: Memory total: Physical=31.8GB (32GB approx)
[2018.12.10-18.53.59:076][  0]LogMemory: Platform Memory Stats for Windows
[2018.12.10-18.53.59:076][  0]LogMemory: Process Physical Memory: 101.16 MB used, 101.16 MB peak
[2018.12.10-18.53.59:076][  0]LogMemory: Process Virtual Memory: 90.25 MB used, 90.25 MB peak
[2018.12.10-18.53.59:076][  0]LogMemory: Physical Memory: 8739.36 MB used,  23835.89 MB free, 32575.24 MB total
[2018.12.10-18.53.59:076][  0]LogMemory: Virtual Memory: 4661.73 MB used,  23835.89 MB free, 134217728.00 MB total
[2018.12.10-18.53.59:090][  0]LogInit: Using OS detected language (en-US).
[2018.12.10-18.53.59:090][  0]LogInit: Using OS detected locale (en-US).
[2018.12.10-18.53.59:090][  0]LogTextLocalizationManager: No specific localization for 'en-US' exists, so the 'en' localization will be used.
[2018.12.10-18.53.59:365][  0]LogStreaming: Display: Took  0.276s to InitEngineTextLocalization.
[2018.12.10-18.53.59:366][  0]LogInit: Setting process to per monitor DPI aware
[2018.12.10-18.53.59:388][  0]LogSlate: New Slate User Created.  User Index 0, Is Virtual User: 0
[2018.12.10-18.53.59:388][  0]LogSlate: Slate User Registered.  User Index 0, Is Virtual User: 0
[2018.12.10-18.53.59:522][  0]LogHMD: Failed to initialize OpenVR with code 110
[2018.12.10-18.53.59:522][  0]LogD3D11RHI: D3D11 adapters:
[2018.12.10-18.53.59:582][  0]LogD3D11RHI:    0. 'NVIDIA GeForce GTX 1080 Ti' (Feature Level 11_0)
[2018.12.10-18.53.59:582][  0]LogD3D11RHI:       11127/0/16287 MB DedicatedVideo/DedicatedSystem/SharedSystem, Outputs:1, VendorId:0x10de
[2018.12.10-18.53.59:593][  0]LogD3D11RHI:    1. 'Intel(R) UHD Graphics 630' (Feature Level 11_0)
[2018.12.10-18.53.59:593][  0]LogD3D11RHI:       128/0/16287 MB DedicatedVideo/DedicatedSystem/SharedSystem, Outputs:0, VendorId:0x8086
[2018.12.10-18.53.59:595][  0]LogD3D11RHI:    2. 'Microsoft Basic Render Driver' (Feature Level 11_0)
[2018.12.10-18.53.59:595][  0]LogD3D11RHI:       0/0/16287 MB DedicatedVideo/DedicatedSystem/SharedSystem, Outputs:0, VendorId:0x1414
[2018.12.10-18.53.59:595][  0]LogD3D11RHI: Chosen D3D11 Adapter: 0
[2018.12.10-18.53.59:600][  0]LogD3D11RHI: Creating new Direct3DDevice
[2018.12.10-18.53.59:600][  0]LogD3D11RHI:     GPU DeviceId: 0x1b06 (for the marketing name, search the web for "GPU Device Id")
[2018.12.10-18.53.59:600][  0]LogWindows: EnumDisplayDevices:
[2018.12.10-18.53.59:601][  0]LogWindows:    0. 'NVIDIA GeForce GTX 1080 Ti' (P:1 D:1)
[2018.12.10-18.53.59:601][  0]LogWindows:    1. 'NVIDIA GeForce GTX 1080 Ti' (P:0 D:0)
[2018.12.10-18.53.59:601][  0]LogWindows:    2. 'NVIDIA GeForce GTX 1080 Ti' (P:0 D:0)
[2018.12.10-18.53.59:601][  0]LogWindows:    3. 'NVIDIA GeForce GTX 1080 Ti' (P:0 D:0)
[2018.12.10-18.53.59:602][  0]LogWindows:    4. 'Intel(R) UHD Graphics 630' (P:0 D:0)
[2018.12.10-18.53.59:602][  0]LogWindows:    5. 'Intel(R) UHD Graphics 630' (P:0 D:0)
[2018.12.10-18.53.59:602][  0]LogWindows:    6. 'Intel(R) UHD Graphics 630' (P:0 D:0)
[2018.12.10-18.53.59:602][  0]LogWindows: DebugString: PrimaryIsNotTheChoosenAdapter PrimaryIsNotTheChoosenAdapter PrimaryIsNotTheChoosenAdapter FoundDriverCount:4 
[2018.12.10-18.53.59:602][  0]LogD3D11RHI:     Adapter Name: NVIDIA GeForce GTX 1080 Ti
[2018.12.10-18.53.59:602][  0]LogD3D11RHI:   Driver Version: 397.93 (internal:24.21.13.9793, unified:397.93)
[2018.12.10-18.53.59:602][  0]LogD3D11RHI:      Driver Date: 5-22-2018
[2018.12.10-18.53.59:602][  0]LogRHI: Texture pool is 7788 MB (70% of 11127 MB)
[2018.12.10-18.53.59:638][  0]LogD3D11RHI: Async texture creation enabled
[2018.12.10-18.53.59:655][  0]LogD3D11RHI: GPU Timing Frequency: 1000.000000 (Debug: 2 2)
[2018.12.10-18.53.59:698][  0]LogShaderCompilers: Guid format shader working directory is -9 characters bigger than the processId version (C:/Users/super/OneDrive/Documents/GD_project4/project4/Intermediate/Shaders/WorkingDirectory/14468/).
[2018.12.10-18.53.59:698][  0]LogShaderCompilers: Cleaned the shader compiler working directory 'C:/Users/super/AppData/Local/Temp/UnrealShaderWorkingDir/D20D534241531498073C5784EAB36861/'.
[2018.12.10-18.53.59:987][  0]LogTemp: Display: Loaded TP AllDesktopTargetPlatform
[2018.12.10-18.53.59:997][  0]LogTemp: Display: Loaded TP MacClientTargetPlatform
[2018.12.10-18.54.00:015][  0]LogTemp: Display: Loaded TP MacNoEditorTargetPlatform
[2018.12.10-18.54.00:024][  0]LogTemp: Display: Loaded TP MacServerTargetPlatform
[2018.12.10-18.54.00:032][  0]LogTemp: Display: Loaded TP MacTargetPlatform
[2018.12.10-18.54.00:041][  0]LogTemp: Display: Loaded TP WindowsClientTargetPlatform
[2018.12.10-18.54.00:050][  0]LogTemp: Display: Loaded TP WindowsNoEditorTargetPlatform
[2018.12.10-18.54.00:059][  0]LogTemp: Display: Loaded TP WindowsServerTargetPlatform
[2018.12.10-18.54.00:064][  0]LogTemp: Display: Loaded TP WindowsTargetPlatform
[2018.12.10-18.54.00:120][  0]LogTemp: Display: Loaded TP AndroidTargetPlatform
[2018.12.10-18.54.00:120][  0]LogTemp: Display: Loaded TP AndroidTargetPlatform
[2018.12.10-18.54.00:120][  0]LogTemp: Display: Loaded TP AndroidTargetPlatform
[2018.12.10-18.54.00:120][  0]LogTemp: Display: Loaded TP AndroidTargetPlatform
[2018.12.10-18.54.00:120][  0]LogTemp: Display: Loaded TP AndroidTargetPlatform
[2018.12.10-18.54.00:120][  0]LogTemp: Display: Loaded TP AndroidTargetPlatform
[2018.12.10-18.54.00:120][  0]LogTemp: Display: Loaded TP AndroidTargetPlatform
[2018.12.10-18.54.00:120][  0]LogTemp: Display: Loaded TP AndroidTargetPlatform
[2018.12.10-18.54.00:120][  0]LogTemp: Display: Loaded TP AndroidTargetPlatform
[2018.12.10-18.54.00:120][  0]LogTemp: Display: Loaded TP AndroidTargetPlatform
[2018.12.10-18.54.00:120][  0]LogTemp: Display: Loaded TP AndroidTargetPlatform
[2018.12.10-18.54.00:120][  0]LogTemp: Display: Loaded TP AndroidTargetPlatform
[2018.12.10-18.54.00:120][  0]LogTemp: Display: Loaded TP AndroidTargetPlatform
[2018.12.10-18.54.00:120][  0]LogTemp: Display: Loaded TP AndroidTargetPlatform
[2018.12.10-18.54.00:120][  0]LogTemp: Display: Loaded TP AndroidTargetPlatform
[2018.12.10-18.54.00:120][  0]LogTemp: Display: Loaded TP AndroidTargetPlatform
[2018.12.10-18.54.00:121][  0]LogTemp: Display: Loaded TP AndroidTargetPlatform
[2018.12.10-18.54.00:121][  0]LogTemp: Display: Loaded TP AndroidTargetPlatform
[2018.12.10-18.54.00:121][  0]LogTemp: Display: Loaded TP HTML5TargetPlatform
[2018.12.10-18.54.00:174][  0]LogTemp: Display: Loaded TP IOSTargetPlatform
[2018.12.10-18.54.00:174][  0]LogTemp: Display: Loaded TP IOSTargetPlatform
[2018.12.10-18.54.00:191][  0]LogTemp: Display: Loaded TP TVOSTargetPlatform
[2018.12.10-18.54.00:191][  0]LogTemp: Display: Loaded TP TVOSTargetPlatform
[2018.12.10-18.54.00:200][  0]LogTemp: Display: Loaded TP LinuxClientTargetPlatform
[2018.12.10-18.54.00:209][  0]LogTemp: Display: Loaded TP LinuxNoEditorTargetPlatform
[2018.12.10-18.54.00:218][  0]LogTemp: Display: Loaded TP LinuxServerTargetPlatform
[2018.12.10-18.54.00:227][  0]LogTemp: Display: Loaded TP LinuxTargetPlatform
[2018.12.10-18.54.00:234][  0]LogTemp: Display: Loaded TP LuminTargetPlatform
[2018.12.10-18.54.00:234][  0]LogTargetPlatformManager: Display: Building Assets For Windows
[2018.12.10-18.54.00:266][  0]LogXGEController: Cannot use XGE Controller as Incredibuild is not installed on this machine.
[2018.12.10-18.54.00:266][  0]LogShaderCompilers: Cannot use XGE Shader Compiler as Incredibuild is not installed on this machine.
[2018.12.10-18.54.00:266][  0]LogShaderCompilers: Display: Using Local Shader Compiler.
[2018.12.10-18.54.00:773][  0]LogDerivedDataCache: Display: Max Cache Size: 512 MB
[2018.12.10-18.54.00:821][  0]LogDerivedDataCache: Loaded boot cache 0.05s 87MB C:/Users/super/AppData/Local/UnrealEngine/4.20/DerivedDataCache/Boot.ddc.
[2018.12.10-18.54.00:822][  0]LogDerivedDataCache: Display: Loaded Boot cache: C:/Users/super/AppData/Local/UnrealEngine/4.20/DerivedDataCache/Boot.ddc
[2018.12.10-18.54.00:822][  0]LogDerivedDataCache: FDerivedDataBackendGraph:  Pak pak cache file C:/Users/super/OneDrive/Documents/GD_project4/project4/DerivedDataCache/DDC.ddp not found, will not use a pak cache.
[2018.12.10-18.54.00:822][  0]LogDerivedDataCache: Unable to find inner node Pak for hierarchical cache Hierarchy.
[2018.12.10-18.54.00:822][  0]LogDerivedDataCache: FDerivedDataBackendGraph:  CompressedPak pak cache file C:/Users/super/OneDrive/Documents/GD_project4/project4/DerivedDataCache/Compressed.ddp not found, will not use a pak cache.
[2018.12.10-18.54.00:822][  0]LogDerivedDataCache: Unable to find inner node CompressedPak for hierarchical cache Hierarchy.
[2018.12.10-18.54.00:831][  0]LogDerivedDataCache: Display: Pak cache opened for reading ../../../Engine/DerivedDataCache/Compressed.ddp.
[2018.12.10-18.54.00:844][  0]LogDerivedDataCache: Using Local data cache path C:/Users/super/AppData/Local/UnrealEngine/Common/DerivedDataCache: Writable
[2018.12.10-18.54.00:844][  0]LogDerivedDataCache: Shared data cache path not found in *engine.ini, will not use an Shared cache.
[2018.12.10-18.54.00:844][  0]LogDerivedDataCache: Unable to find inner node Shared for hierarchical cache Hierarchy.
[2018.12.10-18.54.00:857][  0]LogMaterial: Verifying Global Shaders for PCD3D_SM5
[2018.12.10-18.54.00:858][  0]LogSlate: Using FreeType 2.6.0
[2018.12.10-18.54.00:859][  0]LogSlate: SlateFontServices - WITH_FREETYPE: 1, WITH_HARFBUZZ: 1
[2018.12.10-18.54.00:919][  0]LogAssetRegistry: FAssetRegistry took 0.0246 seconds to start up
[2018.12.10-18.54.01:155][  0]LogInit: Selected Device Profile: [Windows]
[2018.12.10-18.54.01:245][  0]LogSimplygon: Simplygon DLL not present - disabling.
[2018.12.10-18.54.01:247][  0]LogMeshReduction: Using SimplygonSwarm for distributed automatic mesh merging
[2018.12.10-18.54.01:247][  0]LogMeshReduction: Using ProxyLODMeshReduction for automatic mesh merging
[2018.12.10-18.54.01:247][  0]LogMeshReduction: Using QuadricMeshReduction for automatic static mesh reduction
[2018.12.10-18.54.01:247][  0]LogMeshReduction: No automatic skeletal mesh reduction module available
[2018.12.10-18.54.01:257][  0]LogNetVersion: project4 1.0.0, NetCL: 4212847, EngineNetVer: 5, GameNetVer: 0 (Checksum: 1992437466)
[2018.12.10-18.54.01:734][  0]LogPackageLocalizationCache: Processed 11 localized package path(s) for 2 prioritized culture(s) in 0.113790 seconds
[2018.12.10-18.54.01:739][  0]LogUObjectArray: 38425 objects as part of root set at end of initial load.
[2018.12.10-18.54.01:739][  0]LogUObjectAllocator: 6690872 out of 0 bytes used by permanent object pool.
[2018.12.10-18.54.01:739][  0]LogUObjectArray: CloseDisregardForGC: 0/0 objects in disregard for GC pool
[2018.12.10-18.54.02:334][  0]LogTcpMessaging: Initializing TcpMessaging bridge
[2018.12.10-18.54.02:347][  0]LogUdpMessaging: Initializing bridge on interface 0.0.0.0:0 to multicast group 230.0.0.1:6666.
[2018.12.10-18.54.02:472][  0]SourceControl: Source control is disabled
[2018.12.10-18.54.02:472][  0]SourceControl: Source control is disabled
[2018.12.10-18.54.02:473][  0]SourceControl: Source control is disabled
[2018.12.10-18.54.02:473][  0]SourceControl: Source control is disabled
[2018.12.10-18.54.02:612][  0]LogAndroidPermission: UAndroidPermissionCallbackProxy::GetInstance
[2018.12.10-18.54.02:746][  0]LogOcInput: OculusInput pre-init called
[2018.12.10-18.54.02:790][  0]LogEngine: Initializing Engine...
[2018.12.10-18.54.02:791][  0]LogHMD: Failed to initialize OpenVR with code 110
[2018.12.10-18.54.02:792][  0]LogStats: UGameplayTagsManager::ConstructGameplayTagTree: ImportINI prefixes -  0.000 s
[2018.12.10-18.54.02:792][  0]LogStats: UGameplayTagsManager::ConstructGameplayTagTree: Construct from data asset -  0.000 s
[2018.12.10-18.54.02:792][  0]LogStats: UGameplayTagsManager::ConstructGameplayTagTree: ImportINI -  0.000 s
[2018.12.10-18.54.02:792][  0]LogStats: UGameplayTagsManager::ConstructGameplayTagTree: GameplayTagTreeChangedEvent.Broadcast -  0.000 s
[2018.12.10-18.54.02:944][  0]LogInit: Initializing FReadOnlyCVARCache
[2018.12.10-18.54.02:951][  0]LogAIModule: Creating AISystem for world Untitled
[2018.12.10-18.54.03:029][  0]LogInit: XAudio2 using 'Headphones (MJY Stereo)' : 2 channels at 44.1 kHz using 16 bits per sample (channel mask 0x3)
[2018.12.10-18.54.03:053][  0]LogInit: FAudioDevice initialized.
[2018.12.10-18.54.03:053][  0]LogNetVersion: Set ProjectVersion to 1.0.0.0. Version Checksum will be recalculated on next use.
[2018.12.10-18.54.03:097][  0]LogDerivedDataCache: Saved boot cache 0.04s 87MB C:/Users/super/AppData/Local/UnrealEngine/4.20/DerivedDataCache/Boot.ddc.
[2018.12.10-18.54.03:097][  0]LogInit: Texture streaming: Enabled
[2018.12.10-18.54.03:107][  0]LogEngineSessionManager: EngineSessionManager initialized
[2018.12.10-18.54.03:141][  0]LogInit: Transaction tracking system initialized
[2018.12.10-18.54.03:153][  0]BlueprintLog: New page: Editor Load
[2018.12.10-18.54.03:193][  0]LocalizationService: Localization service is disabled
[2018.12.10-18.54.03:471][  0]LogCook: Display: Max memory allowance for cook 16384mb min free memory 0mb
[2018.12.10-18.54.03:471][  0]LogCook: Display: Mobile HDR setting 1
[2018.12.10-18.54.03:472][  0]LogGameplayTags: Display: UGameplayTagsManager::DoneAddingNativeTags. DelegateIsBound: 0
[2018.12.10-18.54.03:472][  0]LogStats: UGameplayTagsManager::ConstructGameplayTagTree: ImportINI prefixes -  0.000 s
[2018.12.10-18.54.03:472][  0]LogStats: UGameplayTagsManager::ConstructGameplayTagTree: Construct from data asset -  0.000 s
[2018.12.10-18.54.03:472][  0]LogStats: UGameplayTagsManager::ConstructGameplayTagTree: ImportINI -  0.000 s
[2018.12.10-18.54.03:472][  0]LogStats: UGameplayTagsManager::ConstructGameplayTagTree: GameplayTagTreeChangedEvent.Broadcast -  0.000 s
[2018.12.10-18.54.03:540][  0]LogFileCache: Scanning file cache for directory 'C:/Users/super/OneDrive/Documents/GD_project4/project4/Content/' took 0.03s
[2018.12.10-18.54.03:540][  0]SourceControl: Source control is disabled
[2018.12.10-18.54.03:540][  0]Cmd: MAP LOAD FILE="C:/Users/super/OneDrive/Documents/GD_project4/project4/Content/FirstPersonBP/Maps/FirstPersonExampleMap.umap" TEMPLATE=0 SHOWPROGRESS=1 FEATURELEVEL=3
[2018.12.10-18.54.03:540][  0]LightingResults: New page: Lighting Build
[2018.12.10-18.54.03:542][  0]MapCheck: New page: Map Check
[2018.12.10-18.54.03:542][  0]LightingResults: New page: Lighting Build
[2018.12.10-18.54.04:543][  0]LogLinker: Warning: Can't find file '/Game/FirstPersonBP/Maps/FirstPersonExampleMap_BuiltData'
[2018.12.10-18.54.04:543][  0]LogLinker: Warning: Can't find file for asset '/Game/FirstPersonBP/Maps/FirstPersonExampleMap_BuiltData' while loading C:/Users/super/OneDrive/Documents/GD_project4/project4/Content/FirstPersonBP/Maps/FirstPersonExampleMap.umap.
[2018.12.10-18.54.04:543][  0]LoadErrors: Error: /Game/FirstPersonBP/Maps/FirstPersonExampleMap : Can't find file for asset. /Game/FirstPersonBP/Maps/FirstPersonExampleMap_BuiltData
[2018.12.10-18.54.04:559][  0]LogLinker: Warning: Can't find file '/Game/FirstPersonBP/Maps/FirstPersonExampleMap_BuiltData'
[2018.12.10-18.54.04:559][  0]LogLinker: Warning: Can't find file for asset '/Game/FirstPersonBP/Maps/FirstPersonExampleMap_BuiltData' while loading C:/Users/super/OneDrive/Documents/GD_project4/project4/Content/FirstPersonBP/Maps/FirstPersonExampleMap.umap.
[2018.12.10-18.54.04:559][  0]LoadErrors: Error: /Game/FirstPersonBP/Maps/FirstPersonExampleMap : Can't find file for asset. /Game/FirstPersonBP/Maps/FirstPersonExampleMap_BuiltData
[2018.12.10-18.54.04:565][  0]LogLinker: Warning: Can't find file '/Game/FirstPersonBP/Maps/FirstPersonExampleMap_BuiltData'
[2018.12.10-18.54.04:565][  0]LogLinker: Warning: Can't find file for asset '/Game/FirstPersonBP/Maps/FirstPersonExampleMap_BuiltData' while loading NULL.
[2018.12.10-18.54.04:565][  0]LogLinker: Warning: Can't find file '/Game/FirstPersonBP/Maps/FirstPersonExampleMap_BuiltData'
[2018.12.10-18.54.04:565][  0]LogLinker: Warning: Can't find file for asset '/Game/FirstPersonBP/Maps/FirstPersonExampleMap_BuiltData' while loading NULL.
[2018.12.10-18.54.04:794][  0]LogLinker: Warning: Can't find file '/Game/FirstPersonBP/Maps/FirstPersonExampleMap_BuiltData'
[2018.12.10-18.54.04:794][  0]LoadErrors: Failed to load /Game/FirstPersonBP/Maps/FirstPersonExampleMap_BuiltData.FirstPersonExampleMap_BuiltData Referenced by PersistentLevel
[2018.12.10-18.54.04:794][  0]LogLinker: Warning: Can't find file for asset '/Game/FirstPersonBP/Maps/FirstPersonExampleMap_BuiltData' while loading NULL.
[2018.12.10-18.54.04:794][  0]LoadErrors: Failed to load /Game/FirstPersonBP/Maps/FirstPersonExampleMap_BuiltData.FirstPersonExampleMap_BuiltData Referenced by PersistentLevel
[2018.12.10-18.54.05:123][  0]LogTexture: Display: Building textures: ngc6357 (BGRA8, 1041X824)
[2018.12.10-18.54.05:393][  0]LogMaterial: Display: Missing cached shader map for material ngc6357_Mat, compiling. 
[2018.12.10-18.54.05:772][  0]LogShaderCompilers: Display: Shaders left to compile 33
[2018.12.10-18.54.05:772][  0]LogShaderCompilers: Display: Shaders left to compile 23
[2018.12.10-18.54.05:772][  0]LogShaderCompilers: Display: Shaders left to compile 13
[2018.12.10-18.54.05:772][  0]LogShaderCompilers: Display: Shaders left to compile 3
[2018.12.10-18.54.05:772][  0]LogMaterial: Display: Missing cached shader map for material CubeMaterial, compiling. 
[2018.12.10-18.54.05:907][  0]LogAudioDerivedData: Display: Building compressed audio format OGG hash OGG wave 08_イジワルなあなた...
[2018.12.10-18.54.06:010][  0]LogShaderCompilers: Display: Shaders left to compile 31
[2018.12.10-18.54.06:010][  0]LogShaderCompilers: Display: Shaders left to compile 21
[2018.12.10-18.54.06:010][  0]LogShaderCompilers: Display: Shaders left to compile 11
[2018.12.10-18.54.06:010][  0]LogShaderCompilers: Display: Shaders left to compile 1
[2018.12.10-18.54.06:010][  0]LogTemp: Couldn't find amount to resample to.
[2018.12.10-18.54.11:009][  0]LogAIModule: Creating AISystem for world FirstPersonExampleMap
[2018.12.10-18.54.11:289][  0]LogEditorServer: Finished looking for orphan Actors (0.000 secs)
[2018.12.10-18.54.11:317][  0]Cmd: MAP CHECKDEP NOCLEARLOG
[2018.12.10-18.54.11:359][  0]MapCheck: Map check complete: 0 Error(s), 0 Warning(s), took 41.463ms to complete.
[2018.12.10-18.54.11:359][  0]LogFileHelpers: Loading map 'FirstPersonExampleMap' took 7.819
[2018.12.10-18.54.11:863][  0]LogSlate: Updating window title bar state: overlay mode, drag disabled, window buttons hidden, title bar hidden
[2018.12.10-18.54.11:877][  0]LogSlate: Updating window title bar state: overlay mode, drag disabled, window buttons hidden, title bar hidden
[2018.12.10-18.54.11:883][  0]LogSlate: Updating window title bar state: overlay mode, drag disabled, window buttons hidden, title bar hidden
[2018.12.10-18.54.11:888][  0]LogSlate: Updating window title bar state: overlay mode, drag disabled, window buttons hidden, title bar hidden
[2018.12.10-18.54.11:940][  0]LogCollectionManager: Loaded 0 collections in 0.000585 seconds
[2018.12.10-18.54.12:147][  0]LogFileCache: Scanning file cache for directory 'C:/Users/super/OneDrive/Documents/GD_project4/project4/Saved/Collections/' took 0.01s
[2018.12.10-18.54.12:147][  0]LogFileCache: Scanning file cache for directory 'C:/Users/super/OneDrive/Documents/GD_project4/project4/Content/Developers/super/Collections/' took 0.01s
[2018.12.10-18.54.12:147][  0]LogFileCache: Scanning file cache for directory 'C:/Users/super/OneDrive/Documents/GD_project4/project4/Content/Collections/' took 0.01s
[2018.12.10-18.54.12:147][  0]LogCollectionManager: Rebuilt the GUID cache for 0 collections in 0.000000 seconds
[2018.12.10-18.54.12:158][  0]LogContentBrowser: Native class hierarchy populated in 0.0084 seconds. Added 2572 classes and 603 folders.
[2018.12.10-18.54.12:230][  0]LogContentBrowser: Native class hierarchy updated for 'WidgetCarousel' in 0.0002 seconds. Added 0 classes and 0 folders.
[2018.12.10-18.54.12:601][  0]LogContentBrowser: Native class hierarchy updated for 'AddContentDialog' in 0.0002 seconds. Added 0 classes and 0 folders.
[2018.12.10-18.54.12:635][  0]LogContentBrowser: Native class hierarchy updated for 'SceneOutliner' in 0.0002 seconds. Added 1 classes and 2 folders.
[2018.12.10-18.54.13:013][  0]LogSlate: Took 0.000106 seconds to synchronously load lazily loaded font '../../../Engine/Content/Slate/Fonts/Roboto-Regular.ttf' (155K)
[2018.12.10-18.54.13:015][  0]LogSlate: Took 0.000125 seconds to synchronously load lazily loaded font '../../../Engine/Content/Slate/Fonts/Roboto-Bold.ttf' (160K)
[2018.12.10-18.54.13:062][  0]LogSlate: Took 0.009994 seconds to synchronously load lazily loaded font '../../../Engine/Content/Editor/Slate/Fonts/FontAwesome.ttf' (139K)
[2018.12.10-18.54.13:384][  0]LogRenderer: Reallocating scene render targets to support 1208x576 Format 10 NumSamples 1 (Frame:1).
[2018.12.10-18.54.13:718][  0]LogSlate: Took 0.010653 seconds to synchronously load lazily loaded font '../../../Engine/Content/Slate/Fonts/Roboto-Light.ttf' (167K)
[2018.12.10-18.54.13:867][  0]LogSlate: FSceneViewport::OnFocusLost() reason 2
[2018.12.10-18.54.13:926][  0]LogSlate: Window 'Tutorials' being destroyed
[2018.12.10-18.54.13:959][  0]LogContentBrowser: Native class hierarchy updated for 'HierarchicalLODOutliner' in 0.0002 seconds. Added 0 classes and 0 folders.
[2018.12.10-18.54.13:959][  0]LogLoad: (Engine Initialization) Total time: 16.43 seconds
[2018.12.10-18.54.13:959][  0]LogLoad: (Engine Initialization) Total Blueprint compile time: 0.00 seconds
[2018.12.10-18.54.13:989][  0]LogWindowsTextInputMethodSystem: Display: IME system now activated using TSF (Microsoft Pinyin).
[2018.12.10-18.54.14:118][  0]LogContentStreaming: Texture pool size now 1000 MB
[2018.12.10-18.54.14:122][  0]LogSlate: FSceneViewport::OnFocusLost() reason 2
[2018.12.10-18.54.14:206][  1]LogAssetRegistry: Asset discovery search completed in 13.3096 seconds
[2018.12.10-18.54.14:218][  1]LogCollectionManager: Rebuilt the object cache for 0 collections in 0.000000 seconds (found 0 objects)
[2018.12.10-18.54.14:218][  1]LogCollectionManager: Fixed up redirectors for 0 collections in 0.000060 seconds (updated 0 objects)
[2018.12.10-18.54.17:137][263]LogSlate: Window 'Message Log' being destroyed
[2018.12.10-18.54.17:141][263]LogSlate: Window 'Message Log' being destroyed
[2018.12.10-18.54.19:195][505]LogFileCache: Retrieving MD5 hashes for directory 'C:/Users/super/OneDrive/Documents/GD_project4/project4/Content/' took 5.19s
[2018.12.10-18.54.30:836][900]LogSlate: FSceneViewport::OnFocusLost() reason 0
[2018.12.10-18.54.30:914][900]LogSlate: Took 0.041292 seconds to synchronously load lazily loaded font '../../../Engine/Content/Slate/Fonts/DroidSansFallback.ttf' (3848K)
[2018.12.10-18.54.33:993][256]LogSlate: Took 0.000132 seconds to synchronously load lazily loaded font '../../../Engine/Content/Slate/Fonts/Roboto-Light.ttf' (167K)
[2018.12.10-18.54.34:652][256]LogTexture: Display: Building textures: initialShadingGroup_Roughness (AutoDXT, 2048X2048)
[2018.12.10-18.54.34:652][256]LogTexture: Display: Building textures: initialShadingGroup_Roughness (AutoDXT, 2048X2048)
[2018.12.10-18.54.34:652][256]LogTexture: Display: Building textures: initialShadingGroup_Base_Color (AutoDXT, 2048X2048)
[2018.12.10-18.54.34:652][256]LogTexture: Display: Building textures: initialShadingGroup_Base_Color (AutoDXT, 2048X2048)
[2018.12.10-18.54.34:652][256]LogTexture: Display: Building textures: initialShadingGroup_Metallic (AutoDXT, 2048X2048)
[2018.12.10-18.54.34:652][256]LogTexture: Display: Building textures: initialShadingGroup_Base_Color (AutoDXT, 2048X2048)
[2018.12.10-18.54.34:652][256]LogTexture: Display: Building textures: initialShadingGroup_Normal_OpenGL (BC5, 2048X2048)
[2018.12.10-18.54.34:652][256]LogTexture: Display: Building textures: initialShadingGroup_Metallic (AutoDXT, 2048X2048)
[2018.12.10-18.54.34:652][256]LogTexture: Display: Building textures: initialShadingGroup_Metallic (AutoDXT, 2048X2048)
[2018.12.10-18.54.34:652][256]LogTexture: Display: Building textures: initialShadingGroup_Metallic (AutoDXT, 2048X2048)
[2018.12.10-18.54.34:804][256]LogTexture: Display: Building textures: initialShadingGroup_Metallic (AutoDXT, 2048X2048)
[2018.12.10-18.54.34:804][256]LogTexture: Display: Building textures: initialShadingGroup_Normal (BC5, 2048X2048)
[2018.12.10-18.54.35:432][256]LogTexture: Display: Building textures: initialShadingGroup_Normal_OpenGL (BC5, 2048X2048)
[2018.12.10-18.54.35:433][256]LogTexture: Display: Building textures: initialShadingGroup_basecolor (AutoDXT, 2048X2048)
[2018.12.10-18.54.35:433][256]LogTexture: Display: Building textures: initialShadingGroup_Normal_OpenGL (BC5, 2048X2048)
[2018.12.10-18.54.35:433][256]LogTexture: Display: Building textures: initialShadingGroup_roughness2 (AutoDXT, 2048X2048)
[2018.12.10-18.54.35:433][256]LogTexture: Display: Building textures: initialShadingGroup_Base_Color (AutoDXT, 2048X2048)
[2018.12.10-18.54.35:433][256]LogTexture: Display: Building textures: initialShadingGroup_Metallic (AutoDXT, 2048X2048)
[2018.12.10-18.54.35:433][256]LogTexture: Display: Building textures: initialShadingGroup_Base_Color (AutoDXT, 2048X2048)
[2018.12.10-18.54.35:433][256]LogTexture: Display: Building textures: initialShadingGroup_Roughness (AutoDXT, 2048X2048)
[2018.12.10-18.54.35:433][256]LogTexture: Display: Building textures: initialShadingGroup_basecolor (AutoDXT, 2048X2048)
[2018.12.10-18.54.35:433][256]LogTexture: Display: Building textures: initialShadingGroup_Roughness (AutoDXT, 2048X2048)
[2018.12.10-18.54.35:518][256]LogTexture: Display: Building textures: initialShadingGroup_Normal_OpenGL (BC5, 2048X2048)
[2018.12.10-18.54.35:518][256]LogTexture: Display: Building textures: initialShadingGroup_Roughness (AutoDXT, 2048X2048)
[2018.12.10-18.54.35:937][256]LogTexture: Display: Building textures: initialShadingGroup_Metallic (AutoDXT, 2048X2048)
[2018.12.10-18.54.35:937][256]LogTexture: Display: Building textures: table_Roughness_initialShadingGroup (AutoDXT, 2048X2048)
[2018.12.10-18.54.35:937][256]LogTexture: Display: Building textures: initialShadingGroup_Base_Color (AutoDXT, 2048X2048)
[2018.12.10-18.54.35:939][256]LogMaterial: Display: Missing cached shader map for material cable, compiling. 
[2018.12.10-18.54.35:957][256]LogStaticMesh: Building static mesh bookfreud...
[2018.12.10-18.54.36:013][256]LogShaderCompilers: Display: Shaders left to compile 31
[2018.12.10-18.54.36:013][256]LogShaderCompilers: Display: Shaders left to compile 21
[2018.12.10-18.54.36:013][256]LogShaderCompilers: Display: Shaders left to compile 11
[2018.12.10-18.54.36:014][256]LogShaderCompilers: Display: Shaders left to compile 1
[2018.12.10-18.54.36:014][256]LogStaticMesh: Built static mesh [0.06s] /Game/Geometry/Meshes/bookfreud.bookfreud
[2018.12.10-18.54.36:015][256]LogStaticMesh: Building static mesh cablebox_pCube1...
[2018.12.10-18.54.36:027][256]LogStaticMesh: Built static mesh [0.01s] /Game/Geometry/Meshes/cablebox_pCube1.cablebox_pCube1
[2018.12.10-18.54.36:030][256]LogStaticMesh: Building static mesh cablebox_pCube2...
[2018.12.10-18.54.36:034][256]LogStaticMesh: Built static mesh [0.00s] /Game/Geometry/Meshes/cablebox_pCube2.cablebox_pCube2
[2018.12.10-18.54.43:016][256]LogTexture: Display: Building textures: table_Normal_initialShadingGroup (BC5, 2048X2048)
[2018.12.10-18.54.43:016][256]LogTexture: Display: Building textures: table_Diffuse_initialShadingGroup (AutoDXT, 2048X2048)
[2018.12.10-18.54.43:016][256]LogTexture: Display: Building textures: initialShadingGroup_Base_Color (AutoDXT, 2048X2048)
[2018.12.10-18.54.43:016][256]LogTexture: Display: Building textures: initialShadingGroup_Normal_OpenGL (BC5, 2048X2048)
[2018.12.10-18.54.43:016][256]LogTexture: Display: Building textures: initialShadingGroup_Base_Color (AutoDXT, 2048X2048)
[2018.12.10-18.54.43:016][256]LogTexture: Display: Building textures: initialShadingGroup_Roughness (AutoDXT, 2048X2048)
[2018.12.10-18.54.43:016][256]LogTexture: Display: Building textures: initialShadingGroup_Roughness (AutoDXT, 2048X2048)
[2018.12.10-18.54.43:016][256]LogTexture: Display: Building textures: initialShadingGroup_Normal_OpenGL (BC5, 2048X2048)
[2018.12.10-18.54.43:016][256]LogTexture: Display: Building textures: initialShadingGroup_Roughness (AutoDXT, 2048X2048)
[2018.12.10-18.54.43:016][256]LogTexture: Display: Building textures: initialShadingGroup_Roughness (AutoDXT, 2048X2048)
[2018.12.10-18.54.43:016][256]LogTexture: Display: Building textures: initialShadingGroup_Metallic (AutoDXT, 2048X2048)
[2018.12.10-18.54.43:016][256]LogTexture: Display: Building textures: initialShadingGroup_Normal_OpenGL (BC5, 2048X2048)
[2018.12.10-18.54.43:016][256]LogTexture: Display: Building textures: initialShadingGroup_Base_Color (AutoDXT, 2048X2048)
[2018.12.10-18.54.43:016][256]LogTexture: Display: Building textures: lambert1_Opacity (AutoDXT, 2048X2048)
[2018.12.10-18.54.43:016][256]LogTexture: Display: Building textures: endtable_Roughness_lambert1 (AutoDXT, 2048X2048)
[2018.12.10-18.54.43:016][256]LogTexture: Display: Building textures: endtable_Specular_lambert1 (AutoDXT, 2048X2048)
[2018.12.10-18.54.43:016][256]LogTexture: Display: Building textures: endtable_Normal_lambert1 (BC5, 2048X2048)
[2018.12.10-18.54.43:016][256]LogTexture: Display: Building textures: endtable_f0_lambert1 (AutoDXT, 2048X2048)
[2018.12.10-18.54.43:016][256]LogTexture: Display: Building textures: endtable_Diffuse_lambert1 (AutoDXT, 2048X2048)
[2018.12.10-18.54.43:016][256]LogTexture: Display: Building textures: initialShadingGroup_Roughness (AutoDXT, 2048X2048)
[2018.12.10-18.54.43:016][256]LogTexture: Display: Building textures: initialShadingGroup_Normal_OpenGL (BC5, 2048X2048)
[2018.12.10-18.54.43:016][256]LogTexture: Display: Building textures: initialShadingGroup_Metallic (AutoDXT, 2048X2048)
[2018.12.10-18.54.43:016][256]LogTexture: Display: Building textures: initialShadingGroup_Base_Color (AutoDXT, 2048X2048)
[2018.12.10-18.54.43:016][256]LogTexture: Display: Building textures: initialShadingGroup_Base_Color3 (AutoDXT, 2048X2048)
[2018.12.10-18.54.43:016][256]LogTexture: Display: Building textures: initialShadingGroup_Roughness (AutoDXT, 2048X2048)
[2018.12.10-18.54.43:016][256]LogTexture: Display: Building textures: initialShadingGroup_Base_Color (AutoDXT, 2048X2048)
[2018.12.10-18.54.43:016][256]LogTexture: Display: Building textures: initialShadingGroup_Nomal (BC5, 2048X2048)
[2018.12.10-18.54.43:016][256]LogTexture: Display: Building textures: initialShadingGroup_Metallic (AutoDXT, 2048X2048)
[2018.12.10-18.54.43:016][256]LogTexture: Display: Building textures: initialShadingGroup_Roughness (AutoDXT, 2048X2048)
[2018.12.10-18.54.43:016][256]LogTexture: Display: Building textures: initialShadingGroup_Normal (BC5, 2048X2048)
[2018.12.10-18.54.43:016][256]LogTexture: Display: Building textures: initialShadingGroup_Roughness (AutoDXT, 2048X2048)
[2018.12.10-18.54.43:016][256]LogTexture: Display: Building textures: initialShadingGroup_Normal_OpenGL (BC5, 2048X2048)
[2018.12.10-18.54.43:016][256]LogTexture: Display: Building textures: initialShadingGroup_Metallic (AutoDXT, 2048X2048)
[2018.12.10-18.54.43:016][256]LogTexture: Display: Building textures: initialShadingGroup_Base_Color (AutoDXT, 2048X2048)
[2018.12.10-18.54.43:016][256]LogTexture: Display: Building textures: pencil_Roughness_initialShadingGroup (AutoDXT, 2048X2048)
[2018.12.10-18.54.43:016][256]LogTexture: Display: Building textures: initialShadingGroup_Metallic (AutoDXT, 2048X2048)
[2018.12.10-18.54.43:016][256]LogTexture: Display: Building textures: pencil_Normal_initialShadingGroup (BC5, 2048X2048)
[2018.12.10-18.54.43:016][256]LogTexture: Display: Building textures: initialShadingGroup_Base_Color (AutoDXT, 2048X2048)
[2018.12.10-18.54.43:016][256]LogTexture: Display: Building textures: initialShadingGroup_Roughness (AutoDXT, 2048X2048)
[2018.12.10-18.54.43:016][256]LogTexture: Display: Building textures: initialShadingGroup_Roughness (AutoDXT, 2048X2048)
[2018.12.10-18.54.43:016][256]LogTexture: Display: Building textures: initialShadingGroup_Roughness (AutoDXT, 2048X2048)
[2018.12.10-18.54.43:016][256]LogTexture: Display: Building textures: initialShadingGroup_Normal_OpenGL (BC5, 2048X2048)
[2018.12.10-18.54.43:016][256]LogTexture: Display: Building textures: initialShadingGroup_Metallic (AutoDXT, 2048X2048)
[2018.12.10-18.54.43:016][256]LogTexture: Display: Building textures: initialShadingGroup_Base_Color (AutoDXT, 2048X2048)
[2018.12.10-18.54.43:016][256]LogTexture: Display: Building textures: couch_lambert1_Roughness (AutoDXT, 2048X2048)
[2018.12.10-18.54.43:016][256]LogTexture: Display: Building textures: initialShadingGroup_Roughness (AutoDXT, 2048X2048)
[2018.12.10-18.54.43:016][256]LogTexture: Display: Building textures: couch_lambert1_Normal (BC5, 2048X2048)
[2018.12.10-18.54.43:016][256]LogTexture: Display: Building textures: couch_lambert1_BaseColor (AutoDXT, 2048X2048)
[2018.12.10-18.54.43:016][256]LogTexture: Display: Building textures: initialShadingGroup_Normal_OpenGL (BC5, 2048X2048)
[2018.12.10-18.54.43:016][256]LogTexture: Display: Building textures: initialShadingGroup_Base_Color (AutoDXT, 2048X2048)
[2018.12.10-18.54.43:016][256]LogTexture: Display: Building textures: initialShadingGroup_Metallic (AutoDXT, 2048X2048)
[2018.12.10-18.54.43:016][256]LogTexture: Display: Building textures: initialShadingGroup_Normal_OpenGL (BC5, 2048X2048)
[2018.12.10-18.54.43:016][256]LogTexture: Display: Building textures: initialShadingGroup_Metallic (AutoDXT, 2048X2048)
[2018.12.10-18.54.43:016][256]LogTexture: Display: Building textures: initialShadingGroup_Normal_OpenGL (BC5, 2048X2048)
[2018.12.10-18.54.43:016][256]LogTexture: Display: Building textures: initialShadingGroup_Base_Color (AutoDXT, 2048X2048)
[2018.12.10-18.54.43:016][256]LogTexture: Display: Building textures: initialShadingGroup_Roughness (AutoDXT, 2048X2048)
[2018.12.10-18.54.43:017][256]LogTexture: Display: Building textures: initialShadingGroup_Normal_OpenGL (BC5, 2048X2048)
[2018.12.10-18.54.43:017][256]LogTexture: Display: Building textures: initialShadingGroup_basecolor3 (AutoDXT, 2048X2048)
[2018.12.10-18.54.43:017][256]LogMaterial: Display: Missing cached shader map for material book2, compiling. 
[2018.12.10-18.54.43:044][256]LogTexture: Display: Building textures: initialShadingGroup_Normal (BC5, 2048X2048)
[2018.12.10-18.54.43:044][256]LogTexture: Display: Building textures: initialShadingGroup_Metallic (AutoDXT, 2048X2048)
[2018.12.10-18.54.43:095][256]LogShaderCompilers: Display: Shaders left to compile 31
[2018.12.10-18.54.43:095][256]LogShaderCompilers: Display: Shaders left to compile 21
[2018.12.10-18.54.43:095][256]LogShaderCompilers: Display: Shaders left to compile 11
[2018.12.10-18.54.43:095][256]LogShaderCompilers: Display: Shaders left to compile 1
[2018.12.10-18.54.43:100][256]LogMaterial: Display: Missing cached shader map for material shelf, compiling. 
[2018.12.10-18.54.43:144][256]LogMaterial: Display: Missing cached shader map for material aiStandardSurface2, compiling. 
[2018.12.10-18.54.43:162][256]LogStaticMesh: Building static mesh bookshelf...
[2018.12.10-18.54.43:204][256]LogStaticMesh: Built static mesh [0.04s] /Game/Geometry/Meshes/bookshelf.bookshelf
[2018.12.10-18.54.43:207][256]LogMaterial: Display: Missing cached shader map for material ued, compiling. 
[2018.12.10-18.54.43:229][256]LogMaterial: Display: Missing cached shader map for material aiStandardSurface3, compiling. 
[2018.12.10-18.54.43:244][256]LogStaticMesh: Building static mesh chair_pCube6...
[2018.12.10-18.54.43:257][256]LogStaticMesh: Built static mesh [0.01s] /Game/Geometry/Meshes/chair_pCube6.chair_pCube6
[2018.12.10-18.54.43:263][256]LogMaterial: Display: Missing cached shader map for material aiStandardSurface1, compiling. 
[2018.12.10-18.54.43:277][256]LogStaticMesh: Building static mesh bookChristmasCarol...
[2018.12.10-18.54.43:281][256]LogStaticMesh: Built static mesh [0.00s] /Game/Geometry/Meshes/bookChristmasCarol.bookChristmasCarol
[2018.12.10-18.54.43:361][256]LogStaticMesh: Building static mesh pencil_pCylinder1...
[2018.12.10-18.54.43:369][256]LogStaticMesh: Built static mesh [0.01s] /Game/Geometry/Meshes/pencil_pCylinder1.pencil_pCylinder1
[2018.12.10-18.54.43:373][256]LogStaticMesh: Building static mesh cabinets...
[2018.12.10-18.54.43:408][256]LogStaticMesh: Built static mesh [0.03s] /Game/Geometry/Meshes/Import/cabinets.cabinets
[2018.12.10-18.54.43:411][256]LogStaticMesh: Building static mesh chair_pCube7...
[2018.12.10-18.54.43:429][256]LogStaticMesh: Built static mesh [0.02s] /Game/Geometry/Meshes/chair_pCube7.chair_pCube7
[2018.12.10-18.54.43:435][256]LogStaticMesh: Building static mesh chairwood...
[2018.12.10-18.54.43:456][256]LogStaticMesh: Built static mesh [0.02s] /Game/Geometry/Meshes/Import/chairwood.chairwood
[2018.12.10-18.54.43:466][256]LogStaticMesh: Building static mesh counter...
[2018.12.10-18.54.43:549][256]LogShaderCompilers: Display: Shaders left to compile 128
[2018.12.10-18.54.43:549][256]LogStaticMesh: Built static mesh [0.08s] /Game/Geometry/Meshes/Import/counter.counter
[2018.12.10-18.54.43:555][256]LogStaticMesh: Building static mesh endtable_pCube5...
[2018.12.10-18.54.43:576][256]LogStaticMesh: Built static mesh [0.02s] /Game/Geometry/Meshes/endtable_pCube5.endtable_pCube5
[2018.12.10-18.54.43:581][256]LogStaticMesh: Building static mesh hammer...
[2018.12.10-18.54.43:600][256]LogStaticMesh: Built static mesh [0.02s] /Game/Geometry/Meshes/Import/hammer.hammer
[2018.12.10-18.54.43:678][256]LogStaticMesh: Building static mesh lamp...
[2018.12.10-18.54.43:715][256]LogStaticMesh: Built static mesh [0.04s] /Game/Geometry/Meshes/lamp.lamp
[2018.12.10-18.54.43:758][256]LogStaticMesh: Building static mesh mug_pCylinder1...
[2018.12.10-18.54.43:780][256]LogStaticMesh: Built static mesh [0.03s] /Game/Geometry/Meshes/mug_pCylinder1.mug_pCylinder1
[2018.12.10-18.54.43:823][256]LogStaticMesh: Building static mesh picture...
[2018.12.10-18.54.43:834][256]LogStaticMesh: Built static mesh [0.01s] /Game/Geometry/Meshes/Import/picture.picture
[2018.12.10-18.54.43:837][256]LogStaticMesh: Building static mesh plant_pPipe1...
[2018.12.10-18.54.43:845][256]LogStaticMesh: Built static mesh [0.01s] /Game/Geometry/Meshes/plant_pPipe1.plant_pPipe1
[2018.12.10-18.54.43:861][256]LogStaticMesh: Building static mesh plant_pCube1...
[2018.12.10-18.54.43:890][256]LogStaticMesh: Built static mesh [0.03s] /Game/Geometry/Meshes/plant_pCube1.plant_pCube1
[2018.12.10-18.54.44:188][256]LogStaticMesh: Building static mesh plant_group2...
[2018.12.10-18.54.44:601][256]LogShaderCompilers: Display: Shaders left to compile 118
[2018.12.10-18.54.44:601][256]LogStaticMesh: Built static mesh [0.41s] /Game/Geometry/Meshes/plant_group2.plant_group2
[2018.12.10-18.54.44:651][256]LogStaticMesh: Building static mesh shelving...
[2018.12.10-18.54.44:686][256]LogStaticMesh: Built static mesh [0.04s] /Game/Geometry/Meshes/Import/shelving.shelving
[2018.12.10-18.54.44:690][256]LogStaticMesh: Building static mesh table...
[2018.12.10-18.54.44:707][256]LogStaticMesh: Built static mesh [0.02s] /Game/Geometry/Meshes/table.table
[2018.12.10-18.54.44:708][256]LogStaticMesh: Building static mesh tabledinning...
[2018.12.10-18.54.44:715][256]LogStaticMesh: Built static mesh [0.01s] /Game/Geometry/Meshes/Import/tabledinning.tabledinning
[2018.12.10-18.54.44:718][256]LogStaticMesh: Building static mesh wrench_pCube2...
[2018.12.10-18.54.44:730][256]LogStaticMesh: Built static mesh [0.01s] /Game/Geometry/Meshes/wrench_pCube2.wrench_pCube2
[2018.12.10-18.54.44:738][256]LogMaterial: Display: Missing cached shader map for material tv, compiling. 
[2018.12.10-18.54.44:768][256]LogMaterial: Display: Missing cached shader map for material hai, compiling. 
[2018.12.10-18.54.44:786][256]LogMaterial: Display: Missing cached shader map for material aiStandardSurface2, compiling. 
[2018.12.10-18.54.44:799][256]LogMaterial: Display: Missing cached shader map for material Counter, compiling. 
[2018.12.10-18.54.44:811][256]LogMaterial: Display: Missing cached shader map for material Cabinets, compiling. 
[2018.12.10-18.54.44:829][256]LogMaterial: Display: Missing cached shader map for material Table, compiling. 
[2018.12.10-18.54.44:847][256]LogMaterial: Display: Missing cached shader map for material Mug, compiling. 
[2018.12.10-18.54.44:868][256]LogMaterial: Display: Missing cached shader map for material Dining_Table, compiling. 
[2018.12.10-18.54.44:883][256]LogMaterial: Display: Missing cached shader map for material aiStandardSurface1, compiling. 
[2018.12.10-18.54.44:899][256]LogMaterial: Display: Missing cached shader map for material Lamp, compiling. 
[2018.12.10-18.54.44:920][256]LogMaterial: Display: Missing cached shader map for material endTable, compiling. 
[2018.12.10-18.54.45:284][256]LogShaderCompilers: Display: Shaders left to compile 395
[2018.12.10-18.54.45:284][256]LogMaterial: Display: Missing cached shader map for material picture, compiling. 
[2018.12.10-18.54.45:305][256]LogMaterial: Display: Missing cached shader map for material Hammer, compiling. 
[2018.12.10-18.54.45:320][256]LogMaterial: Display: Missing cached shader map for material Plante, compiling. 
[2018.12.10-18.54.45:343][256]LogMaterial: Display: Missing cached shader map for material Wrench, compiling. 
[2018.12.10-18.54.45:357][256]LogMaterial: Display: Missing cached shader map for material Pencil, compiling. 
[2018.12.10-18.54.45:375][256]LogMaterial: Display: Missing cached shader map for material Lead, compiling. 
[2018.12.10-18.54.45:395][256]LogMaterial: Display: Missing cached shader map for material Siik, compiling. 
[2018.12.10-18.54.45:412][256]LogMaterial: Display: Missing cached shader map for material ocuhc, compiling. 
[2018.12.10-18.54.45:593][256]LogMaterial: Display: Missing cached shader map for material Shelf, compiling. 
[2018.12.10-18.54.45:607][256]LogAIModule: Creating AISystem for world House
[2018.12.10-18.54.45:653][256]LogAssetEditorManager: Opening Asset editor for World /Game/Maps/House.House
[2018.12.10-18.54.45:707][256]Cmd: MAP LOAD FILE="C:/Users/super/OneDrive/Documents/GD_project4/project4/Content/Maps/House.umap" TEMPLATE=0 SHOWPROGRESS=1 FEATURELEVEL=3
[2018.12.10-18.54.45:707][256]LightingResults: New page: Lighting Build
[2018.12.10-18.54.45:708][256]LoadErrors: New page: Loading map: House.umap
[2018.12.10-18.54.45:722][256]MapCheck: New page: Map Check
[2018.12.10-18.54.45:722][256]LightingResults: New page: Lighting Build
[2018.12.10-18.54.45:936][256]LogShaderCompilers: Display: Shaders left to compile 628
[2018.12.10-18.54.45:936][256]LogShaderCompilers: Display: Shaders left to compile 618
[2018.12.10-18.54.45:937][256]LogEditorServer: Finished looking for orphan Actors (0.000 secs)
[2018.12.10-18.54.45:986][256]Cmd: MAP CHECKDEP NOCLEARLOG
[2018.12.10-18.54.46:101][256]MapCheck: Map check complete: 0 Error(s), 0 Warning(s), took 114.785ms to complete.
[2018.12.10-18.54.46:101][256]LogFileHelpers: Loading map 'House' took 0.395
[2018.12.10-18.54.46:335][257]LogShaderCompilers: Display: Shaders left to compile 608
[2018.12.10-18.54.47:150][320]LogShaderCompilers: Display: Shaders left to compile 598
[2018.12.10-18.54.47:356][339]LogShaderCompilers: Display: Shaders left to compile 588
[2018.12.10-18.54.47:960][405]LogShaderCompilers: Display: Shaders left to compile 578
[2018.12.10-18.54.47:985][408]LogShaderCompilers: Display: Shaders left to compile 568
[2018.12.10-18.54.48:056][416]LogShaderCompilers: Display: Shaders left to compile 558
[2018.12.10-18.54.48:536][472]LogShaderCompilers: Display: Shaders left to compile 548
[2018.12.10-18.54.48:653][486]LogShaderCompilers: Display: Shaders left to compile 538
[2018.12.10-18.54.48:740][495]LogShaderCompilers: Display: Shaders left to compile 528
[2018.12.10-18.54.49:869][618]LogShaderCompilers: Display: Shaders left to compile 518
[2018.12.10-18.54.49:878][618]LogShaderCompilers: Display: Shaders left to compile 508
[2018.12.10-18.54.50:249][661]LogShaderCompilers: Display: Shaders left to compile 498
[2018.12.10-18.54.50:249][661]LogShaderCompilers: Display: Shaders left to compile 488
[2018.12.10-18.54.50:448][683]LogShaderCompilers: Display: Shaders left to compile 478
[2018.12.10-18.54.50:697][711]LogShaderCompilers: Display: Shaders left to compile 468
[2018.12.10-18.54.50:732][715]LogShaderCompilers: Display: Shaders left to compile 458
[2018.12.10-18.54.51:101][758]LogShaderCompilers: Display: Shaders left to compile 448
[2018.12.10-18.54.51:900][850]LogShaderCompilers: Display: Shaders left to compile 438
[2018.12.10-18.54.52:144][879]LogShaderCompilers: Display: Shaders left to compile 428
[2018.12.10-18.54.52:495][920]LogShaderCompilers: Display: Shaders left to compile 418
[2018.12.10-18.54.52:560][928]LogShaderCompilers: Display: Shaders left to compile 408
[2018.12.10-18.54.52:836][961]LogShaderCompilers: Display: Shaders left to compile 398
[2018.12.10-18.54.53:148][997]LogShaderCompilers: Display: Shaders left to compile 388
[2018.12.10-18.54.53:540][ 43]LogShaderCompilers: Display: Shaders left to compile 378
[2018.12.10-18.54.53:873][ 82]LogShaderCompilers: Display: Shaders left to compile 368
[2018.12.10-18.54.53:915][ 87]LogShaderCompilers: Display: Shaders left to compile 358
[2018.12.10-18.54.54:459][150]LogShaderCompilers: Display: Shaders left to compile 348
[2018.12.10-18.54.54:673][175]LogShaderCompilers: Display: Shaders left to compile 338
[2018.12.10-18.54.54:984][211]LogShaderCompilers: Display: Shaders left to compile 328
[2018.12.10-18.54.55:510][273]LogShaderCompilers: Display: Shaders left to compile 318
[2018.12.10-18.54.55:628][287]LogShaderCompilers: Display: Shaders left to compile 308
[2018.12.10-18.54.55:882][317]LogShaderCompilers: Display: Shaders left to compile 298
[2018.12.10-18.54.56:366][372]LogShaderCompilers: Display: Shaders left to compile 288
[2018.12.10-18.54.56:465][384]LogShaderCompilers: Display: Shaders left to compile 278
[2018.12.10-18.54.56:540][393]LogShaderCompilers: Display: Shaders left to compile 268
[2018.12.10-18.54.56:859][429]LogShaderCompilers: Display: Shaders left to compile 258
[2018.12.10-18.54.57:481][503]LogShaderCompilers: Display: Shaders left to compile 248
[2018.12.10-18.54.57:555][512]LogShaderCompilers: Display: Shaders left to compile 238
[2018.12.10-18.54.58:533][626]LogShaderCompilers: Display: Shaders left to compile 228
[2018.12.10-18.54.58:561][629]LogShaderCompilers: Display: Shaders left to compile 218
[2018.12.10-18.54.58:806][658]LogShaderCompilers: Display: Shaders left to compile 208
[2018.12.10-18.54.59:287][714]LogShaderCompilers: Display: Shaders left to compile 198
[2018.12.10-18.54.59:489][737]LogShaderCompilers: Display: Shaders left to compile 188
[2018.12.10-18.54.59:713][762]LogShaderCompilers: Display: Shaders left to compile 178
[2018.12.10-18.55.00:085][805]LogShaderCompilers: Display: Shaders left to compile 168
[2018.12.10-18.55.00:135][811]LogShaderCompilers: Display: Shaders left to compile 158
[2018.12.10-18.55.00:811][889]LogShaderCompilers: Display: Shaders left to compile 148
[2018.12.10-18.55.01:263][941]LogShaderCompilers: Display: Shaders left to compile 138
[2018.12.10-18.55.01:506][969]LogShaderCompilers: Display: Shaders left to compile 128
[2018.12.10-18.55.01:659][987]LogShaderCompilers: Display: Shaders left to compile 118
[2018.12.10-18.55.01:903][ 15]LogShaderCompilers: Display: Shaders left to compile 108
[2018.12.10-18.55.02:552][ 92]LogShaderCompilers: Display: Shaders left to compile 98
[2018.12.10-18.55.02:654][104]LogShaderCompilers: Display: Shaders left to compile 88
[2018.12.10-18.55.02:853][127]LogShaderCompilers: Display: Shaders left to compile 78
[2018.12.10-18.55.03:362][187]LogShaderCompilers: Display: Shaders left to compile 68
[2018.12.10-18.55.03:688][225]LogShaderCompilers: Display: Shaders left to compile 58
[2018.12.10-18.55.04:205][286]LogShaderCompilers: Display: Shaders left to compile 48
[2018.12.10-18.55.04:708][346]LogShaderCompilers: Display: Shaders left to compile 38
[2018.12.10-18.55.04:754][351]LogShaderCompilers: Display: Shaders left to compile 28
[2018.12.10-18.55.04:771][353]LogShaderCompilers: Display: Shaders left to compile 18
[2018.12.10-18.55.05:595][449]LogShaderCompilers: Display: Shaders left to compile 8
[2018.12.10-18.55.10:483][ 18]LogEditorViewport: Clicking on Actor (LMB): StaticMeshActor (counter)
[2018.12.10-18.55.43:820][894]LogSlate: FSceneViewport::OnFocusLost() reason 0
[2018.12.10-18.55.43:912][905]LogTemp: Repeating last play command: Selected Viewport
[2018.12.10-18.55.43:953][905]LogBlueprintUserMessages: Early PlayInEditor Detection: Level '/Game/Maps/House.House:PersistentLevel' has LevelScriptBlueprint '/Game/Maps/House.House:PersistentLevel.House' with GeneratedClass '/Game/Maps/House.House_C' with ClassGeneratedBy '/Game/Maps/House.House:PersistentLevel.House'
[2018.12.10-18.55.43:962][905]LogPlayLevel: PlayLevel: No blueprints needed recompiling
[2018.12.10-18.55.44:045][905]PIE: New page: PIE session: House (Dec 10, 2018, 8:55:44 AM)
[2018.12.10-18.55.44:048][905]LogPlayLevel: Creating play world package: /Game/Maps/UEDPIE_0_House
[2018.12.10-18.55.44:106][905]LogPlayLevel: PIE: StaticDuplicateObject took: (0.058036s)
[2018.12.10-18.55.44:106][905]LogAIModule: Creating AISystem for world House
[2018.12.10-18.55.44:111][905]LogPlayLevel: PIE: World Init took: (0.004839s)
[2018.12.10-18.55.44:120][905]LogPlayLevel: PIE: Created PIE world by copying editor world from /Game/Maps/House.House to /Game/Maps/UEDPIE_0_House.House (0.072452s)
[2018.12.10-18.55.44:208][905]LogInit: XAudio2 using 'Headphones (MJY Stereo)' : 2 channels at 44.1 kHz using 16 bits per sample (channel mask 0x3)
[2018.12.10-18.55.44:216][905]LogInit: FAudioDevice initialized.
[2018.12.10-18.55.44:263][905]LogLoad: Game class is 'FirstPersonGameMode_C'
[2018.12.10-18.55.44:277][905]LogWorld: Bringing World /Game/Maps/UEDPIE_0_House.House up for play (max tick rate 0) at 2018.12.10-13.55.44
[2018.12.10-18.55.44:298][905]LogWorld: Bringing up level for play took: 0.022787
[2018.12.10-18.55.44:371][905]LogContentBrowser: Native class hierarchy updated for 'MovieSceneCapture' in 0.0003 seconds. Added 10 classes and 0 folders.
[2018.12.10-18.55.44:482][905]PIE: Play in editor start time for /Game/Maps/UEDPIE_0_House 0.376
[2018.12.10-18.55.44:482][905]LogBlueprintUserMessages: Late PlayInEditor Detection: Level '/Game/Maps/House.House:PersistentLevel' has LevelScriptBlueprint '/Game/Maps/House.House:PersistentLevel.House' with GeneratedClass '/Game/Maps/House.House_C' with ClassGeneratedBy '/Game/Maps/House.House:PersistentLevel.House'
[2018.12.10-18.58.43:565][351]LogSpawn: Warning: SpawnActor failed because of collision at the spawn location [X=2987.092 Y=410.530 Z=550.119] for [FirstPersonProjectile_C]
[2018.12.10-18.59.10:270][554]LogBlueprintUserMessages: Early EndPlayMap Detection: Level '/Game/Maps/House.House:PersistentLevel' has LevelScriptBlueprint '/Game/Maps/House.House:PersistentLevel.House' with GeneratedClass '/Game/Maps/House.House_C' with ClassGeneratedBy '/Game/Maps/House.House:PersistentLevel.House'
[2018.12.10-18.59.10:303][554]LogSlate: Updating window title bar state: overlay mode, drag disabled, window buttons hidden, title bar hidden
[2018.12.10-18.59.10:386][554]LogPlayLevel: Display: Shutting down PIE online subsystems
[2018.12.10-18.59.10:386][554]LogBlueprintUserMessages: Late EndPlayMap Detection: Level '/Game/Maps/House.House:PersistentLevel' has LevelScriptBlueprint '/Game/Maps/House.House:PersistentLevel.House' with GeneratedClass '/Game/Maps/House.House_C' with ClassGeneratedBy '/Game/Maps/House.House:PersistentLevel.House'
[2018.12.10-18.59.10:416][554]LogSlate: Updating window title bar state: overlay mode, drag disabled, window buttons hidden, title bar hidden
[2018.12.10-18.59.10:478][555]LogPlayLevel: Display: Destroying online subsystem :Context_3
[2018.12.10-18.59.12:710][815]LogSlate: FSceneViewport::OnFocusLost() reason 0
[2018.12.10-18.59.19:447][608]LogSlate: FSceneViewport::OnFocusLost() reason 0
[2018.12.10-18.59.19:695][619]LogSlate: Window 'project4 - Unreal Editor' being destroyed
[2018.12.10-18.59.19:697][619]LogWindowsTextInputMethodSystem: Display: IME system now activated using TSF (Microsoft Pinyin).
[2018.12.10-18.59.20:051][620]Cmd: QUIT_EDITOR
[2018.12.10-18.59.20:184][620]LogExit: Preparing to exit.
[2018.12.10-18.59.20:545][620]LogExit: Editor shut down
[2018.12.10-18.59.20:545][620]LogExit: Transaction tracking system shut down
[2018.12.10-18.59.20:813][620]LogExit: Object subsystem successfully closed.
[2018.12.10-18.59.20:832][620]LogShaderCompilers: Display: Shaders left to compile 0
[2018.12.10-18.59.20:834][620]LogD3D11RHI: Shutdown
[2018.12.10-18.59.20:834][620]LogD3D11RHI: CleanupD3DDevice
[2018.12.10-18.59.20:841][620]LogD3D11RHI: ~FD3D11DynamicRHI
[2018.12.10-18.59.20:869][620]LogModuleManager: Shutting down and abandoning module MovieSceneCapture (616)
[2018.12.10-18.59.20:869][620]LogModuleManager: Shutting down and abandoning module Voice (614)
[2018.12.10-18.59.20:869][620]LogModuleManager: Shutting down and abandoning module MeshBuilder (612)
[2018.12.10-18.59.20:869][620]LogModuleManager: Shutting down and abandoning module HierarchicalLODOutliner (610)
[2018.12.10-18.59.20:869][620]LogModuleManager: Shutting down and abandoning module SceneOutliner (608)
[2018.12.10-18.59.20:869][620]LogModuleManager: Shutting down and abandoning module AddContentDialog (606)
[2018.12.10-18.59.20:877][620]LogModuleManager: Shutting down and abandoning module WidgetCarousel (605)
[2018.12.10-18.59.20:877][620]LogModuleManager: Shutting down and abandoning module EditorWidgets (602)
[2018.12.10-18.59.20:877][620]LogModuleManager: Shutting down and abandoning module CollectionManager (600)
[2018.12.10-18.59.20:877][620]LogModuleManager: Shutting down and abandoning module StatsViewer (598)
[2018.12.10-18.59.20:877][620]LogModuleManager: Shutting down and abandoning module FoliageEdit (596)
[2018.12.10-18.59.20:877][620]LogModuleManager: Shutting down and abandoning module LandscapeEditor (594)
[2018.12.10-18.59.20:877][620]LogModuleManager: Shutting down and abandoning module MeshPaintMode (592)
[2018.12.10-18.59.20:877][620]LogModuleManager: Shutting down and abandoning module SceneDepthPickerMode (590)
[2018.12.10-18.59.20:877][620]LogModuleManager: Shutting down and abandoning module ActorPickerMode (588)
[2018.12.10-18.59.20:877][620]LogModuleManager: Shutting down and abandoning module GeometryMode (586)
[2018.12.10-18.59.20:877][620]LogModuleManager: Shutting down and abandoning module TextureAlignMode (584)
[2018.12.10-18.59.20:877][620]LogModuleManager: Shutting down and abandoning module BspMode (582)
[2018.12.10-18.59.20:877][620]LogModuleManager: Shutting down and abandoning module PIEPreviewDeviceProfileSelector (580)
[2018.12.10-18.59.20:878][620]LogModuleManager: Shutting down and abandoning module SequenceRecorderSections (578)
[2018.12.10-18.59.20:878][620]LogModuleManager: Shutting down and abandoning module AutomationWorker (576)
[2018.12.10-18.59.20:878][620]LogModuleManager: Shutting down and abandoning module AudioCaptureEditor (574)
[2018.12.10-18.59.20:878][620]LogModuleManager: Shutting down and abandoning module SequenceRecorder (573)
[2018.12.10-18.59.20:878][620]LogModuleManager: Shutting down and abandoning module MatineeToLevelSequence (570)
[2018.12.10-18.59.20:878][620]LogModuleManager: Shutting down and abandoning module LevelSequenceEditor (568)
[2018.12.10-18.59.20:878][620]LogModuleManager: Shutting down and abandoning module PlacementMode (567)
[2018.12.10-18.59.20:878][620]LogModuleManager: Shutting down and abandoning module MaterialEditor (566)
[2018.12.10-18.59.20:878][620]LogModuleManager: Shutting down and abandoning module WmfMediaFactory (562)
[2018.12.10-18.59.20:878][620]LogModuleManager: Shutting down and abandoning module WmfMediaEditor (560)
[2018.12.10-18.59.20:878][620]LogModuleManager: Shutting down and abandoning module MediaPlayerEditor (558)
[2018.12.10-18.59.20:878][620]LogModuleManager: Shutting down and abandoning module OpenExrWrapper (556)
[2018.12.10-18.59.20:878][620]LogModuleManager: Shutting down and abandoning module ImgMediaFactory (554)
[2018.12.10-18.59.20:878][620]LogModuleManager: Shutting down and abandoning module ImgMediaEditor (552)
[2018.12.10-18.59.20:878][620]LogModuleManager: Shutting down and abandoning module AvfMediaFactory (550)
[2018.12.10-18.59.20:878][620]LogModuleManager: Shutting down and abandoning module AvfMediaEditor (548)
[2018.12.10-18.59.20:878][620]LogModuleManager: Shutting down and abandoning module AndroidMediaFactory (546)
[2018.12.10-18.59.20:878][620]LogModuleManager: Shutting down and abandoning module AndroidMediaEditor (544)
[2018.12.10-18.59.20:878][620]LogModuleManager: Shutting down and abandoning module MagicLeapCameraPreviewFactory (542)
[2018.12.10-18.59.20:878][620]LogModuleManager: Shutting down and abandoning module MagicLeapMediaFactory (540)
[2018.12.10-18.59.20:878][620]LogModuleManager: Shutting down and abandoning module MagicLeapMediaEditor (538)
[2018.12.10-18.59.20:878][620]LogModuleManager: Shutting down and abandoning module CharacterAI (536)
[2018.12.10-18.59.20:878][620]LogModuleManager: Shutting down and abandoning module SmartSnapping (534)
[2018.12.10-18.59.20:878][620]LogModuleManager: Shutting down and abandoning module SessionServices (532)
[2018.12.10-18.59.20:878][620]LogModuleManager: Shutting down and abandoning module ViewportSnapping (530)
[2018.12.10-18.59.20:878][620]LogModuleManager: Shutting down and abandoning module ViewportInteraction (528)
[2018.12.10-18.59.20:878][620]LogModuleManager: Shutting down and abandoning module ClothPainter (526)
[2018.12.10-18.59.20:878][620]LogModuleManager: Shutting down and abandoning module SkeletalMeshEditor (525)
[2018.12.10-18.59.20:878][620]LogModuleManager: Shutting down and abandoning module LogVisualizer (522)
[2018.12.10-18.59.20:878][620]LogModuleManager: Shutting down and abandoning module IntroTutorials (520)
[2018.12.10-18.59.20:878][620]LogModuleManager: Shutting down and abandoning module GameProjectGeneration (519)
[2018.12.10-18.59.20:878][620]LogModuleManager: Shutting down and abandoning module LuminPlatformEditor (516)
[2018.12.10-18.59.20:878][620]LogModuleManager: Shutting down and abandoning module IOSPlatformEditor (514)
[2018.12.10-18.59.20:878][620]LogModuleManager: Shutting down and abandoning module HTML5PlatformEditor (512)
[2018.12.10-18.59.20:878][620]LogModuleManager: Shutting down and abandoning module AndroidPlatformEditor (510)
[2018.12.10-18.59.20:878][620]LogModuleManager: Shutting down and abandoning module AndroidDeviceDetection (509)
[2018.12.10-18.59.22:489][620]LogModuleManager: Shutting down and abandoning module WindowsPlatformEditor (506)
[2018.12.10-18.59.22:489][620]LogModuleManager: Shutting down and abandoning module LuminRuntimeSettings (504)
[2018.12.10-18.59.22:489][620]LogModuleManager: Shutting down and abandoning module IOSRuntimeSettings (502)
[2018.12.10-18.59.22:489][620]LogModuleManager: Shutting down and abandoning module AndroidRuntimeSettings (500)
[2018.12.10-18.59.22:489][620]LogModuleManager: Shutting down and abandoning module InputBindingEditor (498)
[2018.12.10-18.59.22:489][620]LogModuleManager: Shutting down and abandoning module MergeActors (496)
[2018.12.10-18.59.22:489][620]LogModuleManager: Shutting down and abandoning module LocalizationDashboard (494)
[2018.12.10-18.59.22:489][620]LogModuleManager: Shutting down and abandoning module LocalizationService (493)
[2018.12.10-18.59.22:489][620]LogModuleManager: Shutting down and abandoning module HardwareTargeting (490)
[2018.12.10-18.59.22:489][620]LogModuleManager: Shutting down and abandoning module DeviceProfileEditor (488)
[2018.12.10-18.59.22:489][620]LogModuleManager: Shutting down and abandoning module UndoHistory (486)
[2018.12.10-18.59.22:489][620]LogModuleManager: Shutting down and abandoning module XmlParser (484)
[2018.12.10-18.59.22:489][620]LogModuleManager: Shutting down and abandoning module Blutility (482)
[2018.12.10-18.59.22:489][620]LogModuleManager: Shutting down and abandoning module ProjectSettingsViewer (480)
[2018.12.10-18.59.22:489][620]LogModuleManager: Shutting down and abandoning module ProjectTargetPlatformEditor (479)
[2018.12.10-18.59.22:489][620]LogModuleManager: Shutting down and abandoning module EditorSettingsViewer (476)
[2018.12.10-18.59.22:490][620]LogModuleManager: Shutting down and abandoning module SettingsEditor (474)
[2018.12.10-18.59.22:490][620]LogModuleManager: Shutting down and abandoning module ProjectLauncher (472)
[2018.12.10-18.59.22:490][620]LogModuleManager: Shutting down and abandoning module SessionFrontend (470)
[2018.12.10-18.59.22:490][620]LogModuleManager: Shutting down and abandoning module ProfilerClient (468)
[2018.12.10-18.59.22:490][620]LogModuleManager: Shutting down and abandoning module DeviceManager (466)
[2018.12.10-18.59.22:490][620]LogModuleManager: Shutting down and abandoning module TargetDeviceServices (465)
[2018.12.10-18.59.22:544][620]LogModuleManager: Shutting down and abandoning module AutomationController (462)
[2018.12.10-18.59.22:544][620]LogModuleManager: Shutting down and abandoning module AutomationWindow (460)
[2018.12.10-18.59.22:544][620]LogModuleManager: Shutting down and abandoning module Layers (458)
[2018.12.10-18.59.22:544][620]LogModuleManager: Shutting down and abandoning module ComponentVisualizers (456)
[2018.12.10-18.59.22:544][620]LogModuleManager: Shutting down and abandoning module DetailCustomizations (454)
[2018.12.10-18.59.22:544][620]LogModuleManager: Shutting down and abandoning module PackagesDialog (452)
[2018.12.10-18.59.22:544][620]LogModuleManager: Shutting down and abandoning module Persona (450)
[2018.12.10-18.59.22:544][620]LogModuleManager: Shutting down and abandoning module AdvancedPreviewScene (449)
[2018.12.10-18.59.22:544][620]LogModuleManager: Shutting down and abandoning module AnimGraph (447)
[2018.12.10-18.59.22:544][620]LogModuleManager: Shutting down and abandoning module Kismet (444)
[2018.12.10-18.59.22:544][620]LogModuleManager: Shutting down and abandoning module GraphEditor (442)
[2018.12.10-18.59.22:544][620]LogModuleManager: Shutting down and abandoning module ClassViewer (440)
[2018.12.10-18.59.22:544][620]LogModuleManager: Shutting down and abandoning module Toolbox (438)
[2018.12.10-18.59.22:544][620]LogModuleManager: Shutting down and abandoning module ModuleUI (436)
[2018.12.10-18.59.22:544][620]LogModuleManager: Shutting down and abandoning module MovieSceneTools (434)
[2018.12.10-18.59.22:544][620]LogModuleManager: Shutting down and abandoning module OutputLog (432)
[2018.12.10-18.59.22:544][620]LogModuleManager: Shutting down and abandoning module GammaUI (430)
[2018.12.10-18.59.22:544][620]LogModuleManager: Shutting down and abandoning module Documentation (428)
[2018.12.10-18.59.22:544][620]LogModuleManager: Shutting down and abandoning module MovieSceneTracks (426)
[2018.12.10-18.59.22:544][620]LogModuleManager: Shutting down and abandoning module MovieScene (424)
[2018.12.10-18.59.22:544][620]LogModuleManager: Shutting down and abandoning module StreamingPauseRendering (422)
[2018.12.10-18.59.22:544][620]LogModuleManager: Shutting down and abandoning module LauncherPlatform (420)
[2018.12.10-18.59.22:544][620]LogModuleManager: Shutting down and abandoning module AnalyticsET (418)
[2018.12.10-18.59.22:544][620]LogModuleManager: Shutting down and abandoning module PortalServices (416)
[2018.12.10-18.59.22:544][620]LogModuleManager: Shutting down and abandoning module PortalRpc (414)
[2018.12.10-18.59.22:544][620]LogModuleManager: Shutting down and abandoning module MessagingRpc (412)
[2018.12.10-18.59.22:544][620]LogModuleManager: Shutting down and abandoning module AIModule (410)
[2018.12.10-18.59.22:544][620]LogModuleManager: Shutting down and abandoning module GameplayDebugger (409)
[2018.12.10-18.59.22:545][620]LogModuleManager: Shutting down and abandoning module AITestSuite (407)
[2018.12.10-18.59.22:545][620]LogModuleManager: Shutting down and abandoning module NavigationSystem (405)
[2018.12.10-18.59.22:545][620]LogModuleManager: Shutting down and abandoning module DesktopPlatform (402)
[2018.12.10-18.59.22:545][620]LogModuleManager: Shutting down and abandoning module ProfilerService (400)
[2018.12.10-18.59.22:772][620]LogModuleManager: Shutting down and abandoning module TaskGraph (398)
[2018.12.10-18.59.22:772][620]LogModuleManager: Shutting down and abandoning module SteamVRController (396)
[2018.12.10-18.59.22:772][620]LogModuleManager: Shutting down and abandoning module ProceduralMeshComponentEditor (394)
[2018.12.10-18.59.22:772][620]LogModuleManager: Shutting down and abandoning module ProceduralMeshComponent (392)
[2018.12.10-18.59.22:772][620]LogModuleManager: Shutting down and abandoning module OculusInput (390)
[2018.12.10-18.59.22:772][620]LogModuleManager: Shutting down and abandoning module MobilePatchingUtils (388)
[2018.12.10-18.59.22:772][620]LogModuleManager: Shutting down and abandoning module EditableMesh (386)
[2018.12.10-18.59.22:772][620]LogModuleManager: Shutting down and abandoning module CustomMeshComponent (384)
[2018.12.10-18.59.22:772][620]LogModuleManager: Shutting down and abandoning module CableComponent (382)
[2018.12.10-18.59.22:772][620]LogModuleManager: Shutting down and abandoning module AudioCapture (380)
[2018.12.10-18.59.22:772][620]LogModuleManager: Shutting down and abandoning module ArchVisCharacter (378)
[2018.12.10-18.59.22:772][620]LogModuleManager: Shutting down and abandoning module AndroidPermission (376)
[2018.12.10-18.59.22:772][620]LogModuleManager: Shutting down and abandoning module NUTUnrealEngine4 (374)
[2018.12.10-18.59.22:772][620]LogModuleManager: Shutting down and abandoning module NetcodeUnitTest (372)
[2018.12.10-18.59.22:772][620]LogModuleManager: Shutting down and abandoning module MediaCompositingEditor (370)
[2018.12.10-18.59.22:772][620]LogModuleManager: Shutting down and abandoning module MediaCompositing (368)
[2018.12.10-18.59.22:772][620]LogModuleManager: Shutting down and abandoning module LinearTimecode (366)
[2018.12.10-18.59.22:772][620]LogModuleManager: Shutting down and abandoning module ImgMedia (364)
[2018.12.10-18.59.22:775][620]LogModuleManager: Shutting down and abandoning module HTML5Networking (362)
[2018.12.10-18.59.22:775][620]LogModuleManager: Shutting down and abandoning module GeometryCacheTracks (360)
[2018.12.10-18.59.22:775][620]LogModuleManager: Shutting down and abandoning module GeometryCacheSequencer (358)
[2018.12.10-18.59.22:775][620]LogModuleManager: Shutting down and abandoning module BackChannel (356)
[2018.12.10-18.59.22:775][620]LogModuleManager: Shutting down and abandoning module AppleVision (354)
[2018.12.10-18.59.22:775][620]LogModuleManager: Shutting down and abandoning module AppleImageUtils (352)
[2018.12.10-18.59.22:775][620]LogModuleManager: Shutting down and abandoning module AlembicImporter (350)
[2018.12.10-18.59.22:775][620]LogModuleManager: Shutting down and abandoning module AlembicLibrary (349)
[2018.12.10-18.59.22:775][620]LogModuleManager: Shutting down and abandoning module GeometryCache (348)
[2018.12.10-18.59.22:775][620]LogModuleManager: Shutting down and abandoning module GeometryCacheEd (347)
[2018.12.10-18.59.22:775][620]LogModuleManager: Shutting down and abandoning module DatasmithContentEditor (342)
[2018.12.10-18.59.22:775][620]LogModuleManager: Shutting down and abandoning module DatasmithContent (340)
[2018.12.10-18.59.22:775][620]LogModuleManager: Shutting down and abandoning module SpeedTreeImporter (338)
[2018.12.10-18.59.22:775][620]LogModuleManager: Shutting down and abandoning module PluginBrowser (336)
[2018.12.10-18.59.22:775][620]LogModuleManager: Shutting down and abandoning module MobileLauncherProfileWizard (334)
[2018.12.10-18.59.22:775][620]LogModuleManager: Shutting down and abandoning module PolygonModeling (332)
[2018.12.10-18.59.22:775][620]LogModuleManager: Shutting down and abandoning module MeshEditor (330)
[2018.12.10-18.59.22:775][620]LogModuleManager: Shutting down and abandoning module CryptoKeysOpenSSL (328)
[2018.12.10-18.59.22:775][620]LogModuleManager: Shutting down and abandoning module CryptoKeys (326)
[2018.12.10-18.59.22:775][620]LogModuleManager: Shutting down and abandoning module VisualStudioSourceCodeAccess (324)
[2018.12.10-18.59.22:775][620]LogModuleManager: Shutting down and abandoning module VisualStudioCodeSourceCodeAccess (322)
[2018.12.10-18.59.22:775][620]LogModuleManager: Shutting down and abandoning module UObjectPlugin (320)
[2018.12.10-18.59.22:775][620]LogModuleManager: Shutting down and abandoning module SubversionSourceControl (318)
[2018.12.10-18.59.22:775][620]LogModuleManager: Shutting down and abandoning module PerforceSourceControl (316)
[2018.12.10-18.59.22:775][620]LogModuleManager: Shutting down and abandoning module GitSourceControl (314)
[2018.12.10-18.59.22:775][620]LogModuleManager: Shutting down and abandoning module SourceControl (313)
[2018.12.10-18.59.22:775][620]LogModuleManager: Shutting down and abandoning module CLionSourceCodeAccess (310)
[2018.12.10-18.59.22:775][620]LogModuleManager: Shutting down and abandoning module LightPropagationVolumeEditor (308)
[2018.12.10-18.59.22:776][620]LogModuleManager: Shutting down and abandoning module PaperTiledImporter (306)
[2018.12.10-18.59.22:776][620]LogModuleManager: Shutting down and abandoning module PaperSpriteSheetImporter (304)
[2018.12.10-18.59.22:776][620]LogModuleManager: Shutting down and abandoning module Paper2DEditor (302)
[2018.12.10-18.59.22:776][620]LogModuleManager: Shutting down and abandoning module MeshPaint (301)
[2018.12.10-18.59.22:776][620]LogModuleManager: Shutting down and abandoning module RuntimePhysXCooking (298)
[2018.12.10-18.59.22:776][620]LogModuleManager: Shutting down and abandoning module PhysXVehiclesEditor (296)
[2018.12.10-18.59.22:776][620]LogModuleManager: Shutting down and abandoning module PhysXVehicles (294)
[2018.12.10-18.59.22:776][620]LogModuleManager: Shutting down and abandoning module OculusEditor (292)
[2018.12.10-18.59.22:776][620]LogModuleManager: Shutting down and abandoning module LocationServicesBPLibrary (290)
[2018.12.10-18.59.22:776][620]LogModuleManager: Shutting down and abandoning module ImmediatePhysicsEditor (288)
[2018.12.10-18.59.22:776][620]LogModuleManager: Shutting down and abandoning module ImmediatePhysics (286)
[2018.12.10-18.59.22:776][620]LogModuleManager: Shutting down and abandoning module ActorSequence (284)
[2018.12.10-18.59.22:776][620]LogModuleManager: Shutting down and abandoning module UdpMessaging (282)
[2018.12.10-18.59.22:877][620]LogModuleManager: Shutting down and abandoning module TcpMessaging (280)
[2018.12.10-18.59.22:977][620]LogModuleManager: Shutting down and abandoning module MagicLeapAudio (278)
[2018.12.10-18.59.22:977][620]LogModuleManager: Shutting down and abandoning module GameplayTagsEditor (276)
[2018.12.10-18.59.22:977][620]LogModuleManager: Shutting down and abandoning module FacialAnimationEditor (274)
[2018.12.10-18.59.22:977][620]LogModuleManager: Shutting down and abandoning module FacialAnimation (272)
[2018.12.10-18.59.22:977][620]LogModuleManager: Shutting down and abandoning module DataValidation (270)
[2018.12.10-18.59.22:977][620]LogModuleManager: Shutting down and abandoning module AssetManagerEditor (268)
[2018.12.10-18.59.22:977][620]LogModuleManager: Shutting down and abandoning module LevelEditor (267)
[2018.12.10-18.59.22:977][620]LogModuleManager: Shutting down and abandoning module PixelInspectorModule (266)
[2018.12.10-18.59.22:977][620]LogModuleManager: Shutting down and abandoning module CommonMenuExtensions (264)
[2018.12.10-18.59.22:977][620]LogModuleManager: Shutting down and abandoning module MainFrame (262)
[2018.12.10-18.59.22:977][620]LogModuleManager: Shutting down and abandoning module HotReload (261)
[2018.12.10-18.59.22:978][620]LogModuleManager: Shutting down and abandoning module ContentBrowser (257)
[2018.12.10-18.59.22:978][620]LogModuleManager: Shutting down and abandoning module TreeMap (255)
[2018.12.10-18.59.22:978][620]LogModuleManager: Shutting down and abandoning module LightPropagationVolumeRuntime (252)
[2018.12.10-18.59.22:978][620]LogModuleManager: Shutting down and abandoning module AISupportModule (250)
[2018.12.10-18.59.22:978][620]LogModuleManager: Shutting down and abandoning module Paper2D (248)
[2018.12.10-18.59.22:978][620]LogModuleManager: Shutting down and abandoning module WindowsMoviePlayer (246)
[2018.12.10-18.59.22:978][620]LogModuleManager: Shutting down and abandoning module WmfMedia (244)
[2018.12.10-18.59.22:979][620]LogModuleManager: Shutting down and abandoning module Media (243)
[2018.12.10-18.59.22:985][620]LogModuleManager: Shutting down and abandoning module PacketHandler (240)
[2018.12.10-18.59.22:985][620]LogModuleManager: Shutting down and abandoning module ClothingSystemEditor (238)
[2018.12.10-18.59.22:985][620]LogModuleManager: Shutting down and abandoning module ClothingSystemRuntime (236)
[2018.12.10-18.59.22:985][620]LogModuleManager: Shutting down and abandoning module MediaAssets (234)
[2018.12.10-18.59.22:985][620]LogModuleManager: Shutting down and abandoning module Overlay (232)
[2018.12.10-18.59.22:985][620]LogModuleManager: Shutting down and abandoning module OverlayEditor (231)
[2018.12.10-18.59.22:985][620]LogModuleManager: Shutting down and abandoning module VREditor (228)
[2018.12.10-18.59.22:985][620]LogModuleManager: Shutting down and abandoning module StringTableEditor (226)
[2018.12.10-18.59.22:985][620]LogModuleManager: Shutting down and abandoning module GameplayTasksEditor (224)
[2018.12.10-18.59.22:985][620]LogModuleManager: Shutting down and abandoning module BehaviorTreeEditor (222)
[2018.12.10-18.59.22:985][620]LogModuleManager: Shutting down and abandoning module FunctionalTesting (220)
[2018.12.10-18.59.22:985][620]LogModuleManager: Shutting down and abandoning module CollisionAnalyzer (218)
[2018.12.10-18.59.22:985][620]LogModuleManager: Shutting down and abandoning module WorkspaceMenuStructure (217)
[2018.12.10-18.59.22:985][620]LogModuleManager: Shutting down and abandoning module UMG (214)
[2018.12.10-18.59.22:985][620]LogModuleManager: Shutting down and abandoning module UMGEditor (213)
[2018.12.10-18.59.22:985][620]LogModuleManager: Shutting down and abandoning module Sequencer (212)
[2018.12.10-18.59.22:985][620]LogModuleManager: Shutting down and abandoning module MessageLog (209)
[2018.12.10-18.59.22:985][620]LogModuleManager: Shutting down and abandoning module SlateReflector (204)
[2018.12.10-18.59.22:986][620]LogModuleManager: Shutting down and abandoning module Slate (202)
[2018.12.10-18.59.22:986][620]LogModuleManager: Shutting down and abandoning module EditorStyle (200)
[2018.12.10-18.59.22:987][620]LogModuleManager: Shutting down and abandoning module MRMesh (198)
[2018.12.10-18.59.22:987][620]LogModuleManager: Shutting down and abandoning module SourceCodeAccess (196)
[2018.12.10-18.59.22:987][620]LogModuleManager: Shutting down and abandoning module HeadMountedDisplay (194)
[2018.12.10-18.59.22:987][620]LogModuleManager: Shutting down and abandoning module XAudio2 (192)
[2018.12.10-18.59.22:987][620]LogModuleManager: Shutting down and abandoning module Networking (190)
[2018.12.10-18.59.22:987][620]LogModuleManager: Shutting down and abandoning module Core (188)
[2018.12.10-18.59.22:987][620]LogModuleManager: Shutting down and abandoning module LevelSequence (186)
[2018.12.10-18.59.22:987][620]LogModuleManager: Shutting down and abandoning module KismetCompiler (184)
[2018.12.10-18.59.22:987][620]LogModuleManager: Shutting down and abandoning module MeshUtilities (182)
[2018.12.10-18.59.22:987][620]LogModuleManager: Shutting down and abandoning module MeshMergeUtilities (181)
[2018.12.10-18.59.22:987][620]LogModuleManager: Shutting down and abandoning module MeshReductionInterface (180)
[2018.12.10-18.59.22:987][620]LogModuleManager: Shutting down and abandoning module SimplygonSwarm (179)
[2018.12.10-18.59.22:987][620]LogModuleManager: Shutting down and abandoning module ProxyLODMeshReduction (177)
[2018.12.10-18.59.22:987][620]LogModuleManager: Shutting down and abandoning module SimplygonMeshReduction (175)
[2018.12.10-18.59.22:987][620]LogModuleManager: Shutting down and abandoning module QuadricMeshReduction (173)
[2018.12.10-18.59.22:987][620]LogModuleManager: Shutting down and abandoning module MaterialBaking (169)
[2018.12.10-18.59.22:987][620]LogModuleManager: Shutting down and abandoning module DirectoryWatcher (165)
[2018.12.10-18.59.22:987][620]LogModuleManager: Shutting down and abandoning module DerivedDataCache (162)
[2018.12.10-18.59.22:991][620]LogDerivedDataCache: Shutdown
[2018.12.10-18.59.22:991][620]LogModuleManager: Shutting down and abandoning module XGEController (160)
[2018.12.10-18.59.22:991][620]LogModuleManager: Shutting down and abandoning module TargetPlatform (158)
[2018.12.10-18.59.22:991][620]LogModuleManager: Shutting down and abandoning module VulkanShaderFormat (157)
[2018.12.10-18.59.22:991][620]LogModuleManager: Shutting down and abandoning module ShaderFormatVectorVM (155)
[2018.12.10-18.59.22:991][620]LogModuleManager: Shutting down and abandoning module ShaderFormatOpenGL (153)
[2018.12.10-18.59.22:991][620]LogModuleManager: Shutting down and abandoning module ShaderFormatD3D (151)
[2018.12.10-18.59.22:991][620]LogModuleManager: Shutting down and abandoning module MetalShaderFormat (149)
[2018.12.10-18.59.22:991][620]LogModuleManager: Shutting down and abandoning module TextureFormatUncompressed (147)
[2018.12.10-18.59.22:991][620]LogModuleManager: Shutting down and abandoning module TextureFormatPVR (145)
[2018.12.10-18.59.22:991][620]LogModuleManager: Shutting down and abandoning module TextureFormatDXT (143)
[2018.12.10-18.59.22:991][620]LogModuleManager: Shutting down and abandoning module TextureFormatIntelISPCTexComp (141)
[2018.12.10-18.59.22:991][620]LogModuleManager: Shutting down and abandoning module TextureFormatASTC (139)
[2018.12.10-18.59.22:991][620]LogModuleManager: Shutting down and abandoning module ImageWrapper (138)
[2018.12.10-18.59.22:991][620]LogModuleManager: Shutting down and abandoning module TextureFormatAndroid (135)
[2018.12.10-18.59.22:991][620]LogModuleManager: Shutting down and abandoning module AudioFormatOpus (133)
[2018.12.10-18.59.22:991][620]LogModuleManager: Shutting down and abandoning module AudioFormatOgg (131)
[2018.12.10-18.59.22:991][620]LogModuleManager: Shutting down and abandoning module AudioFormatADPCM (129)
[2018.12.10-18.59.22:991][620]LogModuleManager: Shutting down and abandoning module LuminTargetPlatform (127)
[2018.12.10-18.59.22:991][620]LogModuleManager: Shutting down and abandoning module LinuxTargetPlatform (125)
[2018.12.10-18.59.22:991][620]LogModuleManager: Shutting down and abandoning module LinuxServerTargetPlatform (123)
[2018.12.10-18.59.22:991][620]LogModuleManager: Shutting down and abandoning module LinuxNoEditorTargetPlatform (121)
[2018.12.10-18.59.22:991][620]LogModuleManager: Shutting down and abandoning module LinuxClientTargetPlatform (119)
[2018.12.10-18.59.22:991][620]LogModuleManager: Shutting down and abandoning module TVOSTargetPlatform (117)
[2018.12.10-18.59.22:992][620]LogModuleManager: Shutting down and abandoning module Messaging (115)
[2018.12.10-18.59.22:992][620]LogModuleManager: Shutting down and abandoning module IOSTargetPlatform (113)
[2018.12.10-18.59.22:992][620]LogModuleManager: Shutting down and abandoning module HTML5TargetPlatform (111)
[2018.12.10-18.59.22:992][620]LogModuleManager: Shutting down and abandoning module AndroidTargetPlatform (109)
[2018.12.10-18.59.22:997][620]LogModuleManager: Shutting down and abandoning module WindowsTargetPlatform (107)
[2018.12.10-18.59.22:997][620]LogModuleManager: Shutting down and abandoning module WindowsServerTargetPlatform (105)
[2018.12.10-18.59.22:997][620]LogModuleManager: Shutting down and abandoning module WindowsNoEditorTargetPlatform (103)
[2018.12.10-18.59.22:997][620]LogModuleManager: Shutting down and abandoning module WindowsClientTargetPlatform (101)
[2018.12.10-18.59.22:997][620]LogModuleManager: Shutting down and abandoning module MacTargetPlatform (99)
[2018.12.10-18.59.22:997][620]LogModuleManager: Shutting down and abandoning module MacServerTargetPlatform (97)
[2018.12.10-18.59.22:997][620]LogModuleManager: Shutting down and abandoning module MacNoEditorTargetPlatform (95)
[2018.12.10-18.59.22:997][620]LogModuleManager: Shutting down and abandoning module MacClientTargetPlatform (93)
[2018.12.10-18.59.22:997][620]LogModuleManager: Shutting down and abandoning module AllDesktopTargetPlatform (91)
[2018.12.10-18.59.22:997][620]LogModuleManager: Shutting down and abandoning module InputCore (88)
[2018.12.10-18.59.22:997][620]LogModuleManager: Shutting down and abandoning module Settings (86)
[2018.12.10-18.59.22:997][620]LogModuleManager: Shutting down and abandoning module PhysXCooking (84)
[2018.12.10-18.59.22:997][620]LogModuleManager: Shutting down and abandoning module SteamVR (82)
[2018.12.10-18.59.22:997][620]LogModuleManager: Shutting down and abandoning module OculusHMD (80)
[2018.12.10-18.59.22:997][620]LogModuleManager: Shutting down and abandoning module ExampleDeviceProfileSelector (78)
[2018.12.10-18.59.22:997][620]LogModuleManager: Shutting down and abandoning module LauncherChunkInstaller (76)
[2018.12.10-18.59.22:997][620]LogModuleManager: Shutting down and abandoning module OnlineBlueprintSupport (74)
[2018.12.10-18.59.22:997][620]LogModuleManager: Shutting down and abandoning module OnlineSubsystem (70)
[2018.12.10-18.59.22:998][620]LogModuleManager: Shutting down and abandoning module XMPP (65)
[2018.12.10-18.59.22:998][620]LogModuleManager: Shutting down and abandoning module WebSockets (64)
[2018.12.10-18.59.23:004][620]LogModuleManager: Shutting down and abandoning module HTTP (61)
[2018.12.10-18.59.23:004][620]LogHttp: Display: Http module shutting down, but needs to wait on 1 outstanding Http requests:
[2018.12.10-18.59.23:004][620]LogHttp: Display: 	verb=[POST] url=[https://datarouter.ol.epicgames.com/datarouter/api/v1/public/data?SessionID=%7BECDA9220-4C7E-1FA1-A131-FDACB5ED93E1%7D&AppID=UEEditor.Rocket.Release&AppVersion=4.20.3-4369336%2B%2B%2BUE4%2BRelease-4.20&UserID=8c0bea0046af42b4a59b418aa9fa597d%7C70d38d00f097495e879026847a28656b%7C1b219373-63b8-446c-b820-3fb1b4a71ecf&AppEnvironment=datacollector-binary&UploadType=eteventstream] status=Processing
[2018.12.10-18.59.23:005][620]LogModuleManager: Shutting down and abandoning module SSL (60)
[2018.12.10-18.59.23:006][620]LogModuleManager: Shutting down and abandoning module MagicLeapEmulator (56)
[2018.12.10-18.59.23:006][620]LogModuleManager: Shutting down and abandoning module MagicLeapPrivileges (54)
[2018.12.10-18.59.23:006][620]LogModuleManager: Shutting down and abandoning module MagicLeapIdentity (52)
[2018.12.10-18.59.23:006][620]LogModuleManager: Shutting down and abandoning module MagicLeapHelperVulkan (50)
[2018.12.10-18.59.23:006][620]LogModuleManager: Shutting down and abandoning module MagicLeapHelperOpenGL (48)
[2018.12.10-18.59.23:006][620]LogModuleManager: Shutting down and abandoning module MagicLeapSecureStorage (46)
[2018.12.10-18.59.23:006][620]LogModuleManager: Shutting down and abandoning module MagicLeapGestures (44)
[2018.12.10-18.59.23:006][620]LogModuleManager: Shutting down and abandoning module MagicLeapEyeTracker (42)
[2018.12.10-18.59.23:006][620]LogModuleManager: Shutting down and abandoning module MagicLeapController (40)
[2018.12.10-18.59.23:006][620]LogSlate: Slate User Destroyed.  User Index 0, Is Virtual User: 0
[2018.12.10-18.59.23:006][620]LogModuleManager: Shutting down and abandoning module MagicLeap (38)
[2018.12.10-18.59.23:006][620]LogModuleManager: Shutting down and abandoning module AnimationModifiers (36)
[2018.12.10-18.59.23:006][620]LogModuleManager: Shutting down and abandoning module PropertyEditor (35)
[2018.12.10-18.59.23:006][620]LogModuleManager: Shutting down and abandoning module AudioEditor (32)
[2018.12.10-18.59.23:006][620]LogModuleManager: Shutting down and abandoning module TextureCompressor (30)
[2018.12.10-18.59.23:006][620]LogModuleManager: Shutting down and abandoning module ShaderCore (28)
[2018.12.10-18.59.23:006][620]LogModuleManager: Shutting down and abandoning module Landscape (26)
[2018.12.10-18.59.23:006][620]LogModuleManager: Shutting down and abandoning module SlateRHIRenderer (24)
[2018.12.10-18.59.23:007][620]LogModuleManager: Shutting down and abandoning module OpenGLDrv (22)
[2018.12.10-18.59.23:007][620]LogModuleManager: Shutting down and abandoning module D3D11RHI (20)
[2018.12.10-18.59.23:007][620]LogModuleManager: Shutting down and abandoning module AnimGraphRuntime (18)
[2018.12.10-18.59.23:007][620]LogModuleManager: Shutting down and abandoning module Renderer (16)
[2018.12.10-18.59.23:007][620]LogModuleManager: Shutting down and abandoning module Engine (14)
[2018.12.10-18.59.23:007][620]LogModuleManager: Shutting down and abandoning module CoreUObject (12)
[2018.12.10-18.59.23:007][620]LogModuleManager: Shutting down and abandoning module NetworkFile (10)
[2018.12.10-18.59.23:007][620]LogModuleManager: Shutting down and abandoning module CookedIterativeFile (8)
[2018.12.10-18.59.23:007][620]LogModuleManager: Shutting down and abandoning module StreamingFile (6)
[2018.12.10-18.59.23:007][620]LogModuleManager: Shutting down and abandoning module SandboxFile (4)
[2018.12.10-18.59.23:007][620]LogModuleManager: Shutting down and abandoning module PakFile (2)
[2018.12.10-18.59.23:013][620]LogExit: Exiting.
[2018.12.10-18.59.23:029][620]Log file closed, 12/10/18 13:59:23
