Log file open, 12/11/18 23:45:57
LogWindows: Failed to load 'aqProf.dll' (GetLastError=126)
LogWindows: File 'aqProf.dll' does not exist
LogWindows: Failed to load 'VSPerf140.dll' (GetLastError=126)
LogWindows: File 'VSPerf140.dll' does not exist
LogWindows: Failed to load 'VtuneApi.dll' (GetLastError=126)
LogWindows: File 'VtuneApi.dll' does not exist
LogWindows: Failed to load 'VtuneApi32e.dll' (GetLastError=126)
LogWindows: File 'VtuneApi32e.dll' does not exist
LogInit: Display: Running engine for game: project4
LogPlatformFile: Not using cached read wrapper
LogTaskGraph: Started task graph with 5 named threads and 35 total threads with 3 sets of task threads.
LogStats: Stats thread started at 0.446620
LogD3D11RHI: Loaded GFSDK_Aftermath_Lib.x64.dll
LogICUInternationalization: Display: ICU TimeZone Detection - Raw Offset: -5:00, Platform Override: ''
LogPluginManager: Mounting plugin Paper2D
LogPluginManager: Mounting plugin AISupport
LogPluginManager: Mounting plugin LightPropagationVolume
LogPluginManager: Mounting plugin CLionSourceCodeAccess
LogPluginManager: Mounting plugin CodeLiteSourceCodeAccess
LogPluginManager: Mounting plugin GitSourceControl
LogPluginManager: Mounting plugin KDevelopSourceCodeAccess
LogPluginManager: Mounting plugin NullSourceCodeAccess
LogPluginManager: Mounting plugin PerforceSourceControl
LogPluginManager: Mounting plugin SubversionSourceControl
LogPluginManager: Mounting plugin UObjectPlugin
LogPluginManager: Mounting plugin VisualStudioCodeSourceCodeAccess
LogPluginManager: Mounting plugin VisualStudioSourceCodeAccess
LogPluginManager: Mounting plugin XCodeSourceCodeAccess
LogPluginManager: Mounting plugin AssetManagerEditor
LogPluginManager: Mounting plugin CryptoKeys
LogPluginManager: Mounting plugin DataValidation
LogPluginManager: Mounting plugin FacialAnimation
LogPluginManager: Mounting plugin GameplayTagsEditor
LogPluginManager: Mounting plugin MacGraphicsSwitching
LogPluginManager: Mounting plugin MeshEditor
LogPluginManager: Mounting plugin MobileLauncherProfileWizard
LogPluginManager: Mounting plugin PluginBrowser
LogPluginManager: Mounting plugin SpeedTreeImporter
LogPluginManager: Mounting plugin DatasmithContent
LogPluginManager: Mounting plugin AlembicImporter
LogPluginManager: Mounting plugin AppleImageUtils
LogPluginManager: Mounting plugin AppleVision
LogPluginManager: Mounting plugin BackChannel
LogPluginManager: Mounting plugin CharacterAI
LogPluginManager: Mounting plugin GeometryCache
LogPluginManager: Mounting plugin HTML5Networking
LogPluginManager: Mounting plugin ProxyLODPlugin
LogPluginManager: Mounting plugin MagicLeap
LogPluginManager: Mounting plugin MagicLeapEmulator
LogPluginManager: Mounting plugin MagicLeapMedia
LogPluginManager: Mounting plugin AndroidMedia
LogPluginManager: Mounting plugin AvfMedia
LogPluginManager: Mounting plugin ImgMedia
LogPluginManager: Mounting plugin LinearTimecode
LogPluginManager: Mounting plugin MediaCompositing
LogPluginManager: Mounting plugin MediaPlayerEditor
LogPluginManager: Mounting plugin WmfMedia
LogPluginManager: Mounting plugin TcpMessaging
LogPluginManager: Mounting plugin UdpMessaging
LogPluginManager: Mounting plugin ActorSequence
LogPluginManager: Mounting plugin LevelSequenceEditor
LogPluginManager: Mounting plugin MatineeToLevelSequence
LogPluginManager: Mounting plugin NetcodeUnitTest
LogPluginManager: Mounting plugin NUTUnrealEngine4
LogPluginManager: Mounting plugin OnlineSubsystemGooglePlay
LogPluginManager: Mounting plugin OnlineSubsystemIOS
LogPluginManager: Mounting plugin OnlineSubsystem
LogPluginManager: Mounting plugin OnlineSubsystemNull
LogPluginManager: Mounting plugin OnlineSubsystemUtils
LogPluginManager: Mounting plugin LauncherChunkInstaller
LogPluginManager: Mounting plugin AndroidDeviceProfileSelector
LogPluginManager: Mounting plugin AndroidMoviePlayer
LogPluginManager: Mounting plugin AndroidPermission
LogPluginManager: Mounting plugin AppleMoviePlayer
LogPluginManager: Mounting plugin ArchVisCharacter
LogPluginManager: Mounting plugin AudioCapture
LogPluginManager: Mounting plugin CableComponent
LogPluginManager: Mounting plugin CustomMeshComponent
LogPluginManager: Mounting plugin EditableMesh
LogPluginManager: Mounting plugin ExampleDeviceProfileSelector
LogPluginManager: Mounting plugin GoogleCloudMessaging
LogPluginManager: Mounting plugin ImmediatePhysics
LogPluginManager: Mounting plugin IOSDeviceProfileSelector
LogPluginManager: Mounting plugin LinuxDeviceProfileSelector
LogPluginManager: Mounting plugin LocationServicesBPLibrary
LogPluginManager: Mounting plugin MobilePatchingUtils
LogPluginManager: Mounting plugin OculusVR
LogPluginManager: Plugin shader directory ../../../Engine/Plugins/Runtime/Oculus/OculusVR/Shaders found
LogPluginManager: Mapping shader source directory ../../../Engine/Plugins/Runtime/Oculus/OculusVR/Shaders to virtual directory /Plugin/OculusVR
LogPluginManager: Mounting plugin PhysXVehicles
LogPluginManager: Mounting plugin ProceduralMeshComponent
LogPluginManager: Mounting plugin RuntimePhysXCooking
LogPluginManager: Mounting plugin SteamVR
LogPluginManager: Mounting plugin WindowsMoviePlayer
LogStreaming: Display: Took  0.206s to configure plugins.
LogInit: Using libcurl 7.55.1-DEV
LogInit:  - built for x86_64-pc-win32
LogInit:  - supports SSL with OpenSSL/1.0.2h
LogInit:  - supports HTTP deflate (compression) using libz 1.2.8
LogInit:  - other features:
LogInit:      CURL_VERSION_SSL
LogInit:      CURL_VERSION_LIBZ
LogInit:      CURL_VERSION_IPV6
LogInit:      CURL_VERSION_ASYNCHDNS
LogInit:      CURL_VERSION_LARGEFILE
LogInit:      CURL_VERSION_IDN
LogInit:  CurlRequestOptions (configurable via config and command line):
LogInit:  - bVerifyPeer = false  - Libcurl will NOT verify peer certificate
LogInit:  - bUseHttpProxy = false  - Libcurl will NOT use HTTP proxy
LogInit:  - bDontReuseConnections = false  - Libcurl will reuse connections
LogInit:  - CertBundlePath = nullptr  - Libcurl will use whatever was configured at build time.
LogInit:  - MaxHostConnections = 16  - Libcurl will limit the number of connections to a host
LogInit:  - LocalHostAddr = Default
LogInit:  - BufferSize = 65536
LogInit: WinSock: version 1.1 (2.2), MaxSocks=32767, MaxUdp=65467
LogInit: Build: ++UE4+Release-4.20-CL-4233996
LogInit: Engine Version: 4.20.1-4233996+++UE4+Release-4.20
LogInit: Compatible Engine Version: 4.20.0-4212847+++UE4+Release-4.20
LogInit: Net CL: 4212847
LogInit: OS: Windows 10 (), CPU: Intel(R) Xeon(R) CPU E5-1650 v3 @ 3.50GHz, GPU: NVIDIA GeForce GTX 1080
LogInit: Compiled (64-bit): Jul 26 2018 10:07:30
LogInit: Compiled with Visual C++: 19.13.26129.00
LogInit: Build Configuration: Development
LogInit: Branch Name: ++UE4+Release-4.20
LogInit: Command Line: -EpicPortal  -epicusername="tingletuner23" -epicuserid=bcb4224273044665b67c0bf5e83c5629 -epiclocale=en-US
LogInit: Base Directory: C:/Program Files/Epic Games/UE_4.20/Engine/Binaries/Win64/
LogInit: Installed Engine Build: 1
LogDevObjectVersion: Number of dev versions registered: 20
LogDevObjectVersion:   Dev-Blueprints (B0D832E4-1F89-4F0D-ACCF-7EB736FD4AA2): 10
LogDevObjectVersion:   Dev-Build (E1C64328-A22C-4D53-A36C-8E866417BD8C): 0
LogDevObjectVersion:   Dev-Core (375EC13C-06E4-48FB-B500-84F0262A717E): 2
LogDevObjectVersion:   Dev-Editor (E4B068ED-F494-42E9-A231-DA0B2E46BB41): 24
LogDevObjectVersion:   Dev-Framework (CFFC743F-43B0-4480-9391-14DF171D2073): 34
LogDevObjectVersion:   Dev-Mobile (B02B49B5-BB20-44E9-A304-32B752E40360): 2
LogDevObjectVersion:   Dev-Networking (A4E4105C-59A1-49B5-A7C5-40C4547EDFEE): 0
LogDevObjectVersion:   Dev-Online (39C831C9-5AE6-47DC-9A44-9C173E1C8E7C): 0
LogDevObjectVersion:   Dev-Physics (78F01B33-EBEA-4F98-B9B4-84EACCB95AA2): 0
LogDevObjectVersion:   Dev-Platform (6631380F-2D4D-43E0-8009-CF276956A95A): 0
LogDevObjectVersion:   Dev-Rendering (12F88B9F-8875-4AFC-A67C-D90C383ABD29): 26
LogDevObjectVersion:   Dev-Sequencer (7B5AE74C-D270-4C10-A958-57980B212A5A): 9
LogDevObjectVersion:   Dev-VR (D7296918-1DD6-4BDD-9DE2-64A83CC13884): 2
LogDevObjectVersion:   Dev-LoadTimes (C2A15278-BFE7-4AFE-6C17-90FF531DF755): 1
LogDevObjectVersion:   Private-Geometry (6EACA3D4-40EC-4CC1-B786-8BED09428FC5): 3
LogDevObjectVersion:   Dev-AnimPhys (29E575DD-E0A3-4627-9D10-D276232CDCEA): 17
LogDevObjectVersion:   Dev-ReflectionCapture (6B266CEC-1EC7-4B8F-A30B-E4D90942FC07): 1
LogDevObjectVersion:   Dev-Automation (0DF73D61-A23F-47EA-B727-89E90C41499A): 1
LogDevObjectVersion:   FortniteMain (601D1886-AC64-4F84-AA16-D3DE0DEAC7D6): 12
LogDevObjectVersion:   Dev-Enterprise (9DFFBCD6-494F-0158-E221-12823C92A888): 1
LogStreaming: Display: Took  0.006s to delete old logs.
LogInit: Presizing for max 8388607 objects, including 0 objects not considered by GC, pre-allocating 0 bytes for permanent pool.
LogInit: Object subsystem initialized
[2018.12.12-04.45.57:615][  0]LogInit: Selected Device Profile: [Windows]
[2018.12.12-04.45.57:615][  0]LogInit: Applying CVar settings loaded from the selected device profile: [Windows]
[2018.12.12-04.45.57:641][  0]LogHAL: Display: Platform has ~ 32 GB [34278260736 / 34359738368 / 32], which maps to Largest [LargestMinGB=32, LargerMinGB=12, DefaultMinGB=8, SmallerMinGB=6, SmallestMinGB=0)
[2018.12.12-04.45.57:642][  0]LogInit: Setting Device Profile CVar: [[r.Vulkan.UseRealUBs:1]]
[2018.12.12-04.45.57:642][  0]LogInit: Going up to parent DeviceProfile []
[2018.12.12-04.45.57:643][  0]LogInit: Computer: SA2411-PC11
[2018.12.12-04.45.57:643][  0]LogInit: User: PRICEL2
[2018.12.12-04.45.57:643][  0]LogInit: CPU Page size=4096, Cores=6
[2018.12.12-04.45.57:643][  0]LogInit: High frequency timer resolution =3.410074 MHz
[2018.12.12-04.45.57:643][  0]LogMemory: Memory total: Physical=31.9GB (32GB approx)
[2018.12.12-04.45.57:643][  0]LogMemory: Platform Memory Stats for Windows
[2018.12.12-04.45.57:643][  0]LogMemory: Process Physical Memory: 102.48 MB used, 102.48 MB peak
[2018.12.12-04.45.57:643][  0]LogMemory: Process Virtual Memory: 98.09 MB used, 98.09 MB peak
[2018.12.12-04.45.57:644][  0]LogMemory: Physical Memory: 6743.48 MB used,  25946.82 MB free, 32690.30 MB total
[2018.12.12-04.45.57:644][  0]LogMemory: Virtual Memory: 4669.19 MB used,  25946.82 MB free, 134217728.00 MB total
[2018.12.12-04.45.57:663][  0]LogInit: Using OS detected language (en-US).
[2018.12.12-04.45.57:663][  0]LogInit: Using OS detected locale (en-US).
[2018.12.12-04.45.57:664][  0]LogTextLocalizationManager: No specific localization for 'en-US' exists, so the 'en' localization will be used.
[2018.12.12-04.45.58:076][  0]LogStreaming: Display: Took  0.412s to InitEngineTextLocalization.
[2018.12.12-04.45.58:076][  0]LogInit: Setting process to per monitor DPI aware
[2018.12.12-04.45.58:119][  0]LogSlate: New Slate User Created.  User Index 0, Is Virtual User: 0
[2018.12.12-04.45.58:119][  0]LogSlate: Slate User Registered.  User Index 0, Is Virtual User: 0
[2018.12.12-04.45.58:342][  0]LogHMD: Failed to initialize OpenVR with code 110
[2018.12.12-04.45.58:342][  0]LogD3D11RHI: D3D11 adapters:
[2018.12.12-04.45.58:425][  0]LogD3D11RHI:    0. 'NVIDIA GeForce GTX 1080' (Feature Level 11_0)
[2018.12.12-04.45.58:425][  0]LogD3D11RHI:       8079/0/16345 MB DedicatedVideo/DedicatedSystem/SharedSystem, Outputs:2, VendorId:0x10de
[2018.12.12-04.45.58:427][  0]LogD3D11RHI:    1. 'Microsoft Basic Render Driver' (Feature Level 11_0)
[2018.12.12-04.45.58:427][  0]LogD3D11RHI:       0/0/16345 MB DedicatedVideo/DedicatedSystem/SharedSystem, Outputs:0, VendorId:0x1414
[2018.12.12-04.45.58:427][  0]LogD3D11RHI: Chosen D3D11 Adapter: 0
[2018.12.12-04.45.58:434][  0]LogD3D11RHI: Creating new Direct3DDevice
[2018.12.12-04.45.58:435][  0]LogD3D11RHI:     GPU DeviceId: 0x1b80 (for the marketing name, search the web for "GPU Device Id")
[2018.12.12-04.45.58:435][  0]LogWindows: EnumDisplayDevices:
[2018.12.12-04.45.58:435][  0]LogWindows:    0. 'NVIDIA GeForce GTX 1080' (P:1 D:1)
[2018.12.12-04.45.58:435][  0]LogWindows:    1. 'NVIDIA GeForce GTX 1080' (P:0 D:1)
[2018.12.12-04.45.58:435][  0]LogWindows:    2. 'NVIDIA GeForce GTX 1080' (P:0 D:0)
[2018.12.12-04.45.58:436][  0]LogWindows:    3. 'NVIDIA GeForce GTX 1080' (P:0 D:0)
[2018.12.12-04.45.58:436][  0]LogWindows: DebugString: FoundDriverCount:4 
[2018.12.12-04.45.58:436][  0]LogD3D11RHI:     Adapter Name: NVIDIA GeForce GTX 1080
[2018.12.12-04.45.58:436][  0]LogD3D11RHI:   Driver Version: 397.93 (internal:24.21.13.9793, unified:397.93)
[2018.12.12-04.45.58:436][  0]LogD3D11RHI:      Driver Date: 5-22-2018
[2018.12.12-04.45.58:436][  0]LogRHI: Texture pool is 5655 MB (70% of 8079 MB)
[2018.12.12-04.45.58:481][  0]LogD3D11RHI: Async texture creation enabled
[2018.12.12-04.45.58:499][  0]LogD3D11RHI: GPU Timing Frequency: 1000.000000 (Debug: 2 2)
[2018.12.12-04.45.58:585][  0]LogShaderCompilers: Guid format shader working directory is -23 characters bigger than the processId version (../../../../../../Users/pricel2/Documents/project/GD_project4/project4/Intermediate/Shaders/WorkingDirectory/13764/).
[2018.12.12-04.45.58:585][  0]LogShaderCompilers: Cleaned the shader compiler working directory 'C:/Users/pricel2/AppData/Local/Temp/UnrealShaderWorkingDir/A3BB11B244AFFA289D94DAA1D9B98FF4/'.
[2018.12.12-04.45.58:970][  0]LogTemp: Display: Loaded TP AllDesktopTargetPlatform
[2018.12.12-04.45.58:985][  0]LogTemp: Display: Loaded TP MacClientTargetPlatform
[2018.12.12-04.45.58:999][  0]LogTemp: Display: Loaded TP MacNoEditorTargetPlatform
[2018.12.12-04.45.59:014][  0]LogTemp: Display: Loaded TP MacServerTargetPlatform
[2018.12.12-04.45.59:034][  0]LogTemp: Display: Loaded TP MacTargetPlatform
[2018.12.12-04.45.59:049][  0]LogTemp: Display: Loaded TP WindowsClientTargetPlatform
[2018.12.12-04.45.59:063][  0]LogTemp: Display: Loaded TP WindowsNoEditorTargetPlatform
[2018.12.12-04.45.59:091][  0]LogTemp: Display: Loaded TP WindowsServerTargetPlatform
[2018.12.12-04.45.59:098][  0]LogTemp: Display: Loaded TP WindowsTargetPlatform
[2018.12.12-04.45.59:180][  0]LogTemp: Display: Loaded TP AndroidTargetPlatform
[2018.12.12-04.45.59:180][  0]LogTemp: Display: Loaded TP AndroidTargetPlatform
[2018.12.12-04.45.59:180][  0]LogTemp: Display: Loaded TP AndroidTargetPlatform
[2018.12.12-04.45.59:180][  0]LogTemp: Display: Loaded TP AndroidTargetPlatform
[2018.12.12-04.45.59:180][  0]LogTemp: Display: Loaded TP AndroidTargetPlatform
[2018.12.12-04.45.59:180][  0]LogTemp: Display: Loaded TP AndroidTargetPlatform
[2018.12.12-04.45.59:180][  0]LogTemp: Display: Loaded TP AndroidTargetPlatform
[2018.12.12-04.45.59:180][  0]LogTemp: Display: Loaded TP AndroidTargetPlatform
[2018.12.12-04.45.59:180][  0]LogTemp: Display: Loaded TP AndroidTargetPlatform
[2018.12.12-04.45.59:180][  0]LogTemp: Display: Loaded TP AndroidTargetPlatform
[2018.12.12-04.45.59:180][  0]LogTemp: Display: Loaded TP AndroidTargetPlatform
[2018.12.12-04.45.59:180][  0]LogTemp: Display: Loaded TP AndroidTargetPlatform
[2018.12.12-04.45.59:180][  0]LogTemp: Display: Loaded TP AndroidTargetPlatform
[2018.12.12-04.45.59:180][  0]LogTemp: Display: Loaded TP AndroidTargetPlatform
[2018.12.12-04.45.59:180][  0]LogTemp: Display: Loaded TP AndroidTargetPlatform
[2018.12.12-04.45.59:180][  0]LogTemp: Display: Loaded TP AndroidTargetPlatform
[2018.12.12-04.45.59:180][  0]LogTemp: Display: Loaded TP AndroidTargetPlatform
[2018.12.12-04.45.59:180][  0]LogTemp: Display: Loaded TP AndroidTargetPlatform
[2018.12.12-04.45.59:182][  0]LogTemp: Display: Loaded TP HTML5TargetPlatform
[2018.12.12-04.45.59:256][  0]LogTemp: Display: Loaded TP IOSTargetPlatform
[2018.12.12-04.45.59:256][  0]LogTemp: Display: Loaded TP IOSTargetPlatform
[2018.12.12-04.45.59:281][  0]LogTemp: Display: Loaded TP TVOSTargetPlatform
[2018.12.12-04.45.59:281][  0]LogTemp: Display: Loaded TP TVOSTargetPlatform
[2018.12.12-04.45.59:294][  0]LogTemp: Display: Loaded TP LinuxClientTargetPlatform
[2018.12.12-04.45.59:307][  0]LogTemp: Display: Loaded TP LinuxNoEditorTargetPlatform
[2018.12.12-04.45.59:320][  0]LogTemp: Display: Loaded TP LinuxServerTargetPlatform
[2018.12.12-04.45.59:335][  0]LogTemp: Display: Loaded TP LinuxTargetPlatform
[2018.12.12-04.45.59:344][  0]LogTemp: Display: Loaded TP LuminTargetPlatform
[2018.12.12-04.45.59:344][  0]LogTargetPlatformManager: Display: Building Assets For Windows
[2018.12.12-04.45.59:444][  0]LogXGEController: Cannot use XGE Controller as Incredibuild is not installed on this machine.
[2018.12.12-04.45.59:444][  0]LogShaderCompilers: Cannot use XGE Shader Compiler as Incredibuild is not installed on this machine.
[2018.12.12-04.45.59:444][  0]LogShaderCompilers: Display: Using Local Shader Compiler.
[2018.12.12-04.46.00:288][  0]LogDerivedDataCache: Display: Max Cache Size: 512 MB
[2018.12.12-04.46.00:383][  0]LogDerivedDataCache: Loaded boot cache 0.09s 71MB C:/Users/pricel2/AppData/Local/UnrealEngine/4.20/DerivedDataCache/Boot.ddc.
[2018.12.12-04.46.00:384][  0]LogDerivedDataCache: Display: Loaded Boot cache: C:/Users/pricel2/AppData/Local/UnrealEngine/4.20/DerivedDataCache/Boot.ddc
[2018.12.12-04.46.00:384][  0]LogDerivedDataCache: FDerivedDataBackendGraph:  Pak pak cache file ../../../../../../Users/pricel2/Documents/project/GD_project4/project4/DerivedDataCache/DDC.ddp not found, will not use a pak cache.
[2018.12.12-04.46.00:384][  0]LogDerivedDataCache: Unable to find inner node Pak for hierarchical cache Hierarchy.
[2018.12.12-04.46.00:384][  0]LogDerivedDataCache: FDerivedDataBackendGraph:  CompressedPak pak cache file ../../../../../../Users/pricel2/Documents/project/GD_project4/project4/DerivedDataCache/Compressed.ddp not found, will not use a pak cache.
[2018.12.12-04.46.00:384][  0]LogDerivedDataCache: Unable to find inner node CompressedPak for hierarchical cache Hierarchy.
[2018.12.12-04.46.00:397][  0]LogDerivedDataCache: Display: Pak cache opened for reading ../../../Engine/DerivedDataCache/Compressed.ddp.
[2018.12.12-04.46.00:410][  0]LogDerivedDataCache: Using Local data cache path C:/Users/pricel2/AppData/Local/UnrealEngine/Common/DerivedDataCache: Writable
[2018.12.12-04.46.00:410][  0]LogDerivedDataCache: Shared data cache path not found in *engine.ini, will not use an Shared cache.
[2018.12.12-04.46.00:410][  0]LogDerivedDataCache: Unable to find inner node Shared for hierarchical cache Hierarchy.
[2018.12.12-04.46.00:430][  0]LogMaterial: Verifying Global Shaders for PCD3D_SM5
[2018.12.12-04.46.00:431][  0]LogSlate: Using FreeType 2.6.0
[2018.12.12-04.46.00:432][  0]LogSlate: SlateFontServices - WITH_FREETYPE: 1, WITH_HARFBUZZ: 1
[2018.12.12-04.46.00:516][  0]LogAssetRegistry: FAssetRegistry took 0.0266 seconds to start up
[2018.12.12-04.46.00:906][  0]LogInit: Selected Device Profile: [Windows]
[2018.12.12-04.46.01:079][  0]LogSimplygon: Simplygon DLL not present - disabling.
[2018.12.12-04.46.01:084][  0]LogMeshReduction: Using SimplygonSwarm for distributed automatic mesh merging
[2018.12.12-04.46.01:084][  0]LogMeshReduction: Using ProxyLODMeshReduction for automatic mesh merging
[2018.12.12-04.46.01:084][  0]LogMeshReduction: Using QuadricMeshReduction for automatic static mesh reduction
[2018.12.12-04.46.01:084][  0]LogMeshReduction: No automatic skeletal mesh reduction module available
[2018.12.12-04.46.01:130][  0]LogNetVersion: project4 1.0.0, NetCL: 4212847, EngineNetVer: 5, GameNetVer: 0 (Checksum: 1992437466)
[2018.12.12-04.46.01:880][  0]LogPackageLocalizationCache: Processed 11 localized package path(s) for 2 prioritized culture(s) in 0.206028 seconds
[2018.12.12-04.46.01:885][  0]LogUObjectArray: 38425 objects as part of root set at end of initial load.
[2018.12.12-04.46.01:885][  0]LogUObjectAllocator: 6690864 out of 0 bytes used by permanent object pool.
[2018.12.12-04.46.01:885][  0]LogUObjectArray: CloseDisregardForGC: 0/0 objects in disregard for GC pool
[2018.12.12-04.46.02:783][  0]LogTcpMessaging: Initializing TcpMessaging bridge
[2018.12.12-04.46.02:797][  0]LogUdpMessaging: Initializing bridge on interface 0.0.0.0:0 to multicast group 230.0.0.1:6666.
[2018.12.12-04.46.02:975][  0]SourceControl: Source control is disabled
[2018.12.12-04.46.02:975][  0]SourceControl: Source control is disabled
[2018.12.12-04.46.02:977][  0]SourceControl: Source control is disabled
[2018.12.12-04.46.02:980][  0]SourceControl: Source control is disabled
[2018.12.12-04.46.03:213][  0]LogAndroidPermission: UAndroidPermissionCallbackProxy::GetInstance
[2018.12.12-04.46.03:312][  0]LogOcInput: OculusInput pre-init called
[2018.12.12-04.46.03:386][  0]LogEngine: Initializing Engine...
[2018.12.12-04.46.03:387][  0]LogHMD: Failed to initialize OpenVR with code 110
[2018.12.12-04.46.03:389][  0]LogStats: UGameplayTagsManager::ConstructGameplayTagTree: ImportINI prefixes -  0.000 s
[2018.12.12-04.46.03:389][  0]LogStats: UGameplayTagsManager::ConstructGameplayTagTree: Construct from data asset -  0.000 s
[2018.12.12-04.46.03:389][  0]LogStats: UGameplayTagsManager::ConstructGameplayTagTree: ImportINI -  0.000 s
[2018.12.12-04.46.03:389][  0]LogStats: UGameplayTagsManager::ConstructGameplayTagTree: GameplayTagTreeChangedEvent.Broadcast -  0.000 s
[2018.12.12-04.46.03:672][  0]LogInit: Initializing FReadOnlyCVARCache
[2018.12.12-04.46.03:691][  0]LogAIModule: Creating AISystem for world Untitled
[2018.12.12-04.46.03:710][  0]LogInit: XAudio2 using 'Speakers / Headphones (Realtek High Definition Audio)' : 2 channels at 48 kHz using 32 bits per sample (channel mask 0x3)
[2018.12.12-04.46.03:899][  0]LogInit: FAudioDevice initialized.
[2018.12.12-04.46.03:900][  0]LogNetVersion: Set ProjectVersion to 1.0.0.0. Version Checksum will be recalculated on next use.
[2018.12.12-04.46.03:982][  0]LogDerivedDataCache: Saved boot cache 0.08s 71MB C:/Users/pricel2/AppData/Local/UnrealEngine/4.20/DerivedDataCache/Boot.ddc.
[2018.12.12-04.46.04:007][  0]LogInit: Texture streaming: Enabled
[2018.12.12-04.46.04:029][  0]LogEngineSessionManager: EngineSessionManager initialized
[2018.12.12-04.46.04:046][  0]LogInit: Transaction tracking system initialized
[2018.12.12-04.46.04:076][  0]BlueprintLog: New page: Editor Load
[2018.12.12-04.46.04:212][  0]LocalizationService: Localization service is disabled
[2018.12.12-04.46.04:547][  0]LogCook: Display: Max memory allowance for cook 16384mb min free memory 0mb
[2018.12.12-04.46.04:547][  0]LogCook: Display: Mobile HDR setting 1
[2018.12.12-04.46.04:547][  0]LogGameplayTags: Display: UGameplayTagsManager::DoneAddingNativeTags. DelegateIsBound: 0
[2018.12.12-04.46.04:547][  0]LogStats: UGameplayTagsManager::ConstructGameplayTagTree: ImportINI prefixes -  0.000 s
[2018.12.12-04.46.04:547][  0]LogStats: UGameplayTagsManager::ConstructGameplayTagTree: Construct from data asset -  0.000 s
[2018.12.12-04.46.04:547][  0]LogStats: UGameplayTagsManager::ConstructGameplayTagTree: ImportINI -  0.000 s
[2018.12.12-04.46.04:547][  0]LogStats: UGameplayTagsManager::ConstructGameplayTagTree: GameplayTagTreeChangedEvent.Broadcast -  0.000 s
[2018.12.12-04.46.04:671][  0]LogFileCache: Scanning file cache for directory 'C:/Users/pricel2/Documents/project/GD_project4/project4/Content/' took 0.06s
[2018.12.12-04.46.04:684][  0]SourceControl: Source control is disabled
[2018.12.12-04.46.04:684][  0]Cmd: MAP LOAD FILE="../../../../../../Users/pricel2/Documents/project/GD_project4/project4/Content/FirstPersonBP/Maps/FirstPersonExampleMap.umap" TEMPLATE=0 SHOWPROGRESS=1 FEATURELEVEL=3
[2018.12.12-04.46.04:685][  0]LightingResults: New page: Lighting Build
[2018.12.12-04.46.04:692][  0]MapCheck: New page: Map Check
[2018.12.12-04.46.04:692][  0]LightingResults: New page: Lighting Build
[2018.12.12-04.46.05:340][  0]LogAIModule: Creating AISystem for world FirstPersonExampleMap
[2018.12.12-04.46.05:351][  0]LogEditorServer: Finished looking for orphan Actors (0.000 secs)
[2018.12.12-04.46.05:391][  0]Cmd: MAP CHECKDEP NOCLEARLOG
[2018.12.12-04.46.05:490][  0]MapCheck: Map check complete: 0 Error(s), 0 Warning(s), took 98.698ms to complete.
[2018.12.12-04.46.05:490][  0]LogFileHelpers: Loading map 'FirstPersonExampleMap' took 0.805
[2018.12.12-04.46.05:624][  0]LogSlate: Updating window title bar state: overlay mode, drag disabled, window buttons hidden, title bar hidden
[2018.12.12-04.46.05:632][  0]LogSlate: Updating window title bar state: overlay mode, drag disabled, window buttons hidden, title bar hidden
[2018.12.12-04.46.05:640][  0]LogSlate: Updating window title bar state: overlay mode, drag disabled, window buttons hidden, title bar hidden
[2018.12.12-04.46.05:648][  0]LogSlate: Updating window title bar state: overlay mode, drag disabled, window buttons hidden, title bar hidden
[2018.12.12-04.46.05:656][  0]LogCollectionManager: Loaded 0 collections in 0.002441 seconds
[2018.12.12-04.46.05:721][  0]LogFileCache: Scanning file cache for directory 'C:/Users/pricel2/Documents/project/GD_project4/project4/Saved/Collections/' took 0.01s
[2018.12.12-04.46.05:721][  0]LogFileCache: Scanning file cache for directory 'C:/Users/pricel2/Documents/project/GD_project4/project4/Content/Developers/PRICEL2/Collections/' took 0.01s
[2018.12.12-04.46.05:721][  0]LogFileCache: Scanning file cache for directory 'C:/Users/pricel2/Documents/project/GD_project4/project4/Content/Collections/' took 0.01s
[2018.12.12-04.46.05:721][  0]LogCollectionManager: Rebuilt the GUID cache for 0 collections in 0.000000 seconds
[2018.12.12-04.46.05:747][  0]LogContentBrowser: Native class hierarchy populated in 0.0249 seconds. Added 2572 classes and 603 folders.
[2018.12.12-04.46.05:760][  0]LogContentBrowser: Native class hierarchy updated for 'WidgetCarousel' in 0.0004 seconds. Added 0 classes and 0 folders.
[2018.12.12-04.46.05:831][  0]LogContentBrowser: Native class hierarchy updated for 'AddContentDialog' in 0.0003 seconds. Added 0 classes and 0 folders.
[2018.12.12-04.46.05:837][  0]LogContentBrowser: Native class hierarchy updated for 'SceneOutliner' in 0.0003 seconds. Added 1 classes and 2 folders.
[2018.12.12-04.46.05:853][  0]LogSlate: Took 0.000231 seconds to synchronously load lazily loaded font '../../../Engine/Content/Slate/Fonts/Roboto-Regular.ttf' (155K)
[2018.12.12-04.46.05:855][  0]LogSlate: Took 0.000244 seconds to synchronously load lazily loaded font '../../../Engine/Content/Slate/Fonts/Roboto-Bold.ttf' (160K)
[2018.12.12-04.46.05:860][  0]LogSlate: Took 0.000281 seconds to synchronously load lazily loaded font '../../../Engine/Content/Editor/Slate/Fonts/FontAwesome.ttf' (139K)
[2018.12.12-04.46.05:947][  0]LogRenderer: Reallocating scene render targets to support 1084x652 Format 10 NumSamples 1 (Frame:1).
[2018.12.12-04.46.06:025][  0]LogSlate: Took 0.000254 seconds to synchronously load lazily loaded font '../../../Engine/Content/Slate/Fonts/Roboto-Light.ttf' (167K)
[2018.12.12-04.46.06:113][  0]LogContentBrowser: Native class hierarchy updated for 'HierarchicalLODOutliner' in 0.0003 seconds. Added 0 classes and 0 folders.
[2018.12.12-04.46.06:113][  0]LogLoad: (Engine Initialization) Total time: 11.16 seconds
[2018.12.12-04.46.06:113][  0]LogLoad: (Engine Initialization) Total Blueprint compile time: 0.00 seconds
[2018.12.12-04.46.06:124][  0]LogWindowsTextInputMethodSystem: Display: IME system now deactivated.
[2018.12.12-04.46.06:177][  0]LogContentStreaming: Texture pool size now 3000 MB
[2018.12.12-04.46.06:257][  1]LogAssetRegistry: Asset discovery search completed in 5.7629 seconds
[2018.12.12-04.46.06:259][  1]LogCollectionManager: Rebuilt the object cache for 0 collections in 0.000000 seconds (found 0 objects)
[2018.12.12-04.46.06:259][  1]LogCollectionManager: Fixed up redirectors for 0 collections in 0.000051 seconds (updated 0 objects)
[2018.12.12-04.46.09:056][275]LogSlate: FSceneViewport::OnFocusLost() reason 0
[2018.12.12-04.46.09:138][284]AssetReimport: New page: Outstanding source content changes 6:46:09 PM
[2018.12.12-04.46.09:140][284]LogFactory: FactoryCreateFile: StaticMesh with FbxFactory (0 0 C:/Users/pricel2/Documents/project/GD_project4/project4/Content/Geometry/Meshes/Import/paper.fbx)
[2018.12.12-04.46.09:150][284]LogFbx: Loading FBX Scene from C:/Users/pricel2/Documents/project/GD_project4/project4/Content/Geometry/Meshes/Import/paper.fbx
[2018.12.12-04.46.09:160][284]LogFbx: FBX Scene Loaded Succesfully
[2018.12.12-04.46.09:207][284]LogSlate: Took 0.000223 seconds to synchronously load lazily loaded font '../../../Engine/Content/Slate/Fonts/Roboto-Light.ttf' (167K)
[2018.12.12-04.46.11:718][284]LogSlate: Window 'FBX Import Options' being destroyed
[2018.12.12-04.46.11:810][285]LogFileCache: Retrieving MD5 hashes for directory 'C:/Users/pricel2/Documents/project/GD_project4/project4/Content/' took 5.67s
[2018.12.12-04.46.14:812][639]LogFactory: FactoryCreateFile: Texture with ReimportTextureFactory (0 0 C:/Users/pricel2/Documents/project/GD_project4/project4/Content/Geometry/Meshes/Import/paper.fbm/essay.png)
[2018.12.12-04.46.15:013][640]LogSavePackage: Moving '../../../../../../Users/pricel2/Documents/project/GD_project4/project4/Saved/essay0E3C20E64C7A3FE9B08D13AB4BF8649E.tmp' to '../../../../../../Users/pricel2/Documents/project/GD_project4/project4/Content/Geometry/Meshes/Import/paper_fbm/essay.uasset'
[2018.12.12-04.46.18:039][999]AssetReimport: Importing new asset /Game/Geometry/Meshes/Import/paper.
[2018.12.12-04.46.18:039][999]AssetReimport: Failed to import file C:/Users/pricel2/Documents/project/GD_project4/project4/Content/Geometry/Meshes/Import/paper.fbx.
[2018.12.12-04.46.18:039][999]AssetReimport: Importing new asset /Game/Geometry/Meshes/Import/paper_fbm/essay.
[2018.12.12-04.46.24:668][741]LogTexture: Display: Building textures: Texture2D_0 (BGRA8, 128X128)
[2018.12.12-04.46.24:668][741]LogTexture: Display: Building textures: RGBTable16x1 (BGRA8, 256X16)
[2018.12.12-04.46.24:668][741]LogAIModule: Creating AISystem for world NewMap
[2018.12.12-04.46.24:677][741]LogAssetEditorManager: Opening Asset editor for World /Game/Maps/NewMap.NewMap
[2018.12.12-04.46.24:706][741]Cmd: MAP LOAD FILE="../../../../../../Users/pricel2/Documents/project/GD_project4/project4/Content/Maps/NewMap.umap" TEMPLATE=0 SHOWPROGRESS=1 FEATURELEVEL=3
[2018.12.12-04.46.24:706][741]LightingResults: New page: Lighting Build
[2018.12.12-04.46.24:707][741]LoadErrors: New page: Loading map: NewMap.umap
[2018.12.12-04.46.24:707][741]MapCheck: New page: Map Check
[2018.12.12-04.46.24:707][741]LightingResults: New page: Lighting Build
[2018.12.12-04.46.24:760][741]LogEditorServer: Finished looking for orphan Actors (0.000 secs)
[2018.12.12-04.46.24:854][741]Cmd: MAP CHECKDEP NOCLEARLOG
[2018.12.12-04.46.24:980][741]MapCheck: Map check complete: 0 Error(s), 0 Warning(s), took 125.814ms to complete.
[2018.12.12-04.46.24:982][741]LogFileHelpers: Loading map 'NewMap' took 0.277
[2018.12.12-04.46.42:836][845]LogSlate: FSceneViewport::OnFocusLost() reason 0
[2018.12.12-04.46.53:004][906]LogTexture: Display: Building textures: initialShadingGroup_Roughness (AutoDXT, 1024X1024)
[2018.12.12-04.46.53:004][906]LogTexture: Display: Building textures: initialShadingGroup_Metallic (AutoDXT, 1024X1024)
[2018.12.12-04.46.53:004][906]LogTexture: Display: Building textures: initialShadingGroup_Roughness (AutoDXT, 1024X1024)
[2018.12.12-04.46.53:004][906]LogTexture: Display: Building textures: initialShadingGroup_Metallic (AutoDXT, 1024X1024)
[2018.12.12-04.46.53:004][906]LogTexture: Display: Building textures: initialShadingGroup_Normal_OpenGL (BC5, 1024X1024)
[2018.12.12-04.46.53:004][906]LogTexture: Display: Building textures: initialShadingGroup_Normal_OpenGL (BC5, 1024X1024)
[2018.12.12-04.46.53:004][906]LogTexture: Display: Building textures: initialShadingGroup_Base_Color (AutoDXT, 1024X1024)
[2018.12.12-04.46.53:005][906]LogTexture: Display: Building textures: initialShadingGroup_Base_Color (AutoDXT, 1024X1024)
[2018.12.12-04.46.53:165][906]LogStaticMesh: Building static mesh product_pCube3...
[2018.12.12-04.46.53:213][906]LogStaticMesh: Built static mesh [0.05s] /Game/Geometry/Meshes/Import/product_pCube3.product_pCube3
[2018.12.12-04.46.53:219][906]LogStaticMesh: Building static mesh product_pCube2...
[2018.12.12-04.46.53:270][906]LogStaticMesh: Built static mesh [0.05s] /Game/Geometry/Meshes/Import/product_pCube2.product_pCube2
[2018.12.12-04.46.53:585][906]LogAIModule: Creating AISystem for world House
[2018.12.12-04.46.53:591][906]LogMaterial: Warning: Material /Game/StarterContent/Materials/M_Rock_Basalt.M_Rock_Basalt needed to have new flag set bUsedWithSplineMeshes !
[2018.12.12-04.46.53:599][906]LogMaterial: Display: Missing cached shader map for material M_Rock_Basalt, compiling. 
[2018.12.12-04.46.53:697][906]MapCheck: Warning: M_Rock_Basalt Material /Game/StarterContent/Materials/M_Rock_Basalt.M_Rock_Basalt was missing the usage flag bUsedWithSplineMeshes. If the material asset is not re-saved, it may not render correctly when run outside the editor. Fix
[2018.12.12-04.46.53:715][906]LogShaderCompilers: Display: Shaders left to compile 59
[2018.12.12-04.46.53:715][906]LogShaderCompilers: Display: Shaders left to compile 49
[2018.12.12-04.46.53:715][906]LogShaderCompilers: Display: Shaders left to compile 39
[2018.12.12-04.46.53:715][906]LogShaderCompilers: Display: Shaders left to compile 29
[2018.12.12-04.46.53:715][906]LogShaderCompilers: Display: Shaders left to compile 19
[2018.12.12-04.46.53:715][906]LogShaderCompilers: Display: Shaders left to compile 9
[2018.12.12-04.46.53:755][906]LogAssetEditorManager: Opening Asset editor for World /Game/Maps/House.House
[2018.12.12-04.46.53:785][906]Cmd: MAP LOAD FILE="../../../../../../Users/pricel2/Documents/project/GD_project4/project4/Content/Maps/House.umap" TEMPLATE=0 SHOWPROGRESS=1 FEATURELEVEL=3
[2018.12.12-04.46.53:786][906]LightingResults: New page: Lighting Build
[2018.12.12-04.46.53:786][906]LoadErrors: New page: Loading map: House.umap
[2018.12.12-04.46.53:786][906]MapCheck: New page: Map Check
[2018.12.12-04.46.53:786][906]LightingResults: New page: Lighting Build
[2018.12.12-04.46.53:937][906]LogEditorServer: Finished looking for orphan Actors (0.000 secs)
[2018.12.12-04.46.54:016][906]Cmd: MAP CHECKDEP NOCLEARLOG
[2018.12.12-04.46.54:201][906]MapCheck: Map check complete: 0 Error(s), 0 Warning(s), took 184.58ms to complete.
[2018.12.12-04.46.54:202][906]LogFileHelpers: Loading map 'House' took 0.418
[2018.12.12-04.46.59:686][511]LogSlate: Window 'Message Log' being destroyed
[2018.12.12-04.46.59:689][511]LogSlate: Window 'Message Log' being destroyed
[2018.12.12-04.47.36:655][877]LogSlate: FSceneViewport::OnFocusLost() reason 0
[2018.12.12-04.47.43:299][636]LogStaticMesh: Building static mesh house_test_StaticMesh...
[2018.12.12-04.47.43:392][636]LogStaticMesh: Built static mesh [0.09s] /Game/Prefab/house_test_StaticMesh.house_test_StaticMesh
[2018.12.12-04.47.43:437][636]LogActorFactory: Actor Factory created house_test_StaticMesh
[2018.12.12-04.47.52:748][665]LogActorFactory: Actor Factory created house_test_StaticMesh
[2018.12.12-04.48.21:177][844]LogSlate: FSceneViewport::OnFocusLost() reason 0
[2018.12.12-04.48.25:139][284]LogEditorViewport: Clicking on Actor (LMB): Landscape (Landscape2)
[2018.12.12-04.48.39:619][918]LogEditorViewport: Clicking on Actor (LMB): StaticMeshActor (house_test_StaticMesh)
[2018.12.12-04.48.49:794][ 12]LogSlate: FSceneViewport::OnFocusLost() reason 0
[2018.12.12-04.49.15:896][ 20]LogSlate: FSceneViewport::OnFocusLost() reason 2
[2018.12.12-04.49.52:107][223]LogSlate: FSceneViewport::OnFocusLost() reason 0
[2018.12.12-04.50.10:348][276]LogSlate: FSceneViewport::OnFocusLost() reason 0
[2018.12.12-04.50.15:794][894]LogEditorViewport: Clicking on Actor (LMB): StaticMeshActor (chair_pCube7)
[2018.12.12-04.50.19:054][266]LogEditorViewport: Clicking on Actor (LMB): table_Blueprint_C (table_Blueprint)
[2018.12.12-04.50.22:291][632]LogEditorViewport: Clicking on Actor (LMB): bookshelf_Blueprint_C (bookshelf_Blueprint)
[2018.12.12-04.50.23:753][800]LogSlate: FSceneViewport::OnFocusLost() reason 0
[2018.12.12-04.50.30:242][553]EditorErrors: New page: Actor attachment
[2018.12.12-04.50.46:034][361]LogEditorViewport: Clicking on Actor (LMB): cablebox_pCube1_Blueprint_C (cablebox_pCube1_Blueprint)
[2018.12.12-04.50.47:980][583]LogSlate: FSceneViewport::OnFocusLost() reason 0
[2018.12.12-04.50.51:237][965]EditorErrors: New page: Actor attachment
[2018.12.12-04.50.54:212][315]LogEditorViewport: Clicking on Actor (LMB): plant_pPipe1_Blueprint_C (plant_pPipe1_Blueprint)
[2018.12.12-04.50.55:373][448]LogSlate: FSceneViewport::OnFocusLost() reason 0
[2018.12.12-04.50.57:880][735]EditorErrors: New page: Actor attachment
[2018.12.12-04.50.59:749][952]LogEditorViewport: Clicking on Actor (LMB): StaticMeshActor (picture)
[2018.12.12-04.51.00:834][ 69]LogSlate: FSceneViewport::OnFocusLost() reason 0
[2018.12.12-04.51.04:627][513]LogEditorViewport: Clicking on Actor (LMB): cablebox_pCube2_Blueprint_C (cablebox_pCube2_Blueprint)
[2018.12.12-04.51.05:649][629]LogSlate: FSceneViewport::OnFocusLost() reason 0
[2018.12.12-04.51.11:451][305]EditorErrors: New page: Actor attachment
[2018.12.12-04.51.12:781][459]LogSlate: FSceneViewport::OnFocusLost() reason 2
[2018.12.12-04.51.13:565][551]LogEditorViewport: Clicking on Actor (LMB): StaticMeshActor (picture)
[2018.12.12-04.51.14:664][673]LogSlate: FSceneViewport::OnFocusLost() reason 0
[2018.12.12-04.51.31:860][665]EditorErrors: New page: Actor attachment
[2018.12.12-04.51.34:135][931]LogEditorViewport: Clicking on Actor (LMB): bookshelf_Blueprint_C (bookshelf_Blueprint)
[2018.12.12-04.51.35:394][ 72]LogEditorViewport: Clicking on Actor (LMB): chair_pCube6_Blueprint_C (chair_pCube6_Blueprint)
[2018.12.12-04.51.36:668][218]LogSlate: FSceneViewport::OnFocusLost() reason 0
[2018.12.12-04.51.38:338][409]EditorErrors: New page: Actor attachment
[2018.12.12-04.51.40:372][643]LogEditorViewport: Clicking on Actor (LMB): chair_pCube6_Blueprint_C (chair_pCube6_Blueprint2)
[2018.12.12-04.51.41:509][768]LogSlate: FSceneViewport::OnFocusLost() reason 0
[2018.12.12-04.51.43:423][988]EditorErrors: New page: Actor attachment
[2018.12.12-04.51.47:714][449]LogEditorViewport: Clicking on Actor (LMB): lamp_Blueprint_C (lamp_Blueprint)
[2018.12.12-04.51.48:837][575]LogSlate: FSceneViewport::OnFocusLost() reason 0
[2018.12.12-04.51.51:047][825]EditorErrors: New page: Actor attachment
[2018.12.12-04.51.52:317][969]LogEditorViewport: Clicking on Actor (LMB): endtable_pCube5_Blueprint_C (endtable_pCube5_Blueprint)
[2018.12.12-04.51.53:374][ 86]LogSlate: FSceneViewport::OnFocusLost() reason 0
[2018.12.12-04.51.55:828][370]EditorErrors: New page: Actor attachment
[2018.12.12-04.51.56:915][493]LogEditorViewport: Clicking on Actor (LMB): PointLight (PointLight7)
[2018.12.12-04.51.58:431][663]LogSlate: FSceneViewport::OnFocusLost() reason 0
[2018.12.12-04.52.01:456][  6]EditorErrors: New page: Actor attachment
[2018.12.12-04.52.04:008][297]LogEditorViewport: Clicking on Actor (LMB): table_Blueprint_C (table_Blueprint)
[2018.12.12-04.52.05:387][452]LogSlate: FSceneViewport::OnFocusLost() reason 0
[2018.12.12-04.52.11:396][147]LogEditorViewport: Clicking on Actor (LMB): table_Blueprint_C (table_Blueprint)
[2018.12.12-04.52.11:476][153]LogEditorViewport: Clicking on Component (LMB): StaticMeshComponent (StaticMeshComponent0)
[2018.12.12-04.52.12:447][259]LogSlate: FSceneViewport::OnFocusLost() reason 0
[2018.12.12-04.52.16:025][665]EditorErrors: New page: Actor attachment
[2018.12.12-04.52.18:082][899]LogEditorViewport: Clicking on Actor (LMB): mug_pCylinder1_Blueprint_C (mug_pCylinder1_Blueprint)
[2018.12.12-04.52.19:806][ 90]LogSlate: FSceneViewport::OnFocusLost() reason 0
[2018.12.12-04.52.23:138][466]EditorErrors: New page: Actor attachment
[2018.12.12-04.52.24:960][675]LogEditorViewport: Clicking on Actor (LMB): bookfreud_Blueprint_C (bookfreud_Blueprint)
[2018.12.12-04.52.26:886][896]LogEditorViewport: Clicking on Actor (LMB): bookChristmasCarol_Blueprint_C (bookChristmasCarol_Blueprint)
[2018.12.12-04.52.28:286][ 57]LogSlate: FSceneViewport::OnFocusLost() reason 0
[2018.12.12-04.52.28:826][118]EditorErrors: New page: Actor attachment
[2018.12.12-04.52.29:924][247]LogEditorViewport: Clicking on Actor (LMB): chair_pCube6_Blueprint_C (chair_pCube6_Blueprint2)
[2018.12.12-04.52.31:139][383]LogEditorViewport: Clicking on Actor (LMB): chair_pCube6_Blueprint_C (chair_pCube6_Blueprint)
[2018.12.12-04.52.32:880][553]LogEditorViewport: Clicking on Actor (LMB): StaticMeshActor (chair_pCube7)
[2018.12.12-04.52.34:136][681]LogSlate: FSceneViewport::OnFocusLost() reason 0
[2018.12.12-04.52.35:124][796]LogSlate: Took 0.000328 seconds to synchronously load lazily loaded font '../../../Engine/Content/Slate/Fonts/Roboto-Italic.ttf' (157K)
[2018.12.12-04.52.43:344][741]EditorErrors: New page: Actor attachment
[2018.12.12-04.52.45:586][999]LogEditorViewport: Clicking on Actor (LMB): bookshelf_Blueprint_C (bookshelf_Blueprint)
[2018.12.12-04.52.56:681][191]LogEditorViewport: Clicking on Actor (LMB): PlayerStart (Player Start)
[2018.12.12-04.52.58:143][357]LogSlate: FSceneViewport::OnFocusLost() reason 0
[2018.12.12-04.53.13:403][ 88]LogEditorViewport: Clicking on Actor (LMB): Start_collider_C (Start_collider)
[2018.12.12-04.53.14:588][221]LogEditorViewport: Clicking on Actor (LMB): Start_collider_C (Start_collider)
[2018.12.12-04.53.16:404][428]LogSlate: FSceneViewport::OnFocusLost() reason 0
[2018.12.12-04.53.19:743][804]EditorErrors: New page: Actor attachment
[2018.12.12-04.53.24:035][269]LogEditorViewport: Clicking on Actor (LMB): bookshelf_Blueprint_C (bookshelf_Blueprint)
[2018.12.12-04.53.41:455][141]LogEditorViewport: Clicking on Actor (LMB): PointLight (PointLight)
[2018.12.12-04.53.54:105][493]LogEditorViewport: Clicking on Actor (LMB): PointLight (PointLight2)
[2018.12.12-04.54.15:391][735]LogEditorViewport: Clicking on Actor (LMB): bookshelf_Blueprint_C (bookshelf_Blueprint)
[2018.12.12-04.54.34:057][810]LogSlate: FSceneViewport::OnFocusLost() reason 0
[2018.12.12-04.54.47:975][403]LogSlate: FSceneViewport::OnFocusLost() reason 0
[2018.12.12-04.55.13:350][ 82]LogEditorViewport: Clicking on Actor (LMB): StaticMeshActor (tabledinning)
[2018.12.12-04.55.15:903][318]LogEditorViewport: Clicking on Actor (LMB): chairwood_Blueprint_C (chairwood_Blueprint7)
[2018.12.12-04.55.17:539][507]LogSlate: FSceneViewport::OnFocusLost() reason 0
[2018.12.12-04.55.20:096][802]EditorErrors: New page: Actor attachment
[2018.12.12-04.55.21:364][950]LogEditorViewport: Clicking on Actor (LMB): chairwood_Blueprint_C (chairwood_Blueprint3)
[2018.12.12-04.55.22:685][ 99]LogSlate: FSceneViewport::OnFocusLost() reason 0
[2018.12.12-04.55.24:184][274]EditorErrors: New page: Actor attachment
[2018.12.12-04.55.25:655][447]LogEditorViewport: Clicking on Actor (LMB): chairwood_Blueprint_C (chairwood_Blueprint)
[2018.12.12-04.55.26:644][557]LogSlate: FSceneViewport::OnFocusLost() reason 0
[2018.12.12-04.55.28:874][816]EditorErrors: New page: Actor attachment
[2018.12.12-04.55.31:262][ 86]LogEditorViewport: Clicking on Actor (LMB): chairwood_Blueprint_C (chairwood_Blueprint4)
[2018.12.12-04.55.32:244][197]LogSlate: FSceneViewport::OnFocusLost() reason 0
[2018.12.12-04.55.33:771][373]EditorErrors: New page: Actor attachment
[2018.12.12-04.55.35:127][531]LogEditorViewport: Clicking on Actor (LMB): chairwood_Blueprint_C (chairwood_Blueprint5)
[2018.12.12-04.55.36:420][677]LogSlate: FSceneViewport::OnFocusLost() reason 0
[2018.12.12-04.55.38:085][870]EditorErrors: New page: Actor attachment
[2018.12.12-04.55.39:723][ 59]LogEditorViewport: Clicking on Actor (LMB): chairwood_Blueprint_C (chairwood_Blueprint6)
[2018.12.12-04.55.41:706][287]LogSlate: FSceneViewport::OnFocusLost() reason 0
[2018.12.12-04.55.47:490][966]EditorErrors: New page: Actor attachment
[2018.12.12-04.55.49:080][152]LogEditorViewport: Clicking on Actor (LMB): chairwood_Blueprint_C (chairwood_Blueprint7)
[2018.12.12-04.55.50:133][271]LogEditorViewport: Clicking on Actor (LMB): StaticMeshActor (tabledinning)
[2018.12.12-04.56.20:192][604]LogEditorViewport: Clicking on Actor (LMB): StaticMeshActor (phone)
[2018.12.12-04.56.26:840][360]LogSlate: FSceneViewport::OnFocusLost() reason 0
[2018.12.12-04.56.27:834][472]EditorErrors: New page: Actor attachment
[2018.12.12-04.56.31:725][912]LogEditorViewport: Clicking on Actor (LMB): StaticMeshActor (phone)
[2018.12.12-04.57.06:761][834]LogEditorViewport: Clicking on Actor (LMB): Actor (Obstacle1)
[2018.12.12-04.57.12:136][392]LogEditorViewport: Clicking on Actor (LMB): Brush (Box Brush4)
[2018.12.12-04.57.15:617][744]LogEditorViewport: Clicking on Actor (LMB): StaticMeshActor (actual wrench)
[2018.12.12-04.57.49:284][441]LogEditorViewport: Clicking on Actor (LMB): Brush (Box Brush)
[2018.12.12-04.57.50:095][529]LogEditorViewport: Clicking on Actor (LMB): StaticMeshActor (actual product)
[2018.12.12-04.58.15:789][348]LogEditorViewport: Clicking on Actor (LMB): Actor (Obstacle1)
[2018.12.12-04.58.34:959][384]LogSlate: FSceneViewport::OnFocusLost() reason 0
[2018.12.12-04.58.47:066][763]LogEditorViewport: Clicking on Actor (LMB): PlayerStart (Player Start)
[2018.12.12-04.58.49:598][ 54]LogNavigationPoint: PostEditMove Clear paths rebuilt
[2018.12.12-04.58.50:530][160]LogSlate: FSceneViewport::OnFocusLost() reason 0
[2018.12.12-04.58.52:510][393]LogNavigationPoint: PostEditMove Clear paths rebuilt
[2018.12.12-04.58.54:984][652]LogNavigationPoint: PostEditMove Clear paths rebuilt
[2018.12.12-04.58.57:143][877]LogNavigationPoint: PostEditMove Clear paths rebuilt
[2018.12.12-04.59.01:013][286]LogNavigationPoint: PostEditMove Clear paths rebuilt
[2018.12.12-04.59.04:009][587]LogNavigationPoint: PostEditMove Clear paths rebuilt
[2018.12.12-04.59.07:812][986]LogNavigationPoint: PostEditMove Clear paths rebuilt
[2018.12.12-04.59.15:323][802]LogEditorViewport: Clicking on Actor (LMB): PointLight (PointLight3)
[2018.12.12-04.59.42:895][765]LogEditorViewport: Clicking on Actor (LMB): Actor (Level 2 hint)
[2018.12.12-05.00.08:000][501]LogEditorViewport: Clicking on Actor (LMB): StaticMeshActor (counter)
[2018.12.12-05.00.08:825][579]LogEditorViewport: Clicking on Actor (LMB): StaticMeshActor (cabinets)
[2018.12.12-05.00.09:592][663]LogEditorViewport: Clicking on Actor (LMB): StaticMeshActor (counter)
[2018.12.12-05.00.10:966][819]LogSlate: FSceneViewport::OnFocusLost() reason 0
[2018.12.12-05.00.11:735][908]EditorErrors: New page: Actor attachment
[2018.12.12-05.00.13:302][ 87]LogEditorViewport: Clicking on Actor (LMB): StaticMeshActor (counter)
[2018.12.12-05.00.17:181][505]LogEditorViewport: Clicking on Actor (LMB): PointLight (PointLight4)
[2018.12.12-05.00.48:369][798]LogEditorViewport: Clicking on Actor (LMB): StaticMeshActor (counter)
[2018.12.12-05.00.55:551][564]LogEditorViewport: Clicking on Actor (LMB): StaticMeshActor (cabinets)
[2018.12.12-05.01.02:062][254]LogEditorViewport: Clicking on Actor (LMB): PointLight (PointLight5)
[2018.12.12-05.01.32:993][528]LogEditorViewport: Clicking on Actor (LMB): StaticMeshActor (cabinets)
[2018.12.12-05.02.06:118][254]LogSlate: FSceneViewport::OnFocusLost() reason 0
[2018.12.12-05.02.33:855][253]LogEditorViewport: Clicking on Actor (LMB): Actor (Cousin Event Trigger)
[2018.12.12-05.02.56:745][683]LogEditorViewport: Clicking on Actor (LMB): Actor (Pencil_hint)
[2018.12.12-05.02.57:314][733]LogEditorViewport: Clicking on Actor (LMB): table_Blueprint_C (table_Blueprint2)
[2018.12.12-05.02.58:030][811]LogEditorViewport: Clicking on Actor (LMB): table_Blueprint_C (table_Blueprint2)
[2018.12.12-05.02.59:089][933]LogEditorViewport: Clicking on Actor (LMB): Actor (Pencil_hint)
[2018.12.12-05.03.03:758][472]LogSlate: FSceneViewport::OnFocusLost() reason 0
[2018.12.12-05.03.09:134][ 47]LogEditorViewport: Clicking on Actor (LMB): table_Blueprint_C (table_Blueprint3)
[2018.12.12-05.03.12:734][462]LogEditorViewport: Clicking on Actor (LMB): table_Blueprint_C (table_Blueprint3)
[2018.12.12-05.03.13:794][584]LogEditorViewport: Clicking on Actor (LMB): table_Blueprint_C (table_Blueprint3)
[2018.12.12-05.03.14:532][669]LogEditorViewport: Clicking on Actor (LMB): table_Blueprint_C (table_Blueprint3)
[2018.12.12-05.03.15:106][733]LogEditorViewport: Clicking on Actor (LMB): table_Blueprint_C (table_Blueprint3)
[2018.12.12-05.03.23:414][707]LogSlate: FSceneViewport::OnFocusLost() reason 0
[2018.12.12-05.03.30:395][487]LogAssetEditorManager: Opening Asset editor for LevelScriptBlueprint /Game/Maps/House.House:PersistentLevel.House
[2018.12.12-05.03.30:861][487]LogContentBrowser: Native class hierarchy updated for 'BlueprintGraph' in 0.0006 seconds. Added 116 classes and 0 folders.
[2018.12.12-05.03.31:929][487]LogSlate: Took 0.000286 seconds to synchronously load lazily loaded font '../../../Engine/Content/Slate/Fonts/Roboto-BoldCondensed.ttf' (158K)
[2018.12.12-05.06.43:607][407]LogEditorViewport: Clicking on Actor (LMB): StaticMeshActor (shelving)
[2018.12.12-05.06.47:659][830]LogEditorViewport: Clicking on Actor (LMB): table_Blueprint_C (table_Blueprint2)
[2018.12.12-05.06.52:954][424]LogEditorViewport: Clicking on Actor (LMB): table_Blueprint_C (table_Blueprint3)
[2018.12.12-05.06.54:828][636]LogEditorViewport: Clicking on Actor (LMB): table_Blueprint_C (table_Blueprint3)
[2018.12.12-05.06.56:523][831]LogEditorViewport: Clicking on Actor (LMB): StaticMeshActor (shelving)
[2018.12.12-05.06.58:075][  7]LogEditorViewport: Clicking on Actor (LMB): table_Blueprint_C (table_Blueprint3)
[2018.12.12-05.07.02:555][530]LogSlate: FSceneViewport::OnFocusLost() reason 0
[2018.12.12-05.07.03:220][608]EditorErrors: New page: Actor attachment
[2018.12.12-05.08.02:734][535]LogEditorViewport: Clicking on Actor (LMB): StaticMeshActor (house_test_StaticMesh)
[2018.12.12-05.08.11:327][497]LogSlate: FSceneViewport::OnFocusLost() reason 0
[2018.12.12-05.08.11:665][536]LogActorFactory: Actor Factory created house_test_StaticMesh
[2018.12.12-05.08.12:558][626]LogActorFactory: Actor Factory created house_test_StaticMesh
[2018.12.12-05.08.13:886][765]LogActorFactory: Actor Factory created house_test_StaticMesh
[2018.12.12-05.08.14:332][814]LogActorFactory: Actor Factory created house_test_StaticMesh
[2018.12.12-05.08.15:420][915]LogActorFactory: Actor Factory created house_test_StaticMesh
[2018.12.12-05.08.18:735][277]LogSlate: FSceneViewport::OnFocusLost() reason 0
[2018.12.12-05.08.27:334][274]Cmd: DELETE
[2018.12.12-05.08.27:334][274]Cmd: ACTOR DELETE
[2018.12.12-05.08.27:350][274]LogEditorActor: Deleted Actor: PointLight
[2018.12.12-05.08.27:412][274]LogEditorActor: Deleted 1 Actors (0.078 secs)
[2018.12.12-05.08.27:697][307]LogEditorViewport: Clicking on Actor (LMB): StaticMeshActor (house_test_StaticMesh2)
[2018.12.12-05.08.27:815][310]Cmd: DELETE
[2018.12.12-05.08.27:815][310]Cmd: ACTOR DELETE
[2018.12.12-05.08.27:840][310]LogEditorActor: Deleted Actor: StaticMeshActor
[2018.12.12-05.08.27:879][310]LogEditorActor: Deleted 1 Actors (0.064 secs)
[2018.12.12-05.08.44:047][215]LogEditorViewport: Clicking on Actor (LMB): StaticMeshActor (shelving)
[2018.12.12-05.08.51:616][ 87]LogSlate: FSceneViewport::OnFocusLost() reason 2
[2018.12.12-05.08.51:626][ 87]Cmd: OBJ SAVEPACKAGE PACKAGE="/Game/Maps/House" FILE="../../../../../../Users/pricel2/Documents/project/GD_project4/project4/Content/Maps/House.umap" SILENT=true AUTOSAVING=false KEEPDIRTY=false
[2018.12.12-05.08.53:288][ 87]LogSavePackage: Moving '../../../../../../Users/pricel2/Documents/project/GD_project4/project4/Saved/House1B28C6324ADDDE96B98D9787BEB41534.tmp' to '../../../../../../Users/pricel2/Documents/project/GD_project4/project4/Content/Maps/House.umap'
[2018.12.12-05.08.56:242][392]LogSlate: Window 'House - Level Blueprint Editor' being destroyed
[2018.12.12-05.08.56:273][392]LogSlate: Window 'project4 - Unreal Editor' being destroyed
[2018.12.12-05.08.56:274][392]LogWindowsTextInputMethodSystem: Display: IME system now deactivated.
[2018.12.12-05.08.56:485][393]Cmd: QUIT_EDITOR
[2018.12.12-05.08.56:559][393]LogExit: Preparing to exit.
[2018.12.12-05.08.57:592][393]LogExit: Editor shut down
[2018.12.12-05.08.57:592][393]LogExit: Transaction tracking system shut down
[2018.12.12-05.08.58:104][393]LogExit: Object subsystem successfully closed.
[2018.12.12-05.08.58:127][393]LogShaderCompilers: Display: Shaders left to compile 0
[2018.12.12-05.08.58:131][393]LogD3D11RHI: Shutdown
[2018.12.12-05.08.58:131][393]LogD3D11RHI: CleanupD3DDevice
[2018.12.12-05.08.58:134][393]LogD3D11RHI: ~FD3D11DynamicRHI
[2018.12.12-05.08.58:169][393]LogModuleManager: Shutting down and abandoning module BlueprintGraph (614)
[2018.12.12-05.08.58:169][393]LogModuleManager: Shutting down and abandoning module MeshBuilder (612)
[2018.12.12-05.08.58:169][393]LogModuleManager: Shutting down and abandoning module HierarchicalLODOutliner (610)
[2018.12.12-05.08.58:169][393]LogModuleManager: Shutting down and abandoning module SceneOutliner (608)
[2018.12.12-05.08.58:169][393]LogModuleManager: Shutting down and abandoning module AddContentDialog (606)
[2018.12.12-05.08.58:170][393]LogModuleManager: Shutting down and abandoning module WidgetCarousel (605)
[2018.12.12-05.08.58:170][393]LogModuleManager: Shutting down and abandoning module EditorWidgets (602)
[2018.12.12-05.08.58:170][393]LogModuleManager: Shutting down and abandoning module CollectionManager (600)
[2018.12.12-05.08.58:170][393]LogModuleManager: Shutting down and abandoning module StatsViewer (598)
[2018.12.12-05.08.58:170][393]LogModuleManager: Shutting down and abandoning module FoliageEdit (596)
[2018.12.12-05.08.58:170][393]LogModuleManager: Shutting down and abandoning module LandscapeEditor (594)
[2018.12.12-05.08.58:170][393]LogModuleManager: Shutting down and abandoning module MeshPaintMode (592)
[2018.12.12-05.08.58:171][393]LogModuleManager: Shutting down and abandoning module SceneDepthPickerMode (590)
[2018.12.12-05.08.58:171][393]LogModuleManager: Shutting down and abandoning module ActorPickerMode (588)
[2018.12.12-05.08.58:171][393]LogModuleManager: Shutting down and abandoning module GeometryMode (586)
[2018.12.12-05.08.58:171][393]LogModuleManager: Shutting down and abandoning module TextureAlignMode (584)
[2018.12.12-05.08.58:171][393]LogModuleManager: Shutting down and abandoning module BspMode (582)
[2018.12.12-05.08.58:171][393]LogModuleManager: Shutting down and abandoning module PIEPreviewDeviceProfileSelector (580)
[2018.12.12-05.08.58:171][393]LogModuleManager: Shutting down and abandoning module SequenceRecorderSections (578)
[2018.12.12-05.08.58:171][393]LogModuleManager: Shutting down and abandoning module AutomationWorker (576)
[2018.12.12-05.08.58:171][393]LogModuleManager: Shutting down and abandoning module AudioCaptureEditor (574)
[2018.12.12-05.08.58:171][393]LogModuleManager: Shutting down and abandoning module SequenceRecorder (573)
[2018.12.12-05.08.58:171][393]LogModuleManager: Shutting down and abandoning module MatineeToLevelSequence (570)
[2018.12.12-05.08.58:171][393]LogModuleManager: Shutting down and abandoning module LevelSequenceEditor (568)
[2018.12.12-05.08.58:171][393]LogModuleManager: Shutting down and abandoning module PlacementMode (567)
[2018.12.12-05.08.58:171][393]LogModuleManager: Shutting down and abandoning module MaterialEditor (566)
[2018.12.12-05.08.58:171][393]LogModuleManager: Shutting down and abandoning module WmfMediaFactory (562)
[2018.12.12-05.08.58:171][393]LogModuleManager: Shutting down and abandoning module WmfMediaEditor (560)
[2018.12.12-05.08.58:171][393]LogModuleManager: Shutting down and abandoning module MediaPlayerEditor (558)
[2018.12.12-05.08.58:171][393]LogModuleManager: Shutting down and abandoning module OpenExrWrapper (556)
[2018.12.12-05.08.58:171][393]LogModuleManager: Shutting down and abandoning module ImgMediaFactory (554)
[2018.12.12-05.08.58:171][393]LogModuleManager: Shutting down and abandoning module ImgMediaEditor (552)
[2018.12.12-05.08.58:171][393]LogModuleManager: Shutting down and abandoning module AvfMediaFactory (550)
[2018.12.12-05.08.58:171][393]LogModuleManager: Shutting down and abandoning module AvfMediaEditor (548)
[2018.12.12-05.08.58:171][393]LogModuleManager: Shutting down and abandoning module AndroidMediaFactory (546)
[2018.12.12-05.08.58:171][393]LogModuleManager: Shutting down and abandoning module AndroidMediaEditor (544)
[2018.12.12-05.08.58:171][393]LogModuleManager: Shutting down and abandoning module MagicLeapCameraPreviewFactory (542)
[2018.12.12-05.08.58:171][393]LogModuleManager: Shutting down and abandoning module MagicLeapMediaFactory (540)
[2018.12.12-05.08.58:172][393]LogModuleManager: Shutting down and abandoning module MagicLeapMediaEditor (538)
[2018.12.12-05.08.58:172][393]LogModuleManager: Shutting down and abandoning module CharacterAI (536)
[2018.12.12-05.08.58:172][393]LogModuleManager: Shutting down and abandoning module SmartSnapping (534)
[2018.12.12-05.08.58:172][393]LogModuleManager: Shutting down and abandoning module SessionServices (532)
[2018.12.12-05.08.58:172][393]LogModuleManager: Shutting down and abandoning module ViewportSnapping (530)
[2018.12.12-05.08.58:172][393]LogModuleManager: Shutting down and abandoning module ViewportInteraction (528)
[2018.12.12-05.08.58:172][393]LogModuleManager: Shutting down and abandoning module ClothPainter (526)
[2018.12.12-05.08.58:172][393]LogModuleManager: Shutting down and abandoning module SkeletalMeshEditor (525)
[2018.12.12-05.08.58:172][393]LogModuleManager: Shutting down and abandoning module LogVisualizer (522)
[2018.12.12-05.08.58:172][393]LogModuleManager: Shutting down and abandoning module IntroTutorials (520)
[2018.12.12-05.08.58:172][393]LogModuleManager: Shutting down and abandoning module GameProjectGeneration (519)
[2018.12.12-05.08.58:172][393]LogModuleManager: Shutting down and abandoning module LuminPlatformEditor (516)
[2018.12.12-05.08.58:172][393]LogModuleManager: Shutting down and abandoning module IOSPlatformEditor (514)
[2018.12.12-05.08.58:172][393]LogModuleManager: Shutting down and abandoning module HTML5PlatformEditor (512)
[2018.12.12-05.08.58:172][393]LogModuleManager: Shutting down and abandoning module AndroidPlatformEditor (510)
[2018.12.12-05.08.58:172][393]LogModuleManager: Shutting down and abandoning module AndroidDeviceDetection (509)
[2018.12.12-05.08.58:932][393]LogModuleManager: Shutting down and abandoning module WindowsPlatformEditor (506)
[2018.12.12-05.08.58:932][393]LogModuleManager: Shutting down and abandoning module LuminRuntimeSettings (504)
[2018.12.12-05.08.58:932][393]LogModuleManager: Shutting down and abandoning module IOSRuntimeSettings (502)
[2018.12.12-05.08.58:932][393]LogModuleManager: Shutting down and abandoning module AndroidRuntimeSettings (500)
[2018.12.12-05.08.58:932][393]LogModuleManager: Shutting down and abandoning module InputBindingEditor (498)
[2018.12.12-05.08.58:932][393]LogModuleManager: Shutting down and abandoning module MergeActors (496)
[2018.12.12-05.08.58:932][393]LogModuleManager: Shutting down and abandoning module LocalizationDashboard (494)
[2018.12.12-05.08.58:932][393]LogModuleManager: Shutting down and abandoning module LocalizationService (493)
[2018.12.12-05.08.58:932][393]LogModuleManager: Shutting down and abandoning module HardwareTargeting (490)
[2018.12.12-05.08.58:932][393]LogModuleManager: Shutting down and abandoning module DeviceProfileEditor (488)
[2018.12.12-05.08.58:932][393]LogModuleManager: Shutting down and abandoning module UndoHistory (486)
[2018.12.12-05.08.58:932][393]LogModuleManager: Shutting down and abandoning module XmlParser (484)
[2018.12.12-05.08.58:932][393]LogModuleManager: Shutting down and abandoning module Blutility (482)
[2018.12.12-05.08.58:932][393]LogModuleManager: Shutting down and abandoning module ProjectSettingsViewer (480)
[2018.12.12-05.08.58:932][393]LogModuleManager: Shutting down and abandoning module ProjectTargetPlatformEditor (479)
[2018.12.12-05.08.58:933][393]LogModuleManager: Shutting down and abandoning module EditorSettingsViewer (476)
[2018.12.12-05.08.58:933][393]LogModuleManager: Shutting down and abandoning module SettingsEditor (474)
[2018.12.12-05.08.58:933][393]LogModuleManager: Shutting down and abandoning module ProjectLauncher (472)
[2018.12.12-05.08.58:933][393]LogModuleManager: Shutting down and abandoning module SessionFrontend (470)
[2018.12.12-05.08.58:933][393]LogModuleManager: Shutting down and abandoning module ProfilerClient (468)
[2018.12.12-05.08.58:933][393]LogModuleManager: Shutting down and abandoning module DeviceManager (466)
[2018.12.12-05.08.58:933][393]LogModuleManager: Shutting down and abandoning module TargetDeviceServices (465)
[2018.12.12-05.08.58:988][393]LogModuleManager: Shutting down and abandoning module AutomationController (462)
[2018.12.12-05.08.58:988][393]LogModuleManager: Shutting down and abandoning module AutomationWindow (460)
[2018.12.12-05.08.58:988][393]LogModuleManager: Shutting down and abandoning module Layers (458)
[2018.12.12-05.08.58:988][393]LogModuleManager: Shutting down and abandoning module ComponentVisualizers (456)
[2018.12.12-05.08.58:988][393]LogModuleManager: Shutting down and abandoning module DetailCustomizations (454)
[2018.12.12-05.08.58:988][393]LogModuleManager: Shutting down and abandoning module PackagesDialog (452)
[2018.12.12-05.08.58:988][393]LogModuleManager: Shutting down and abandoning module Persona (450)
[2018.12.12-05.08.58:989][393]LogModuleManager: Shutting down and abandoning module AdvancedPreviewScene (449)
[2018.12.12-05.08.58:989][393]LogModuleManager: Shutting down and abandoning module AnimGraph (447)
[2018.12.12-05.08.58:989][393]LogModuleManager: Shutting down and abandoning module Kismet (444)
[2018.12.12-05.08.59:002][393]LogModuleManager: Shutting down and abandoning module GraphEditor (442)
[2018.12.12-05.08.59:002][393]LogModuleManager: Shutting down and abandoning module ClassViewer (440)
[2018.12.12-05.08.59:002][393]LogModuleManager: Shutting down and abandoning module Toolbox (438)
[2018.12.12-05.08.59:002][393]LogModuleManager: Shutting down and abandoning module ModuleUI (436)
[2018.12.12-05.08.59:002][393]LogModuleManager: Shutting down and abandoning module MovieSceneTools (434)
[2018.12.12-05.08.59:003][393]LogModuleManager: Shutting down and abandoning module OutputLog (432)
[2018.12.12-05.08.59:003][393]LogModuleManager: Shutting down and abandoning module GammaUI (430)
[2018.12.12-05.08.59:003][393]LogModuleManager: Shutting down and abandoning module Documentation (428)
[2018.12.12-05.08.59:003][393]LogModuleManager: Shutting down and abandoning module MovieSceneTracks (426)
[2018.12.12-05.08.59:003][393]LogModuleManager: Shutting down and abandoning module MovieScene (424)
[2018.12.12-05.08.59:003][393]LogModuleManager: Shutting down and abandoning module StreamingPauseRendering (422)
[2018.12.12-05.08.59:003][393]LogModuleManager: Shutting down and abandoning module LauncherPlatform (420)
[2018.12.12-05.08.59:003][393]LogModuleManager: Shutting down and abandoning module AnalyticsET (418)
[2018.12.12-05.08.59:003][393]LogModuleManager: Shutting down and abandoning module PortalServices (416)
[2018.12.12-05.08.59:003][393]LogModuleManager: Shutting down and abandoning module PortalRpc (414)
[2018.12.12-05.08.59:003][393]LogModuleManager: Shutting down and abandoning module MessagingRpc (412)
[2018.12.12-05.08.59:003][393]LogModuleManager: Shutting down and abandoning module AIModule (410)
[2018.12.12-05.08.59:003][393]LogModuleManager: Shutting down and abandoning module GameplayDebugger (409)
[2018.12.12-05.08.59:004][393]LogModuleManager: Shutting down and abandoning module AITestSuite (407)
[2018.12.12-05.08.59:004][393]LogModuleManager: Shutting down and abandoning module NavigationSystem (405)
[2018.12.12-05.08.59:004][393]LogModuleManager: Shutting down and abandoning module DesktopPlatform (402)
[2018.12.12-05.08.59:004][393]LogModuleManager: Shutting down and abandoning module ProfilerService (400)
[2018.12.12-05.08.59:120][393]LogModuleManager: Shutting down and abandoning module TaskGraph (398)
[2018.12.12-05.08.59:120][393]LogModuleManager: Shutting down and abandoning module SteamVRController (396)
[2018.12.12-05.08.59:120][393]LogModuleManager: Shutting down and abandoning module ProceduralMeshComponentEditor (394)
[2018.12.12-05.08.59:120][393]LogModuleManager: Shutting down and abandoning module ProceduralMeshComponent (392)
[2018.12.12-05.08.59:120][393]LogModuleManager: Shutting down and abandoning module OculusInput (390)
[2018.12.12-05.08.59:120][393]LogModuleManager: Shutting down and abandoning module MobilePatchingUtils (388)
[2018.12.12-05.08.59:120][393]LogModuleManager: Shutting down and abandoning module EditableMesh (386)
[2018.12.12-05.08.59:120][393]LogModuleManager: Shutting down and abandoning module CustomMeshComponent (384)
[2018.12.12-05.08.59:120][393]LogModuleManager: Shutting down and abandoning module CableComponent (382)
[2018.12.12-05.08.59:120][393]LogModuleManager: Shutting down and abandoning module AudioCapture (380)
[2018.12.12-05.08.59:120][393]LogModuleManager: Shutting down and abandoning module ArchVisCharacter (378)
[2018.12.12-05.08.59:120][393]LogModuleManager: Shutting down and abandoning module AndroidPermission (376)
[2018.12.12-05.08.59:120][393]LogModuleManager: Shutting down and abandoning module NUTUnrealEngine4 (374)
[2018.12.12-05.08.59:120][393]LogModuleManager: Shutting down and abandoning module NetcodeUnitTest (372)
[2018.12.12-05.08.59:121][393]LogModuleManager: Shutting down and abandoning module MediaCompositingEditor (370)
[2018.12.12-05.08.59:121][393]LogModuleManager: Shutting down and abandoning module MediaCompositing (368)
[2018.12.12-05.08.59:121][393]LogModuleManager: Shutting down and abandoning module LinearTimecode (366)
[2018.12.12-05.08.59:121][393]LogModuleManager: Shutting down and abandoning module ImgMedia (364)
[2018.12.12-05.08.59:127][393]LogModuleManager: Shutting down and abandoning module HTML5Networking (362)
[2018.12.12-05.08.59:128][393]LogModuleManager: Shutting down and abandoning module GeometryCacheTracks (360)
[2018.12.12-05.08.59:128][393]LogModuleManager: Shutting down and abandoning module GeometryCacheSequencer (358)
[2018.12.12-05.08.59:128][393]LogModuleManager: Shutting down and abandoning module BackChannel (356)
[2018.12.12-05.08.59:128][393]LogModuleManager: Shutting down and abandoning module AppleVision (354)
[2018.12.12-05.08.59:128][393]LogModuleManager: Shutting down and abandoning module AppleImageUtils (352)
[2018.12.12-05.08.59:128][393]LogModuleManager: Shutting down and abandoning module AlembicImporter (350)
[2018.12.12-05.08.59:128][393]LogModuleManager: Shutting down and abandoning module AlembicLibrary (349)
[2018.12.12-05.08.59:128][393]LogModuleManager: Shutting down and abandoning module GeometryCache (348)
[2018.12.12-05.08.59:128][393]LogModuleManager: Shutting down and abandoning module GeometryCacheEd (347)
[2018.12.12-05.08.59:128][393]LogModuleManager: Shutting down and abandoning module DatasmithContentEditor (342)
[2018.12.12-05.08.59:128][393]LogModuleManager: Shutting down and abandoning module DatasmithContent (340)
[2018.12.12-05.08.59:136][393]LogModuleManager: Shutting down and abandoning module SpeedTreeImporter (338)
[2018.12.12-05.08.59:136][393]LogModuleManager: Shutting down and abandoning module PluginBrowser (336)
[2018.12.12-05.08.59:136][393]LogModuleManager: Shutting down and abandoning module MobileLauncherProfileWizard (334)
[2018.12.12-05.08.59:136][393]LogModuleManager: Shutting down and abandoning module PolygonModeling (332)
[2018.12.12-05.08.59:136][393]LogModuleManager: Shutting down and abandoning module MeshEditor (330)
[2018.12.12-05.08.59:136][393]LogModuleManager: Shutting down and abandoning module CryptoKeysOpenSSL (328)
[2018.12.12-05.08.59:136][393]LogModuleManager: Shutting down and abandoning module CryptoKeys (326)
[2018.12.12-05.08.59:136][393]LogModuleManager: Shutting down and abandoning module VisualStudioSourceCodeAccess (324)
[2018.12.12-05.08.59:137][393]LogModuleManager: Shutting down and abandoning module VisualStudioCodeSourceCodeAccess (322)
[2018.12.12-05.08.59:137][393]LogModuleManager: Shutting down and abandoning module UObjectPlugin (320)
[2018.12.12-05.08.59:137][393]LogModuleManager: Shutting down and abandoning module SubversionSourceControl (318)
[2018.12.12-05.08.59:137][393]LogModuleManager: Shutting down and abandoning module PerforceSourceControl (316)
[2018.12.12-05.08.59:137][393]LogModuleManager: Shutting down and abandoning module GitSourceControl (314)
[2018.12.12-05.08.59:137][393]LogModuleManager: Shutting down and abandoning module SourceControl (313)
[2018.12.12-05.08.59:137][393]LogModuleManager: Shutting down and abandoning module CLionSourceCodeAccess (310)
[2018.12.12-05.08.59:137][393]LogModuleManager: Shutting down and abandoning module LightPropagationVolumeEditor (308)
[2018.12.12-05.08.59:137][393]LogModuleManager: Shutting down and abandoning module PaperTiledImporter (306)
[2018.12.12-05.08.59:137][393]LogModuleManager: Shutting down and abandoning module PaperSpriteSheetImporter (304)
[2018.12.12-05.08.59:137][393]LogModuleManager: Shutting down and abandoning module Paper2DEditor (302)
[2018.12.12-05.08.59:137][393]LogModuleManager: Shutting down and abandoning module MeshPaint (301)
[2018.12.12-05.08.59:137][393]LogModuleManager: Shutting down and abandoning module RuntimePhysXCooking (298)
[2018.12.12-05.08.59:137][393]LogModuleManager: Shutting down and abandoning module PhysXVehiclesEditor (296)
[2018.12.12-05.08.59:137][393]LogModuleManager: Shutting down and abandoning module PhysXVehicles (294)
[2018.12.12-05.08.59:137][393]LogModuleManager: Shutting down and abandoning module OculusEditor (292)
[2018.12.12-05.08.59:137][393]LogModuleManager: Shutting down and abandoning module LocationServicesBPLibrary (290)
[2018.12.12-05.08.59:137][393]LogModuleManager: Shutting down and abandoning module ImmediatePhysicsEditor (288)
[2018.12.12-05.08.59:137][393]LogModuleManager: Shutting down and abandoning module ImmediatePhysics (286)
[2018.12.12-05.08.59:137][393]LogModuleManager: Shutting down and abandoning module ActorSequence (284)
[2018.12.12-05.08.59:137][393]LogModuleManager: Shutting down and abandoning module UdpMessaging (282)
[2018.12.12-05.08.59:238][393]LogModuleManager: Shutting down and abandoning module TcpMessaging (280)
[2018.12.12-05.08.59:338][393]LogModuleManager: Shutting down and abandoning module MagicLeapAudio (278)
[2018.12.12-05.08.59:338][393]LogModuleManager: Shutting down and abandoning module GameplayTagsEditor (276)
[2018.12.12-05.08.59:338][393]LogModuleManager: Shutting down and abandoning module FacialAnimationEditor (274)
[2018.12.12-05.08.59:338][393]LogModuleManager: Shutting down and abandoning module FacialAnimation (272)
[2018.12.12-05.08.59:338][393]LogModuleManager: Shutting down and abandoning module DataValidation (270)
[2018.12.12-05.08.59:338][393]LogModuleManager: Shutting down and abandoning module AssetManagerEditor (268)
[2018.12.12-05.08.59:338][393]LogModuleManager: Shutting down and abandoning module LevelEditor (267)
[2018.12.12-05.08.59:340][393]LogModuleManager: Shutting down and abandoning module PixelInspectorModule (266)
[2018.12.12-05.08.59:340][393]LogModuleManager: Shutting down and abandoning module CommonMenuExtensions (264)
[2018.12.12-05.08.59:340][393]LogModuleManager: Shutting down and abandoning module MainFrame (262)
[2018.12.12-05.08.59:340][393]LogModuleManager: Shutting down and abandoning module HotReload (261)
[2018.12.12-05.08.59:341][393]LogModuleManager: Shutting down and abandoning module ContentBrowser (257)
[2018.12.12-05.08.59:343][393]LogModuleManager: Shutting down and abandoning module TreeMap (255)
[2018.12.12-05.08.59:343][393]LogModuleManager: Shutting down and abandoning module LightPropagationVolumeRuntime (252)
[2018.12.12-05.08.59:343][393]LogModuleManager: Shutting down and abandoning module AISupportModule (250)
[2018.12.12-05.08.59:343][393]LogModuleManager: Shutting down and abandoning module Paper2D (248)
[2018.12.12-05.08.59:343][393]LogModuleManager: Shutting down and abandoning module WindowsMoviePlayer (246)
[2018.12.12-05.08.59:344][393]LogModuleManager: Shutting down and abandoning module WmfMedia (244)
[2018.12.12-05.08.59:346][393]LogModuleManager: Shutting down and abandoning module Media (243)
[2018.12.12-05.08.59:352][393]LogModuleManager: Shutting down and abandoning module PacketHandler (240)
[2018.12.12-05.08.59:353][393]LogModuleManager: Shutting down and abandoning module ClothingSystemEditor (238)
[2018.12.12-05.08.59:353][393]LogModuleManager: Shutting down and abandoning module ClothingSystemRuntime (236)
[2018.12.12-05.08.59:353][393]LogModuleManager: Shutting down and abandoning module MediaAssets (234)
[2018.12.12-05.08.59:353][393]LogModuleManager: Shutting down and abandoning module Overlay (232)
[2018.12.12-05.08.59:353][393]LogModuleManager: Shutting down and abandoning module OverlayEditor (231)
[2018.12.12-05.08.59:353][393]LogModuleManager: Shutting down and abandoning module VREditor (228)
[2018.12.12-05.08.59:353][393]LogModuleManager: Shutting down and abandoning module StringTableEditor (226)
[2018.12.12-05.08.59:353][393]LogModuleManager: Shutting down and abandoning module GameplayTasksEditor (224)
[2018.12.12-05.08.59:353][393]LogModuleManager: Shutting down and abandoning module BehaviorTreeEditor (222)
[2018.12.12-05.08.59:353][393]LogModuleManager: Shutting down and abandoning module FunctionalTesting (220)
[2018.12.12-05.08.59:353][393]LogModuleManager: Shutting down and abandoning module CollisionAnalyzer (218)
[2018.12.12-05.08.59:353][393]LogModuleManager: Shutting down and abandoning module WorkspaceMenuStructure (217)
[2018.12.12-05.08.59:353][393]LogModuleManager: Shutting down and abandoning module UMG (214)
[2018.12.12-05.08.59:353][393]LogModuleManager: Shutting down and abandoning module UMGEditor (213)
[2018.12.12-05.08.59:353][393]LogModuleManager: Shutting down and abandoning module Sequencer (212)
[2018.12.12-05.08.59:354][393]LogModuleManager: Shutting down and abandoning module MessageLog (209)
[2018.12.12-05.08.59:354][393]LogModuleManager: Shutting down and abandoning module SlateReflector (204)
[2018.12.12-05.08.59:354][393]LogModuleManager: Shutting down and abandoning module Slate (202)
[2018.12.12-05.08.59:354][393]LogModuleManager: Shutting down and abandoning module EditorStyle (200)
[2018.12.12-05.08.59:358][393]LogModuleManager: Shutting down and abandoning module MRMesh (198)
[2018.12.12-05.08.59:358][393]LogModuleManager: Shutting down and abandoning module SourceCodeAccess (196)
[2018.12.12-05.08.59:358][393]LogModuleManager: Shutting down and abandoning module HeadMountedDisplay (194)
[2018.12.12-05.08.59:358][393]LogModuleManager: Shutting down and abandoning module XAudio2 (192)
[2018.12.12-05.08.59:358][393]LogModuleManager: Shutting down and abandoning module Networking (190)
[2018.12.12-05.08.59:358][393]LogModuleManager: Shutting down and abandoning module Core (188)
[2018.12.12-05.08.59:358][393]LogModuleManager: Shutting down and abandoning module LevelSequence (186)
[2018.12.12-05.08.59:358][393]LogModuleManager: Shutting down and abandoning module KismetCompiler (184)
[2018.12.12-05.08.59:358][393]LogModuleManager: Shutting down and abandoning module MeshUtilities (182)
[2018.12.12-05.08.59:358][393]LogModuleManager: Shutting down and abandoning module MeshMergeUtilities (181)
[2018.12.12-05.08.59:358][393]LogModuleManager: Shutting down and abandoning module MeshReductionInterface (180)
[2018.12.12-05.08.59:358][393]LogModuleManager: Shutting down and abandoning module SimplygonSwarm (179)
[2018.12.12-05.08.59:358][393]LogModuleManager: Shutting down and abandoning module ProxyLODMeshReduction (177)
[2018.12.12-05.08.59:358][393]LogModuleManager: Shutting down and abandoning module SimplygonMeshReduction (175)
[2018.12.12-05.08.59:358][393]LogModuleManager: Shutting down and abandoning module QuadricMeshReduction (173)
[2018.12.12-05.08.59:358][393]LogModuleManager: Shutting down and abandoning module MaterialBaking (169)
[2018.12.12-05.08.59:359][393]LogModuleManager: Shutting down and abandoning module DirectoryWatcher (165)
[2018.12.12-05.08.59:359][393]LogModuleManager: Shutting down and abandoning module DerivedDataCache (162)
[2018.12.12-05.08.59:368][393]LogDerivedDataCache: Shutdown
[2018.12.12-05.08.59:369][393]LogModuleManager: Shutting down and abandoning module XGEController (160)
[2018.12.12-05.08.59:369][393]LogModuleManager: Shutting down and abandoning module TargetPlatform (158)
[2018.12.12-05.08.59:369][393]LogModuleManager: Shutting down and abandoning module VulkanShaderFormat (157)
[2018.12.12-05.08.59:369][393]LogModuleManager: Shutting down and abandoning module ShaderFormatVectorVM (155)
[2018.12.12-05.08.59:369][393]LogModuleManager: Shutting down and abandoning module ShaderFormatOpenGL (153)
[2018.12.12-05.08.59:369][393]LogModuleManager: Shutting down and abandoning module ShaderFormatD3D (151)
[2018.12.12-05.08.59:369][393]LogModuleManager: Shutting down and abandoning module MetalShaderFormat (149)
[2018.12.12-05.08.59:369][393]LogModuleManager: Shutting down and abandoning module TextureFormatUncompressed (147)
[2018.12.12-05.08.59:369][393]LogModuleManager: Shutting down and abandoning module TextureFormatPVR (145)
[2018.12.12-05.08.59:369][393]LogModuleManager: Shutting down and abandoning module TextureFormatDXT (143)
[2018.12.12-05.08.59:369][393]LogModuleManager: Shutting down and abandoning module TextureFormatIntelISPCTexComp (141)
[2018.12.12-05.08.59:369][393]LogModuleManager: Shutting down and abandoning module TextureFormatASTC (139)
[2018.12.12-05.08.59:369][393]LogModuleManager: Shutting down and abandoning module ImageWrapper (138)
[2018.12.12-05.08.59:369][393]LogModuleManager: Shutting down and abandoning module TextureFormatAndroid (135)
[2018.12.12-05.08.59:370][393]LogModuleManager: Shutting down and abandoning module AudioFormatOpus (133)
[2018.12.12-05.08.59:370][393]LogModuleManager: Shutting down and abandoning module AudioFormatOgg (131)
[2018.12.12-05.08.59:370][393]LogModuleManager: Shutting down and abandoning module AudioFormatADPCM (129)
[2018.12.12-05.08.59:370][393]LogModuleManager: Shutting down and abandoning module LuminTargetPlatform (127)
[2018.12.12-05.08.59:370][393]LogModuleManager: Shutting down and abandoning module LinuxTargetPlatform (125)
[2018.12.12-05.08.59:370][393]LogModuleManager: Shutting down and abandoning module LinuxServerTargetPlatform (123)
[2018.12.12-05.08.59:370][393]LogModuleManager: Shutting down and abandoning module LinuxNoEditorTargetPlatform (121)
[2018.12.12-05.08.59:370][393]LogModuleManager: Shutting down and abandoning module LinuxClientTargetPlatform (119)
[2018.12.12-05.08.59:370][393]LogModuleManager: Shutting down and abandoning module TVOSTargetPlatform (117)
[2018.12.12-05.08.59:372][393]LogModuleManager: Shutting down and abandoning module Messaging (115)
[2018.12.12-05.08.59:372][393]LogModuleManager: Shutting down and abandoning module IOSTargetPlatform (113)
[2018.12.12-05.08.59:373][393]LogModuleManager: Shutting down and abandoning module HTML5TargetPlatform (111)
[2018.12.12-05.08.59:373][393]LogModuleManager: Shutting down and abandoning module AndroidTargetPlatform (109)
[2018.12.12-05.08.59:381][393]LogModuleManager: Shutting down and abandoning module WindowsTargetPlatform (107)
[2018.12.12-05.08.59:381][393]LogModuleManager: Shutting down and abandoning module WindowsServerTargetPlatform (105)
[2018.12.12-05.08.59:381][393]LogModuleManager: Shutting down and abandoning module WindowsNoEditorTargetPlatform (103)
[2018.12.12-05.08.59:381][393]LogModuleManager: Shutting down and abandoning module WindowsClientTargetPlatform (101)
[2018.12.12-05.08.59:381][393]LogModuleManager: Shutting down and abandoning module MacTargetPlatform (99)
[2018.12.12-05.08.59:381][393]LogModuleManager: Shutting down and abandoning module MacServerTargetPlatform (97)
[2018.12.12-05.08.59:381][393]LogModuleManager: Shutting down and abandoning module MacNoEditorTargetPlatform (95)
[2018.12.12-05.08.59:381][393]LogModuleManager: Shutting down and abandoning module MacClientTargetPlatform (93)
[2018.12.12-05.08.59:381][393]LogModuleManager: Shutting down and abandoning module AllDesktopTargetPlatform (91)
[2018.12.12-05.08.59:381][393]LogModuleManager: Shutting down and abandoning module InputCore (88)
[2018.12.12-05.08.59:381][393]LogModuleManager: Shutting down and abandoning module Settings (86)
[2018.12.12-05.08.59:381][393]LogModuleManager: Shutting down and abandoning module PhysXCooking (84)
[2018.12.12-05.08.59:381][393]LogModuleManager: Shutting down and abandoning module SteamVR (82)
[2018.12.12-05.08.59:381][393]LogModuleManager: Shutting down and abandoning module OculusHMD (80)
[2018.12.12-05.08.59:381][393]LogModuleManager: Shutting down and abandoning module ExampleDeviceProfileSelector (78)
[2018.12.12-05.08.59:381][393]LogModuleManager: Shutting down and abandoning module LauncherChunkInstaller (76)
[2018.12.12-05.08.59:381][393]LogModuleManager: Shutting down and abandoning module OnlineBlueprintSupport (74)
[2018.12.12-05.08.59:381][393]LogModuleManager: Shutting down and abandoning module OnlineSubsystem (70)
[2018.12.12-05.08.59:383][393]LogModuleManager: Shutting down and abandoning module XMPP (65)
[2018.12.12-05.08.59:383][393]LogModuleManager: Shutting down and abandoning module WebSockets (64)
[2018.12.12-05.08.59:422][393]LogModuleManager: Shutting down and abandoning module HTTP (61)
[2018.12.12-05.08.59:422][393]LogHttp: Display: Http module shutting down, but needs to wait on 1 outstanding Http requests:
[2018.12.12-05.08.59:422][393]LogHttp: Display: 	verb=[POST] url=[https://datarouter.ol.epicgames.com/datarouter/api/v1/public/data?SessionID=%7B3175D4EB-42D7-44B4-385C-BD85F191252C%7D&AppID=UEEditor.Rocket.Release&AppVersion=4.20.1-4233996%2B%2B%2BUE4%2BRelease-4.20&UserID=02cf09b74b68492ee1f8a9afd2d72da1%7Cbcb4224273044665b67c0bf5e83c5629%7Cf34a2fd1-1eac-4242-8d09-28718cf91094&AppEnvironment=datacollector-binary&UploadType=eteventstream] status=Processing
[2018.12.12-05.08.59:442][393]LogModuleManager: Shutting down and abandoning module SSL (60)
[2018.12.12-05.08.59:444][393]LogModuleManager: Shutting down and abandoning module MagicLeapEmulator (56)
[2018.12.12-05.08.59:445][393]LogModuleManager: Shutting down and abandoning module MagicLeapPrivileges (54)
[2018.12.12-05.08.59:445][393]LogModuleManager: Shutting down and abandoning module MagicLeapIdentity (52)
[2018.12.12-05.08.59:445][393]LogModuleManager: Shutting down and abandoning module MagicLeapHelperVulkan (50)
[2018.12.12-05.08.59:445][393]LogModuleManager: Shutting down and abandoning module MagicLeapHelperOpenGL (48)
[2018.12.12-05.08.59:445][393]LogModuleManager: Shutting down and abandoning module MagicLeapSecureStorage (46)
[2018.12.12-05.08.59:445][393]LogModuleManager: Shutting down and abandoning module MagicLeapGestures (44)
[2018.12.12-05.08.59:445][393]LogModuleManager: Shutting down and abandoning module MagicLeapEyeTracker (42)
[2018.12.12-05.08.59:445][393]LogModuleManager: Shutting down and abandoning module MagicLeapController (40)
[2018.12.12-05.08.59:445][393]LogSlate: Slate User Destroyed.  User Index 0, Is Virtual User: 0
[2018.12.12-05.08.59:445][393]LogModuleManager: Shutting down and abandoning module MagicLeap (38)
[2018.12.12-05.08.59:445][393]LogModuleManager: Shutting down and abandoning module AnimationModifiers (36)
[2018.12.12-05.08.59:445][393]LogModuleManager: Shutting down and abandoning module PropertyEditor (35)
[2018.12.12-05.08.59:446][393]LogModuleManager: Shutting down and abandoning module AudioEditor (32)
[2018.12.12-05.08.59:446][393]LogModuleManager: Shutting down and abandoning module TextureCompressor (30)
[2018.12.12-05.08.59:446][393]LogModuleManager: Shutting down and abandoning module ShaderCore (28)
[2018.12.12-05.08.59:446][393]LogModuleManager: Shutting down and abandoning module Landscape (26)
[2018.12.12-05.08.59:446][393]LogModuleManager: Shutting down and abandoning module SlateRHIRenderer (24)
[2018.12.12-05.08.59:447][393]LogModuleManager: Shutting down and abandoning module OpenGLDrv (22)
[2018.12.12-05.08.59:447][393]LogModuleManager: Shutting down and abandoning module D3D11RHI (20)
[2018.12.12-05.08.59:447][393]LogModuleManager: Shutting down and abandoning module AnimGraphRuntime (18)
[2018.12.12-05.08.59:447][393]LogModuleManager: Shutting down and abandoning module Renderer (16)
[2018.12.12-05.08.59:447][393]LogModuleManager: Shutting down and abandoning module Engine (14)
[2018.12.12-05.08.59:447][393]LogModuleManager: Shutting down and abandoning module CoreUObject (12)
[2018.12.12-05.08.59:447][393]LogModuleManager: Shutting down and abandoning module NetworkFile (10)
[2018.12.12-05.08.59:447][393]LogModuleManager: Shutting down and abandoning module CookedIterativeFile (8)
[2018.12.12-05.08.59:447][393]LogModuleManager: Shutting down and abandoning module StreamingFile (6)
[2018.12.12-05.08.59:447][393]LogModuleManager: Shutting down and abandoning module SandboxFile (4)
[2018.12.12-05.08.59:447][393]LogModuleManager: Shutting down and abandoning module PakFile (2)
[2018.12.12-05.08.59:469][393]LogExit: Exiting.
[2018.12.12-05.08.59:519][393]Log file closed, 12/12/18 00:08:59
